{
  "numTotalTests": 39,
  "numPassedTests": 39,
  "numFailedTests": 0,
  "numPendingTests": 0,
  "startTime": "2025-06-25T13:49:30.666Z",
  "endTime": "2025-06-25T13:49:43.515Z",
  "testResults": [
    {
      "testFilePath": "D:\\2-Maguru\\maguru\\features\\homepage\\CustomCard.test.tsx",
      "testFileResults": [
        {
          "ancestorTitles": [
            "CustomCard Component"
          ],
          "fullName": "CustomCard Component renders with title and children",
          "status": "passed",
          "title": "renders with title and children",
          "failureMessages": [],
          "duration": 42
        },
        {
          "ancestorTitles": [
            "CustomCard Component"
          ],
          "fullName": "CustomCard Component does not render action button when no onAction provided",
          "status": "passed",
          "title": "does not render action button when no onAction provided",
          "failureMessages": [],
          "duration": 5
        },
        {
          "ancestorTitles": [
            "CustomCard Component"
          ],
          "fullName": "CustomCard Component renders action button with default label when onAction provided",
          "status": "passed",
          "title": "renders action button with default label when onAction provided",
          "failureMessages": [],
          "duration": 7
        },
        {
          "ancestorTitles": [
            "CustomCard Component"
          ],
          "fullName": "CustomCard Component renders action button with custom label when provided",
          "status": "passed",
          "title": "renders action button with custom label when provided",
          "failureMessages": [],
          "duration": 6
        },
        {
          "ancestorTitles": [
            "CustomCard Component"
          ],
          "fullName": "CustomCard Component calls onAction when action button is clicked",
          "status": "passed",
          "title": "calls onAction when action button is clicked",
          "failureMessages": [],
          "duration": 13
        }
      ],
      "failureMessage": null
    },
    {
      "testFilePath": "D:\\2-Maguru\\maguru\\features\\homepage\\stats.test.tsx",
      "testFileResults": [
        {
          "ancestorTitles": [
            "Stats Component"
          ],
          "fullName": "Stats Component renders all statistics values correctly",
          "status": "passed",
          "title": "renders all statistics values correctly",
          "failureMessages": [],
          "duration": 61
        },
        {
          "ancestorTitles": [
            "Stats Component"
          ],
          "fullName": "Stats Component renders all statistic labels correctly",
          "status": "passed",
          "title": "renders all statistic labels correctly",
          "failureMessages": [],
          "duration": 11
        },
        {
          "ancestorTitles": [
            "Stats Component"
          ],
          "fullName": "Stats Component renders inside a glass panel",
          "status": "passed",
          "title": "renders inside a glass panel",
          "failureMessages": [],
          "duration": 16
        }
      ],
      "failureMessage": null
    },
    {
      "testFilePath": "D:\\2-Maguru\\maguru\\features\\homepage\\cta.test.tsx",
      "testFileResults": [
        {
          "ancestorTitles": [
            "CTA Component"
          ],
          "fullName": "CTA Component renders headline and sub-headline",
          "status": "passed",
          "title": "renders headline and sub-headline",
          "failureMessages": [],
          "duration": 99
        },
        {
          "ancestorTitles": [
            "CTA Component"
          ],
          "fullName": "CTA Component renders call-to-action buttons",
          "status": "passed",
          "title": "renders call-to-action buttons",
          "failureMessages": [],
          "duration": 14
        },
        {
          "ancestorTitles": [
            "CTA Component"
          ],
          "fullName": "CTA Component renders trust indicators",
          "status": "passed",
          "title": "renders trust indicators",
          "failureMessages": [],
          "duration": 37
        },
        {
          "ancestorTitles": [
            "CTA Component"
          ],
          "fullName": "CTA Component renders with glass panel styling",
          "status": "passed",
          "title": "renders with glass panel styling",
          "failureMessages": [],
          "duration": 20
        }
      ],
      "failureMessage": null
    },
    {
      "testFilePath": "D:\\2-Maguru\\maguru\\features\\homepage\\features.test.tsx",
      "testFileResults": [
        {
          "ancestorTitles": [
            "Features Component"
          ],
          "fullName": "Features Component renders section title and description",
          "status": "passed",
          "title": "renders section title and description",
          "failureMessages": [],
          "duration": 95
        },
        {
          "ancestorTitles": [
            "Features Component"
          ],
          "fullName": "Features Component renders all feature cards with correct titles",
          "status": "passed",
          "title": "renders all feature cards with correct titles",
          "failureMessages": [],
          "duration": 49
        },
        {
          "ancestorTitles": [
            "Features Component"
          ],
          "fullName": "Features Component renders feature descriptions correctly",
          "status": "passed",
          "title": "renders feature descriptions correctly",
          "failureMessages": [],
          "duration": 49
        }
      ],
      "failureMessage": null
    },
    {
      "testFilePath": "D:\\2-Maguru\\maguru\\features\\homepage\\hero.test.tsx",
      "testFileResults": [
        {
          "ancestorTitles": [
            "Hero Component"
          ],
          "fullName": "Hero Component renders headline and main call-to-action",
          "status": "passed",
          "title": "renders headline and main call-to-action",
          "failureMessages": [],
          "duration": 147
        },
        {
          "ancestorTitles": [
            "Hero Component"
          ],
          "fullName": "Hero Component renders social proof elements",
          "status": "passed",
          "title": "renders social proof elements",
          "failureMessages": [],
          "duration": 66
        },
        {
          "ancestorTitles": [
            "Hero Component"
          ],
          "fullName": "Hero Component renders interactive learning section",
          "status": "passed",
          "title": "renders interactive learning section",
          "failureMessages": [],
          "duration": 33
        },
        {
          "ancestorTitles": [
            "Hero Component"
          ],
          "fullName": "Hero Component renders floating information cards",
          "status": "passed",
          "title": "renders floating information cards",
          "failureMessages": [],
          "duration": 37
        }
      ],
      "failureMessage": null
    },
    {
      "testFilePath": "D:\\2-Maguru\\maguru\\components\\layout\\footer.test.tsx",
      "testFileResults": [
        {
          "ancestorTitles": [
            "Footer Component"
          ],
          "fullName": "Footer Component renders brand info",
          "status": "passed",
          "title": "renders brand info",
          "failureMessages": [],
          "duration": 85
        },
        {
          "ancestorTitles": [
            "Footer Component"
          ],
          "fullName": "Footer Component renders contact information",
          "status": "passed",
          "title": "renders contact information",
          "failureMessages": [],
          "duration": 33
        },
        {
          "ancestorTitles": [
            "Footer Component"
          ],
          "fullName": "Footer Component renders course links section",
          "status": "passed",
          "title": "renders course links section",
          "failureMessages": [],
          "duration": 52
        },
        {
          "ancestorTitles": [
            "Footer Component"
          ],
          "fullName": "Footer Component renders company links section",
          "status": "passed",
          "title": "renders company links section",
          "failureMessages": [],
          "duration": 61
        },
        {
          "ancestorTitles": [
            "Footer Component"
          ],
          "fullName": "Footer Component renders support links section",
          "status": "passed",
          "title": "renders support links section",
          "failureMessages": [],
          "duration": 46
        },
        {
          "ancestorTitles": [
            "Footer Component"
          ],
          "fullName": "Footer Component renders copyright and social links",
          "status": "passed",
          "title": "renders copyright and social links",
          "failureMessages": [],
          "duration": 28
        }
      ],
      "failureMessage": null
    },
    {
      "testFilePath": "D:\\2-Maguru\\maguru\\features\\homepage\\testimonials.test.tsx",
      "testFileResults": [
        {
          "ancestorTitles": [
            "Testimonials Component"
          ],
          "fullName": "Testimonials Component renders section title and description",
          "status": "passed",
          "title": "renders section title and description",
          "failureMessages": [],
          "duration": 117
        },
        {
          "ancestorTitles": [
            "Testimonials Component"
          ],
          "fullName": "Testimonials Component renders all testimonial cards with correct names and roles",
          "status": "passed",
          "title": "renders all testimonial cards with correct names and roles",
          "failureMessages": [],
          "duration": 62
        },
        {
          "ancestorTitles": [
            "Testimonials Component"
          ],
          "fullName": "Testimonials Component renders testimonial quotes correctly",
          "status": "passed",
          "title": "renders testimonial quotes correctly",
          "failureMessages": [],
          "duration": 95
        },
        {
          "ancestorTitles": [
            "Testimonials Component"
          ],
          "fullName": "Testimonials Component renders 5-star ratings for all testimonials",
          "status": "passed",
          "title": "renders 5-star ratings for all testimonials",
          "failureMessages": [],
          "duration": 31
        }
      ],
      "failureMessage": null
    },
    {
      "testFilePath": "D:\\2-Maguru\\maguru\\components\\layout\\navbar.test.tsx",
      "testFileResults": [
        {
          "ancestorTitles": [
            "Navbar Component"
          ],
          "fullName": "Navbar Component renders logo and brand name",
          "status": "passed",
          "title": "renders logo and brand name",
          "failureMessages": [],
          "duration": 98
        },
        {
          "ancestorTitles": [
            "Navbar Component"
          ],
          "fullName": "Navbar Component renders desktop menu items",
          "status": "passed",
          "title": "renders desktop menu items",
          "failureMessages": [],
          "duration": 19
        },
        {
          "ancestorTitles": [
            "Navbar Component"
          ],
          "fullName": "Navbar Component renders desktop CTA buttons",
          "status": "passed",
          "title": "renders desktop CTA buttons",
          "failureMessages": [],
          "duration": 23
        },
        {
          "ancestorTitles": [
            "Navbar Component"
          ],
          "fullName": "Navbar Component toggles mobile menu when menu button is clicked",
          "status": "passed",
          "title": "toggles mobile menu when menu button is clicked",
          "failureMessages": [],
          "duration": 220
        }
      ],
      "failureMessage": null
    },
    {
      "testFilePath": "D:\\2-Maguru\\maguru\\features\\homepage\\courses.test.tsx",
      "testFileResults": [
        {
          "ancestorTitles": [
            "Courses Component"
          ],
          "fullName": "Courses Component renders section title and description",
          "status": "passed",
          "title": "renders section title and description",
          "failureMessages": [],
          "duration": 198
        },
        {
          "ancestorTitles": [
            "Courses Component"
          ],
          "fullName": "Courses Component renders course cards with correct information",
          "status": "passed",
          "title": "renders course cards with correct information",
          "failureMessages": [],
          "duration": 118
        },
        {
          "ancestorTitles": [
            "Courses Component"
          ],
          "fullName": "Courses Component renders course ratings and statistics",
          "status": "passed",
          "title": "renders course ratings and statistics",
          "failureMessages": [],
          "duration": 53
        },
        {
          "ancestorTitles": [
            "Courses Component"
          ],
          "fullName": "Courses Component renders course level badges",
          "status": "passed",
          "title": "renders course level badges",
          "failureMessages": [],
          "duration": 35
        },
        {
          "ancestorTitles": [
            "Courses Component"
          ],
          "fullName": "Courses Component renders pricing information",
          "status": "passed",
          "title": "renders pricing information",
          "failureMessages": [],
          "duration": 24
        },
        {
          "ancestorTitles": [
            "Courses Component"
          ],
          "fullName": "Courses Component renders view all button",
          "status": "passed",
          "title": "renders view all button",
          "failureMessages": [],
          "duration": 21
        }
      ],
      "failureMessage": null
    }
  ]
}