{
  "numTotalTests": 88,
  "numPassedTests": 88,
  "numFailedTests": 0,
  "numPendingTests": 0,
  "startTime": "2025-07-05T12:05:33.484Z",
  "endTime": "2025-07-05T12:05:39.235Z",
  "testResults": [
    {
      "testFilePath": "D:\\2-Maguru\\maguru\\features\\course\\course-manage\\adapters\\courseAdapter.test.ts",
      "testFileResults": [
        {
          "ancestorTitles": [
            "CourseAdapter",
            "getCourses"
          ],
          "fullName": "CourseAdapter getCourses should make successful GET request",
          "status": "passed",
          "title": "should make successful GET request",
          "failureMessages": [],
          "duration": 13
        },
        {
          "ancestorTitles": [
            "CourseAdapter",
            "getCourses"
          ],
          "fullName": "CourseAdapter getCourses should handle network errors",
          "status": "passed",
          "title": "should handle network errors",
          "failureMessages": [],
          "duration": 3
        },
        {
          "ancestorTitles": [
            "CourseAdapter",
            "getCourses"
          ],
          "fullName": "CourseAdapter getCourses should handle API error responses",
          "status": "passed",
          "title": "should handle API error responses",
          "failureMessages": [],
          "duration": 2
        },
        {
          "ancestorTitles": [
            "CourseAdapter",
            "getCourseById"
          ],
          "fullName": "CourseAdapter getCourseById should make successful GET request",
          "status": "passed",
          "title": "should make successful GET request",
          "failureMessages": [],
          "duration": 2
        },
        {
          "ancestorTitles": [
            "CourseAdapter",
            "getCourseById"
          ],
          "fullName": "CourseAdapter getCourseById should handle 404 error",
          "status": "passed",
          "title": "should handle 404 error",
          "failureMessages": [],
          "duration": 2
        },
        {
          "ancestorTitles": [
            "CourseAdapter",
            "createCourse"
          ],
          "fullName": "CourseAdapter createCourse should make successful POST request with auth",
          "status": "passed",
          "title": "should make successful POST request with auth",
          "failureMessages": [],
          "duration": 2
        },
        {
          "ancestorTitles": [
            "CourseAdapter",
            "createCourse"
          ],
          "fullName": "CourseAdapter createCourse should handle missing authentication",
          "status": "passed",
          "title": "should handle missing authentication",
          "failureMessages": [],
          "duration": 1
        },
        {
          "ancestorTitles": [
            "CourseAdapter",
            "createCourse"
          ],
          "fullName": "CourseAdapter createCourse should handle 401 Unauthorized from API",
          "status": "passed",
          "title": "should handle 401 Unauthorized from API",
          "failureMessages": [],
          "duration": 1
        },
        {
          "ancestorTitles": [
            "CourseAdapter",
            "createCourse"
          ],
          "fullName": "CourseAdapter createCourse should handle 403 Forbidden (role validation)",
          "status": "passed",
          "title": "should handle 403 Forbidden (role validation)",
          "failureMessages": [],
          "duration": 1
        },
        {
          "ancestorTitles": [
            "CourseAdapter",
            "createCourse"
          ],
          "fullName": "CourseAdapter createCourse should handle 400 Bad Request (validation failed)",
          "status": "passed",
          "title": "should handle 400 Bad Request (validation failed)",
          "failureMessages": [],
          "duration": 1
        },
        {
          "ancestorTitles": [
            "CourseAdapter",
            "createCourse"
          ],
          "fullName": "CourseAdapter createCourse should handle network errors",
          "status": "passed",
          "title": "should handle network errors",
          "failureMessages": [],
          "duration": 1
        },
        {
          "ancestorTitles": [
            "CourseAdapter",
            "updateCourse"
          ],
          "fullName": "CourseAdapter updateCourse should make successful PUT request with auth",
          "status": "passed",
          "title": "should make successful PUT request with auth",
          "failureMessages": [],
          "duration": 1
        },
        {
          "ancestorTitles": [
            "CourseAdapter",
            "updateCourse"
          ],
          "fullName": "CourseAdapter updateCourse should handle missing authentication",
          "status": "passed",
          "title": "should handle missing authentication",
          "failureMessages": [],
          "duration": 1
        },
        {
          "ancestorTitles": [
            "CourseAdapter",
            "updateCourse"
          ],
          "fullName": "CourseAdapter updateCourse should handle forbidden access",
          "status": "passed",
          "title": "should handle forbidden access",
          "failureMessages": [],
          "duration": 1
        },
        {
          "ancestorTitles": [
            "CourseAdapter",
            "deleteCourse"
          ],
          "fullName": "CourseAdapter deleteCourse should make successful DELETE request with auth",
          "status": "passed",
          "title": "should make successful DELETE request with auth",
          "failureMessages": [],
          "duration": 0
        },
        {
          "ancestorTitles": [
            "CourseAdapter",
            "deleteCourse"
          ],
          "fullName": "CourseAdapter deleteCourse should handle missing authentication",
          "status": "passed",
          "title": "should handle missing authentication",
          "failureMessages": [],
          "duration": 0
        },
        {
          "ancestorTitles": [
            "CourseAdapter",
            "deleteCourse"
          ],
          "fullName": "CourseAdapter deleteCourse should handle server error",
          "status": "passed",
          "title": "should handle server error",
          "failureMessages": [],
          "duration": 0
        },
        {
          "ancestorTitles": [
            "CourseAdapter",
            "getCoursesByCreator"
          ],
          "fullName": "CourseAdapter getCoursesByCreator should make successful GET request with creatorId filter",
          "status": "passed",
          "title": "should make successful GET request with creatorId filter",
          "failureMessages": [],
          "duration": 2
        },
        {
          "ancestorTitles": [
            "CourseAdapter",
            "getCoursesByCreator"
          ],
          "fullName": "CourseAdapter getCoursesByCreator should handle missing authentication",
          "status": "passed",
          "title": "should handle missing authentication",
          "failureMessages": [],
          "duration": 0
        },
        {
          "ancestorTitles": [
            "CourseAdapter",
            "updateCourseStatus"
          ],
          "fullName": "CourseAdapter updateCourseStatus should make successful PATCH request with auth",
          "status": "passed",
          "title": "should make successful PATCH request with auth",
          "failureMessages": [],
          "duration": 1
        },
        {
          "ancestorTitles": [
            "CourseAdapter",
            "updateCourseStatus"
          ],
          "fullName": "CourseAdapter updateCourseStatus should handle missing authentication",
          "status": "passed",
          "title": "should handle missing authentication",
          "failureMessages": [],
          "duration": 0
        }
      ],
      "failureMessage": null
    },
    {
      "testFilePath": "D:\\2-Maguru\\maguru\\features\\course\\course-manage\\services\\courseService.test.ts",
      "testFileResults": [
        {
          "ancestorTitles": [
            "CourseService",
            "createCourse"
          ],
          "fullName": "CourseService createCourse should create course successfully with valid data",
          "status": "passed",
          "title": "should create course successfully with valid data",
          "failureMessages": [],
          "duration": 9
        },
        {
          "ancestorTitles": [
            "CourseService",
            "createCourse"
          ],
          "fullName": "CourseService createCourse should handle database connection error",
          "status": "passed",
          "title": "should handle database connection error",
          "failureMessages": [],
          "duration": 15
        },
        {
          "ancestorTitles": [
            "CourseService",
            "createCourse"
          ],
          "fullName": "CourseService createCourse should handle empty title validation",
          "status": "passed",
          "title": "should handle empty title validation",
          "failureMessages": [],
          "duration": 1
        },
        {
          "ancestorTitles": [
            "CourseService",
            "getCourses"
          ],
          "fullName": "CourseService getCourses should return paginated courses list",
          "status": "passed",
          "title": "should return paginated courses list",
          "failureMessages": [],
          "duration": 2
        },
        {
          "ancestorTitles": [
            "CourseService",
            "getCourses"
          ],
          "fullName": "CourseService getCourses should handle empty database",
          "status": "passed",
          "title": "should handle empty database",
          "failureMessages": [],
          "duration": 2
        },
        {
          "ancestorTitles": [
            "CourseService",
            "getCourses"
          ],
          "fullName": "CourseService getCourses should filter by creatorId correctly",
          "status": "passed",
          "title": "should filter by creatorId correctly",
          "failureMessages": [],
          "duration": 1
        },
        {
          "ancestorTitles": [
            "CourseService",
            "getCourses"
          ],
          "fullName": "CourseService getCourses should handle invalid pagination parameters",
          "status": "passed",
          "title": "should handle invalid pagination parameters",
          "failureMessages": [],
          "duration": 1
        },
        {
          "ancestorTitles": [
            "CourseService",
            "getCourseById"
          ],
          "fullName": "CourseService getCourseById should return course by valid ID",
          "status": "passed",
          "title": "should return course by valid ID",
          "failureMessages": [],
          "duration": 1
        },
        {
          "ancestorTitles": [
            "CourseService",
            "getCourseById"
          ],
          "fullName": "CourseService getCourseById should return null for non-existent ID",
          "status": "passed",
          "title": "should return null for non-existent ID",
          "failureMessages": [],
          "duration": 0
        },
        {
          "ancestorTitles": [
            "CourseService",
            "getCourseById"
          ],
          "fullName": "CourseService getCourseById should handle database query error",
          "status": "passed",
          "title": "should handle database query error",
          "failureMessages": [],
          "duration": 2
        },
        {
          "ancestorTitles": [
            "CourseService",
            "updateCourse"
          ],
          "fullName": "CourseService updateCourse should update course successfully",
          "status": "passed",
          "title": "should update course successfully",
          "failureMessages": [],
          "duration": 1
        },
        {
          "ancestorTitles": [
            "CourseService",
            "updateCourse"
          ],
          "fullName": "CourseService updateCourse should reject update for non-owner",
          "status": "passed",
          "title": "should reject update for non-owner",
          "failureMessages": [],
          "duration": 3
        },
        {
          "ancestorTitles": [
            "CourseService",
            "updateCourse"
          ],
          "fullName": "CourseService updateCourse should handle course not found",
          "status": "passed",
          "title": "should handle course not found",
          "failureMessages": [],
          "duration": 0
        },
        {
          "ancestorTitles": [
            "CourseService",
            "deleteCourse"
          ],
          "fullName": "CourseService deleteCourse should delete course successfully",
          "status": "passed",
          "title": "should delete course successfully",
          "failureMessages": [],
          "duration": 1
        },
        {
          "ancestorTitles": [
            "CourseService",
            "deleteCourse"
          ],
          "fullName": "CourseService deleteCourse should reject delete for non-owner",
          "status": "passed",
          "title": "should reject delete for non-owner",
          "failureMessages": [],
          "duration": 1
        },
        {
          "ancestorTitles": [
            "CourseService",
            "deleteCourse"
          ],
          "fullName": "CourseService deleteCourse should handle course not found",
          "status": "passed",
          "title": "should handle course not found",
          "failureMessages": [],
          "duration": 0
        },
        {
          "ancestorTitles": [
            "CourseService",
            "updateCourseStatus"
          ],
          "fullName": "CourseService updateCourseStatus should update status successfully",
          "status": "passed",
          "title": "should update status successfully",
          "failureMessages": [],
          "duration": 1
        },
        {
          "ancestorTitles": [
            "CourseService",
            "updateCourseStatus"
          ],
          "fullName": "CourseService updateCourseStatus should reject status update for non-owner",
          "status": "passed",
          "title": "should reject status update for non-owner",
          "failureMessages": [],
          "duration": 0
        },
        {
          "ancestorTitles": [
            "CourseService",
            "getCoursesByCreator"
          ],
          "fullName": "CourseService getCoursesByCreator should call getCourses with creatorId filter",
          "status": "passed",
          "title": "should call getCourses with creatorId filter",
          "failureMessages": [],
          "duration": 0
        }
      ],
      "failureMessage": null
    },
    {
      "testFilePath": "D:\\2-Maguru\\maguru\\features\\course\\course-manage\\lib\\courseUtils.test.ts",
      "testFileResults": [
        {
          "ancestorTitles": [
            "courseUtils",
            "getStatusColor"
          ],
          "fullName": "courseUtils getStatusColor should return correct CSS classes for DRAFT status",
          "status": "passed",
          "title": "should return correct CSS classes for DRAFT status",
          "failureMessages": [],
          "duration": 8
        },
        {
          "ancestorTitles": [
            "courseUtils",
            "getStatusColor"
          ],
          "fullName": "courseUtils getStatusColor should return correct CSS classes for PUBLISHED status",
          "status": "passed",
          "title": "should return correct CSS classes for PUBLISHED status",
          "failureMessages": [],
          "duration": 0
        },
        {
          "ancestorTitles": [
            "courseUtils",
            "getStatusColor"
          ],
          "fullName": "courseUtils getStatusColor should return default color for invalid status",
          "status": "passed",
          "title": "should return default color for invalid status",
          "failureMessages": [],
          "duration": 1
        },
        {
          "ancestorTitles": [
            "courseUtils",
            "getStatusText"
          ],
          "fullName": "courseUtils getStatusText should return Indonesian text for DRAFT status",
          "status": "passed",
          "title": "should return Indonesian text for DRAFT status",
          "failureMessages": [],
          "duration": 3
        },
        {
          "ancestorTitles": [
            "courseUtils",
            "getStatusText"
          ],
          "fullName": "courseUtils getStatusText should return Indonesian text for PUBLISHED status",
          "status": "passed",
          "title": "should return Indonesian text for PUBLISHED status",
          "failureMessages": [],
          "duration": 1
        },
        {
          "ancestorTitles": [
            "courseUtils",
            "getStatusText"
          ],
          "fullName": "courseUtils getStatusText should return default text for invalid status",
          "status": "passed",
          "title": "should return default text for invalid status",
          "failureMessages": [],
          "duration": 0
        },
        {
          "ancestorTitles": [
            "courseUtils",
            "filterCourses"
          ],
          "fullName": "courseUtils filterCourses should filter by title search",
          "status": "passed",
          "title": "should filter by title search",
          "failureMessages": [],
          "duration": 1
        },
        {
          "ancestorTitles": [
            "courseUtils",
            "filterCourses"
          ],
          "fullName": "courseUtils filterCourses should filter by description search",
          "status": "passed",
          "title": "should filter by description search",
          "failureMessages": [],
          "duration": 1
        },
        {
          "ancestorTitles": [
            "courseUtils",
            "filterCourses"
          ],
          "fullName": "courseUtils filterCourses should filter by status",
          "status": "passed",
          "title": "should filter by status",
          "failureMessages": [],
          "duration": 1
        },
        {
          "ancestorTitles": [
            "courseUtils",
            "filterCourses"
          ],
          "fullName": "courseUtils filterCourses should filter by combined search and status",
          "status": "passed",
          "title": "should filter by combined search and status",
          "failureMessages": [],
          "duration": 1
        },
        {
          "ancestorTitles": [
            "courseUtils",
            "filterCourses"
          ],
          "fullName": "courseUtils filterCourses should return all courses for empty search query",
          "status": "passed",
          "title": "should return all courses for empty search query",
          "failureMessages": [],
          "duration": 1
        },
        {
          "ancestorTitles": [
            "courseUtils",
            "filterCourses"
          ],
          "fullName": "courseUtils filterCourses should handle case-insensitive search",
          "status": "passed",
          "title": "should handle case-insensitive search",
          "failureMessages": [],
          "duration": 0
        },
        {
          "ancestorTitles": [
            "courseUtils",
            "filterCoursesByStatus"
          ],
          "fullName": "courseUtils filterCoursesByStatus should filter by DRAFT status",
          "status": "passed",
          "title": "should filter by DRAFT status",
          "failureMessages": [],
          "duration": 0
        },
        {
          "ancestorTitles": [
            "courseUtils",
            "filterCoursesByStatus"
          ],
          "fullName": "courseUtils filterCoursesByStatus should filter by PUBLISHED status",
          "status": "passed",
          "title": "should filter by PUBLISHED status",
          "failureMessages": [],
          "duration": 0
        },
        {
          "ancestorTitles": [
            "courseUtils",
            "filterCoursesByStatus"
          ],
          "fullName": "courseUtils filterCoursesByStatus should return all courses without status filter",
          "status": "passed",
          "title": "should return all courses without status filter",
          "failureMessages": [],
          "duration": 1
        },
        {
          "ancestorTitles": [
            "courseUtils",
            "formatDuration"
          ],
          "fullName": "courseUtils formatDuration should format 60 minutes to \"1 jam\"",
          "status": "passed",
          "title": "should format 60 minutes to \"1 jam\"",
          "failureMessages": [],
          "duration": 1
        },
        {
          "ancestorTitles": [
            "courseUtils",
            "formatDuration"
          ],
          "fullName": "courseUtils formatDuration should format 90 minutes to \"1 jam 30 menit\"",
          "status": "passed",
          "title": "should format 90 minutes to \"1 jam 30 menit\"",
          "failureMessages": [],
          "duration": 0
        },
        {
          "ancestorTitles": [
            "courseUtils",
            "formatDuration"
          ],
          "fullName": "courseUtils formatDuration should format 30 minutes to \"30 menit\"",
          "status": "passed",
          "title": "should format 30 minutes to \"30 menit\"",
          "failureMessages": [],
          "duration": 1
        },
        {
          "ancestorTitles": [
            "courseUtils",
            "formatDuration"
          ],
          "fullName": "courseUtils formatDuration should format 0 minutes to \"0 menit\"",
          "status": "passed",
          "title": "should format 0 minutes to \"0 menit\"",
          "failureMessages": [],
          "duration": 0
        },
        {
          "ancestorTitles": [
            "courseUtils",
            "formatRating"
          ],
          "fullName": "courseUtils formatRating should format 4.8 to \"4.8\"",
          "status": "passed",
          "title": "should format 4.8 to \"4.8\"",
          "failureMessages": [],
          "duration": 1
        },
        {
          "ancestorTitles": [
            "courseUtils",
            "formatRating"
          ],
          "fullName": "courseUtils formatRating should format 5.0 to \"5.0\"",
          "status": "passed",
          "title": "should format 5.0 to \"5.0\"",
          "failureMessages": [],
          "duration": 0
        },
        {
          "ancestorTitles": [
            "courseUtils",
            "formatRating"
          ],
          "fullName": "courseUtils formatRating should format 0.0 to \"0.0\"",
          "status": "passed",
          "title": "should format 0.0 to \"0.0\"",
          "failureMessages": [],
          "duration": 0
        },
        {
          "ancestorTitles": [
            "courseUtils",
            "formatNumber"
          ],
          "fullName": "courseUtils formatNumber should format 1000 to \"1.000\"",
          "status": "passed",
          "title": "should format 1000 to \"1.000\"",
          "failureMessages": [],
          "duration": 103
        },
        {
          "ancestorTitles": [
            "courseUtils",
            "formatNumber"
          ],
          "fullName": "courseUtils formatNumber should format 10000 to \"10.000\"",
          "status": "passed",
          "title": "should format 10000 to \"10.000\"",
          "failureMessages": [],
          "duration": 0
        },
        {
          "ancestorTitles": [
            "courseUtils",
            "formatNumber"
          ],
          "fullName": "courseUtils formatNumber should format 100000 to \"100.000\"",
          "status": "passed",
          "title": "should format 100000 to \"100.000\"",
          "failureMessages": [],
          "duration": 1
        },
        {
          "ancestorTitles": [
            "courseUtils",
            "formatNumber"
          ],
          "fullName": "courseUtils formatNumber should format 0 to \"0\"",
          "status": "passed",
          "title": "should format 0 to \"0\"",
          "failureMessages": [],
          "duration": 0
        },
        {
          "ancestorTitles": [
            "courseUtils",
            "getThumbnailUrl"
          ],
          "fullName": "courseUtils getThumbnailUrl should return full URL for valid path",
          "status": "passed",
          "title": "should return full URL for valid path",
          "failureMessages": [],
          "duration": 4
        },
        {
          "ancestorTitles": [
            "courseUtils",
            "getThumbnailUrl"
          ],
          "fullName": "courseUtils getThumbnailUrl should return default image for empty path",
          "status": "passed",
          "title": "should return default image for empty path",
          "failureMessages": [],
          "duration": 1
        },
        {
          "ancestorTitles": [
            "courseUtils",
            "getThumbnailUrl"
          ],
          "fullName": "courseUtils getThumbnailUrl should return default image for null/undefined path",
          "status": "passed",
          "title": "should return default image for null/undefined path",
          "failureMessages": [],
          "duration": 1
        },
        {
          "ancestorTitles": [
            "courseUtils",
            "getThumbnailUrl"
          ],
          "fullName": "courseUtils getThumbnailUrl should return path as is for full URL",
          "status": "passed",
          "title": "should return path as is for full URL",
          "failureMessages": [],
          "duration": 1
        },
        {
          "ancestorTitles": [
            "courseUtils",
            "getThumbnailUrl"
          ],
          "fullName": "courseUtils getThumbnailUrl should use fallback URL when env variable is not set",
          "status": "passed",
          "title": "should use fallback URL when env variable is not set",
          "failureMessages": [],
          "duration": 1
        },
        {
          "ancestorTitles": [
            "courseUtils",
            "validateCourseData"
          ],
          "fullName": "courseUtils validateCourseData should validate correct course data",
          "status": "passed",
          "title": "should validate correct course data",
          "failureMessages": [],
          "duration": 1
        },
        {
          "ancestorTitles": [
            "courseUtils",
            "validateCourseData"
          ],
          "fullName": "courseUtils validateCourseData should reject empty title",
          "status": "passed",
          "title": "should reject empty title",
          "failureMessages": [],
          "duration": 1
        },
        {
          "ancestorTitles": [
            "courseUtils",
            "validateCourseData"
          ],
          "fullName": "courseUtils validateCourseData should reject empty description",
          "status": "passed",
          "title": "should reject empty description",
          "failureMessages": [],
          "duration": 0
        },
        {
          "ancestorTitles": [
            "courseUtils",
            "validateCourseData"
          ],
          "fullName": "courseUtils validateCourseData should reject empty category",
          "status": "passed",
          "title": "should reject empty category",
          "failureMessages": [],
          "duration": 0
        },
        {
          "ancestorTitles": [
            "courseUtils",
            "validateCourseData"
          ],
          "fullName": "courseUtils validateCourseData should handle multiple errors",
          "status": "passed",
          "title": "should handle multiple errors",
          "failureMessages": [],
          "duration": 1
        },
        {
          "ancestorTitles": [
            "courseUtils",
            "validateCourseData"
          ],
          "fullName": "courseUtils validateCourseData should handle whitespace-only values",
          "status": "passed",
          "title": "should handle whitespace-only values",
          "failureMessages": [],
          "duration": 0
        }
      ],
      "failureMessage": null
    },
    {
      "testFilePath": "D:\\2-Maguru\\maguru\\features\\course\\course-manage\\hooks\\useCourse.test.ts",
      "testFileResults": [
        {
          "ancestorTitles": [
            "useCourse Hook",
            "Initial State"
          ],
          "fullName": "useCourse Hook Initial State should initialize with default state",
          "status": "passed",
          "title": "should initialize with default state",
          "failureMessages": [],
          "duration": 25
        },
        {
          "ancestorTitles": [
            "useCourse Hook",
            "fetchCourses"
          ],
          "fullName": "useCourse Hook fetchCourses should fetch courses successfully",
          "status": "passed",
          "title": "should fetch courses successfully",
          "failureMessages": [],
          "duration": 13
        },
        {
          "ancestorTitles": [
            "useCourse Hook",
            "fetchCourses"
          ],
          "fullName": "useCourse Hook fetchCourses should handle fetch courses error",
          "status": "passed",
          "title": "should handle fetch courses error",
          "failureMessages": [],
          "duration": 10
        },
        {
          "ancestorTitles": [
            "useCourse Hook",
            "fetchCourseById"
          ],
          "fullName": "useCourse Hook fetchCourseById should fetch course by ID successfully",
          "status": "passed",
          "title": "should fetch course by ID successfully",
          "failureMessages": [],
          "duration": 21
        },
        {
          "ancestorTitles": [
            "useCourse Hook",
            "fetchCourseById"
          ],
          "fullName": "useCourse Hook fetchCourseById should handle fetch course by ID error",
          "status": "passed",
          "title": "should handle fetch course by ID error",
          "failureMessages": [],
          "duration": 13
        },
        {
          "ancestorTitles": [
            "useCourse Hook",
            "createCourse"
          ],
          "fullName": "useCourse Hook createCourse should create course successfully",
          "status": "passed",
          "title": "should create course successfully",
          "failureMessages": [],
          "duration": 17
        },
        {
          "ancestorTitles": [
            "useCourse Hook",
            "createCourse"
          ],
          "fullName": "useCourse Hook createCourse should handle create course error",
          "status": "passed",
          "title": "should handle create course error",
          "failureMessages": [],
          "duration": 17
        },
        {
          "ancestorTitles": [
            "useCourse Hook",
            "updateCourse"
          ],
          "fullName": "useCourse Hook updateCourse should update course successfully",
          "status": "passed",
          "title": "should update course successfully",
          "failureMessages": [],
          "duration": 34
        },
        {
          "ancestorTitles": [
            "useCourse Hook",
            "deleteCourse"
          ],
          "fullName": "useCourse Hook deleteCourse should delete course successfully",
          "status": "passed",
          "title": "should delete course successfully",
          "failureMessages": [],
          "duration": 34
        },
        {
          "ancestorTitles": [
            "useCourse Hook",
            "Utility Functions"
          ],
          "fullName": "useCourse Hook Utility Functions should clear error",
          "status": "passed",
          "title": "should clear error",
          "failureMessages": [],
          "duration": 14
        },
        {
          "ancestorTitles": [
            "useCourse Hook",
            "Utility Functions"
          ],
          "fullName": "useCourse Hook Utility Functions should reset state",
          "status": "passed",
          "title": "should reset state",
          "failureMessages": [],
          "duration": 19
        }
      ],
      "failureMessage": null
    }
  ]
}