{
  "numTotalTests": 48,
  "numPassedTests": 48,
  "numFailedTests": 0,
  "numPendingTests": 0,
  "startTime": "2025-06-27T00:48:32.801Z",
  "endTime": "2025-06-27T00:48:43.218Z",
  "testResults": [
    {
      "testFilePath": "D:\\2-Maguru\\maguru\\app\\sign-up\\[[...sign-up]]\\page.test.tsx",
      "testFileResults": [
        {
          "ancestorTitles": [
            "Halaman SignUp"
          ],
          "fullName": "Halaman SignUp menampilkan wrapper glass panel dan komponen SignUp Clerk",
          "status": "passed",
          "title": "menampilkan wrapper glass panel dan komponen SignUp Clerk",
          "failureMessages": [],
          "duration": 193
        }
      ],
      "failureMessage": null
    },
    {
      "testFilePath": "D:\\2-Maguru\\maguru\\features\\homepage\\component\\CustomCard.test.tsx",
      "testFileResults": [
        {
          "ancestorTitles": [
            "CustomCard Component"
          ],
          "fullName": "CustomCard Component renders with title and children",
          "status": "passed",
          "title": "renders with title and children",
          "failureMessages": [],
          "duration": 62
        },
        {
          "ancestorTitles": [
            "CustomCard Component"
          ],
          "fullName": "CustomCard Component does not render action button when no onAction provided",
          "status": "passed",
          "title": "does not render action button when no onAction provided",
          "failureMessages": [],
          "duration": 9
        },
        {
          "ancestorTitles": [
            "CustomCard Component"
          ],
          "fullName": "CustomCard Component renders action button with default label when onAction provided",
          "status": "passed",
          "title": "renders action button with default label when onAction provided",
          "failureMessages": [],
          "duration": 9
        },
        {
          "ancestorTitles": [
            "CustomCard Component"
          ],
          "fullName": "CustomCard Component renders action button with custom label when provided",
          "status": "passed",
          "title": "renders action button with custom label when provided",
          "failureMessages": [],
          "duration": 12
        },
        {
          "ancestorTitles": [
            "CustomCard Component"
          ],
          "fullName": "CustomCard Component calls onAction when action button is clicked",
          "status": "passed",
          "title": "calls onAction when action button is clicked",
          "failureMessages": [],
          "duration": 26
        }
      ],
      "failureMessage": null
    },
    {
      "testFilePath": "D:\\2-Maguru\\maguru\\features\\homepage\\component\\Stat.test.tsx",
      "testFileResults": [
        {
          "ancestorTitles": [
            "Stats Component"
          ],
          "fullName": "Stats Component renders all statistics values correctly",
          "status": "passed",
          "title": "renders all statistics values correctly",
          "failureMessages": [],
          "duration": 89
        },
        {
          "ancestorTitles": [
            "Stats Component"
          ],
          "fullName": "Stats Component renders all statistic labels correctly",
          "status": "passed",
          "title": "renders all statistic labels correctly",
          "failureMessages": [],
          "duration": 22
        },
        {
          "ancestorTitles": [
            "Stats Component"
          ],
          "fullName": "Stats Component renders inside a glass panel",
          "status": "passed",
          "title": "renders inside a glass panel",
          "failureMessages": [],
          "duration": 21
        }
      ],
      "failureMessage": null
    },
    {
      "testFilePath": "D:\\2-Maguru\\maguru\\app\\sign-in\\[[...sign-in]]\\page.test.tsx",
      "testFileResults": [
        {
          "ancestorTitles": [
            "Halaman SignIn"
          ],
          "fullName": "Halaman SignIn menampilkan wrapper glass panel dan komponen SignIn Clerk",
          "status": "passed",
          "title": "menampilkan wrapper glass panel dan komponen SignIn Clerk",
          "failureMessages": [],
          "duration": 172
        }
      ],
      "failureMessage": null
    },
    {
      "testFilePath": "D:\\2-Maguru\\maguru\\features\\homepage\\component\\Feature.test.tsx",
      "testFileResults": [
        {
          "ancestorTitles": [
            "Features Component"
          ],
          "fullName": "Features Component renders section title and description",
          "status": "passed",
          "title": "renders section title and description",
          "failureMessages": [],
          "duration": 141
        },
        {
          "ancestorTitles": [
            "Features Component"
          ],
          "fullName": "Features Component renders all feature cards with correct titles",
          "status": "passed",
          "title": "renders all feature cards with correct titles",
          "failureMessages": [],
          "duration": 65
        },
        {
          "ancestorTitles": [
            "Features Component"
          ],
          "fullName": "Features Component renders feature descriptions correctly",
          "status": "passed",
          "title": "renders feature descriptions correctly",
          "failureMessages": [],
          "duration": 61
        }
      ],
      "failureMessage": null
    },
    {
      "testFilePath": "D:\\2-Maguru\\maguru\\features\\homepage\\component\\Testimonial.test.tsx",
      "testFileResults": [
        {
          "ancestorTitles": [
            "Testimonials Component"
          ],
          "fullName": "Testimonials Component renders section title and description",
          "status": "passed",
          "title": "renders section title and description",
          "failureMessages": [],
          "duration": 153
        },
        {
          "ancestorTitles": [
            "Testimonials Component"
          ],
          "fullName": "Testimonials Component renders all testimonial cards with correct names and roles",
          "status": "passed",
          "title": "renders all testimonial cards with correct names and roles",
          "failureMessages": [],
          "duration": 75
        },
        {
          "ancestorTitles": [
            "Testimonials Component"
          ],
          "fullName": "Testimonials Component renders testimonial quotes correctly",
          "status": "passed",
          "title": "renders testimonial quotes correctly",
          "failureMessages": [],
          "duration": 45
        },
        {
          "ancestorTitles": [
            "Testimonials Component"
          ],
          "fullName": "Testimonials Component renders 5-star ratings for all testimonials",
          "status": "passed",
          "title": "renders 5-star ratings for all testimonials",
          "failureMessages": [],
          "duration": 50
        }
      ],
      "failureMessage": null
    },
    {
      "testFilePath": "D:\\2-Maguru\\maguru\\features\\homepage\\component\\Footers.test.tsx",
      "testFileResults": [
        {
          "ancestorTitles": [
            "Footer Component"
          ],
          "fullName": "Footer Component renders brand info",
          "status": "passed",
          "title": "renders brand info",
          "failureMessages": [],
          "duration": 108
        },
        {
          "ancestorTitles": [
            "Footer Component"
          ],
          "fullName": "Footer Component renders contact information",
          "status": "passed",
          "title": "renders contact information",
          "failureMessages": [],
          "duration": 44
        },
        {
          "ancestorTitles": [
            "Footer Component"
          ],
          "fullName": "Footer Component renders course links section",
          "status": "passed",
          "title": "renders course links section",
          "failureMessages": [],
          "duration": 57
        },
        {
          "ancestorTitles": [
            "Footer Component"
          ],
          "fullName": "Footer Component renders company links section",
          "status": "passed",
          "title": "renders company links section",
          "failureMessages": [],
          "duration": 48
        },
        {
          "ancestorTitles": [
            "Footer Component"
          ],
          "fullName": "Footer Component renders support links section",
          "status": "passed",
          "title": "renders support links section",
          "failureMessages": [],
          "duration": 51
        },
        {
          "ancestorTitles": [
            "Footer Component"
          ],
          "fullName": "Footer Component renders copyright and social links",
          "status": "passed",
          "title": "renders copyright and social links",
          "failureMessages": [],
          "duration": 47
        }
      ],
      "failureMessage": null
    },
    {
      "testFilePath": "D:\\2-Maguru\\maguru\\features\\homepage\\component\\Heros.test.tsx",
      "testFileResults": [
        {
          "ancestorTitles": [
            "Hero Component"
          ],
          "fullName": "Hero Component renders headline and main call-to-action",
          "status": "passed",
          "title": "renders headline and main call-to-action",
          "failureMessages": [],
          "duration": 221
        },
        {
          "ancestorTitles": [
            "Hero Component"
          ],
          "fullName": "Hero Component renders social proof elements",
          "status": "passed",
          "title": "renders social proof elements",
          "failureMessages": [],
          "duration": 54
        },
        {
          "ancestorTitles": [
            "Hero Component"
          ],
          "fullName": "Hero Component renders interactive learning section",
          "status": "passed",
          "title": "renders interactive learning section",
          "failureMessages": [],
          "duration": 42
        },
        {
          "ancestorTitles": [
            "Hero Component"
          ],
          "fullName": "Hero Component renders floating information cards",
          "status": "passed",
          "title": "renders floating information cards",
          "failureMessages": [],
          "duration": 32
        }
      ],
      "failureMessage": null
    },
    {
      "testFilePath": "D:\\2-Maguru\\maguru\\features\\homepage\\component\\Cts.test.tsx",
      "testFileResults": [
        {
          "ancestorTitles": [
            "CTA Component"
          ],
          "fullName": "CTA Component renders headline and sub-headline",
          "status": "passed",
          "title": "renders headline and sub-headline",
          "failureMessages": [],
          "duration": 213
        },
        {
          "ancestorTitles": [
            "CTA Component"
          ],
          "fullName": "CTA Component renders call-to-action buttons",
          "status": "passed",
          "title": "renders call-to-action buttons",
          "failureMessages": [],
          "duration": 33
        },
        {
          "ancestorTitles": [
            "CTA Component"
          ],
          "fullName": "CTA Component renders trust indicators",
          "status": "passed",
          "title": "renders trust indicators",
          "failureMessages": [],
          "duration": 33
        },
        {
          "ancestorTitles": [
            "CTA Component"
          ],
          "fullName": "CTA Component renders with glass panel styling",
          "status": "passed",
          "title": "renders with glass panel styling",
          "failureMessages": [],
          "duration": 31
        }
      ],
      "failureMessage": null
    },
    {
      "testFilePath": "D:\\2-Maguru\\maguru\\features\\homepage\\component\\Navbars.test.tsx",
      "testFileResults": [
        {
          "ancestorTitles": [
            "Navbar Component",
            "when user is not signed in"
          ],
          "fullName": "Navbar Component when user is not signed in renders logo and brand name",
          "status": "passed",
          "title": "renders logo and brand name",
          "failureMessages": [],
          "duration": 178
        },
        {
          "ancestorTitles": [
            "Navbar Component",
            "when user is not signed in"
          ],
          "fullName": "Navbar Component when user is not signed in renders desktop menu items",
          "status": "passed",
          "title": "renders desktop menu items",
          "failureMessages": [],
          "duration": 29
        },
        {
          "ancestorTitles": [
            "Navbar Component",
            "when user is not signed in"
          ],
          "fullName": "Navbar Component when user is not signed in renders desktop CTA buttons as links",
          "status": "passed",
          "title": "renders desktop CTA buttons as links",
          "failureMessages": [],
          "duration": 21
        },
        {
          "ancestorTitles": [
            "Navbar Component",
            "when user is not signed in"
          ],
          "fullName": "Navbar Component when user is not signed in toggles mobile menu and links close menu on click",
          "status": "passed",
          "title": "toggles mobile menu and links close menu on click",
          "failureMessages": [],
          "duration": 159
        },
        {
          "ancestorTitles": [
            "Navbar Component",
            "when user is signed in"
          ],
          "fullName": "Navbar Component when user is signed in renders sign out button and user button in desktop",
          "status": "passed",
          "title": "renders sign out button and user button in desktop",
          "failureMessages": [],
          "duration": 8
        },
        {
          "ancestorTitles": [
            "Navbar Component",
            "when user is signed in"
          ],
          "fullName": "Navbar Component when user is signed in renders sign out button and user button in mobile menu",
          "status": "passed",
          "title": "renders sign out button and user button in mobile menu",
          "failureMessages": [],
          "duration": 29
        },
        {
          "ancestorTitles": [
            "Navbar Component",
            "when user is signed in"
          ],
          "fullName": "Navbar Component when user is signed in closes mobile menu when sign out button is clicked",
          "status": "passed",
          "title": "closes mobile menu when sign out button is clicked",
          "failureMessages": [],
          "duration": 43
        },
        {
          "ancestorTitles": [
            "Navbar Component",
            "when user is signed in"
          ],
          "fullName": "Navbar Component when user is signed in sign out button has correct redirect configuration",
          "status": "passed",
          "title": "sign out button has correct redirect configuration",
          "failureMessages": [],
          "duration": 8
        }
      ],
      "failureMessage": null
    },
    {
      "testFilePath": "D:\\2-Maguru\\maguru\\features\\homepage\\component\\Course.test.tsx",
      "testFileResults": [
        {
          "ancestorTitles": [
            "Courses Component"
          ],
          "fullName": "Courses Component renders section title and description",
          "status": "passed",
          "title": "renders section title and description",
          "failureMessages": [],
          "duration": 296
        },
        {
          "ancestorTitles": [
            "Courses Component"
          ],
          "fullName": "Courses Component renders course cards with correct information",
          "status": "passed",
          "title": "renders course cards with correct information",
          "failureMessages": [],
          "duration": 93
        },
        {
          "ancestorTitles": [
            "Courses Component"
          ],
          "fullName": "Courses Component renders course ratings and statistics",
          "status": "passed",
          "title": "renders course ratings and statistics",
          "failureMessages": [],
          "duration": 25
        },
        {
          "ancestorTitles": [
            "Courses Component"
          ],
          "fullName": "Courses Component renders course level badges",
          "status": "passed",
          "title": "renders course level badges",
          "failureMessages": [],
          "duration": 31
        },
        {
          "ancestorTitles": [
            "Courses Component"
          ],
          "fullName": "Courses Component renders pricing information",
          "status": "passed",
          "title": "renders pricing information",
          "failureMessages": [],
          "duration": 47
        },
        {
          "ancestorTitles": [
            "Courses Component"
          ],
          "fullName": "Courses Component renders view all button",
          "status": "passed",
          "title": "renders view all button",
          "failureMessages": [],
          "duration": 37
        }
      ],
      "failureMessage": null
    },
    {
      "testFilePath": "D:\\2-Maguru\\maguru\\app\\dashboard\\page.test.tsx",
      "testFileResults": [
        {
          "ancestorTitles": [
            "Dashboard Page"
          ],
          "fullName": "Dashboard Page menampilkan halaman dashboard dengan informasi user",
          "status": "passed",
          "title": "menampilkan halaman dashboard dengan informasi user",
          "failureMessages": [],
          "duration": 83
        },
        {
          "ancestorTitles": [
            "Dashboard Page"
          ],
          "fullName": "Dashboard Page menampilkan loading state ketika user belum loaded",
          "status": "passed",
          "title": "menampilkan loading state ketika user belum loaded",
          "failureMessages": [],
          "duration": 4
        },
        {
          "ancestorTitles": [
            "Dashboard Page"
          ],
          "fullName": "Dashboard Page menampilkan fallback name ketika firstName tidak ada",
          "status": "passed",
          "title": "menampilkan fallback name ketika firstName tidak ada",
          "failureMessages": [],
          "duration": 15
        }
      ],
      "failureMessage": null
    }
  ]
}