{
  "numTotalTests": 34,
  "numPassedTests": 34,
  "numFailedTests": 0,
  "numPendingTests": 0,
  "startTime": "2025-07-12T03:53:20.871Z",
  "endTime": "2025-07-12T03:53:26.013Z",
  "testResults": [
    {
      "testFilePath": "D:\\2-Maguru\\maguru\\__tests__\\integration\\course\\frontend\\useEnrollment.integration.test.tsx",
      "testFileResults": [
        {
          "ancestorTitles": [
            "useEnrollment Integration",
            "Hook ↔ Adapter Integration"
          ],
          "fullName": "useEnrollment Integration Hook ↔ Adapter Integration should call enrollmentAdapter.enrollCourse with correct parameters",
          "status": "passed",
          "title": "should call enrollmentAdapter.enrollCourse with correct parameters",
          "failureMessages": [],
          "duration": 93
        },
        {
          "ancestorTitles": [
            "useEnrollment Integration",
            "Hook ↔ Adapter Integration"
          ],
          "fullName": "useEnrollment Integration Hook ↔ Adapter Integration should handle adapter error response correctly",
          "status": "passed",
          "title": "should handle adapter error response correctly",
          "failureMessages": [],
          "duration": 5
        },
        {
          "ancestorTitles": [
            "useEnrollment Integration",
            "Hook ↔ Adapter Integration"
          ],
          "fullName": "useEnrollment Integration Hook ↔ Adapter Integration should handle adapter network errors correctly",
          "status": "passed",
          "title": "should handle adapter network errors correctly",
          "failureMessages": [],
          "duration": 8
        },
        {
          "ancestorTitles": [
            "useEnrollment Integration",
            "React Query Integration"
          ],
          "fullName": "useEnrollment Integration React Query Integration should use useMutation for enrollment operations",
          "status": "passed",
          "title": "should use useMutation for enrollment operations",
          "failureMessages": [],
          "duration": 4
        },
        {
          "ancestorTitles": [
            "useEnrollment Integration",
            "React Query Integration"
          ],
          "fullName": "useEnrollment Integration React Query Integration should handle mutation success state correctly",
          "status": "passed",
          "title": "should handle mutation success state correctly",
          "failureMessages": [],
          "duration": 78
        },
        {
          "ancestorTitles": [
            "useEnrollment Integration",
            "React Query Integration"
          ],
          "fullName": "useEnrollment Integration React Query Integration should handle mutation error state correctly",
          "status": "passed",
          "title": "should handle mutation error state correctly",
          "failureMessages": [],
          "duration": 16
        },
        {
          "ancestorTitles": [
            "useEnrollment Integration",
            "State Management"
          ],
          "fullName": "useEnrollment Integration State Management should provide all required properties",
          "status": "passed",
          "title": "should provide all required properties",
          "failureMessages": [],
          "duration": 4
        },
        {
          "ancestorTitles": [
            "useEnrollment Integration",
            "State Management"
          ],
          "fullName": "useEnrollment Integration State Management should reset enrollment state",
          "status": "passed",
          "title": "should reset enrollment state",
          "failureMessages": [],
          "duration": 7
        }
      ],
      "failureMessage": null
    },
    {
      "testFilePath": "D:\\2-Maguru\\maguru\\__tests__\\integration\\course\\frontend\\hooks.integration.test.tsx",
      "testFileResults": [
        {
          "ancestorTitles": [
            "Hooks ↔ Adapters Integration",
            "useCourse Hook Integration"
          ],
          "fullName": "Hooks ↔ Adapters Integration useCourse Hook Integration should handle successful adapter calls",
          "status": "passed",
          "title": "should handle successful adapter calls",
          "failureMessages": [],
          "duration": 146
        },
        {
          "ancestorTitles": [
            "Hooks ↔ Adapters Integration",
            "useCourse Hook Integration"
          ],
          "fullName": "Hooks ↔ Adapters Integration useCourse Hook Integration should manage loading states correctly",
          "status": "passed",
          "title": "should manage loading states correctly",
          "failureMessages": [],
          "duration": 175
        },
        {
          "ancestorTitles": [
            "Hooks ↔ Adapters Integration",
            "useCourseManagement Hook Integration"
          ],
          "fullName": "Hooks ↔ Adapters Integration useCourseManagement Hook Integration should handle course creation workflow",
          "status": "passed",
          "title": "should handle course creation workflow",
          "failureMessages": [],
          "duration": 17
        },
        {
          "ancestorTitles": [
            "Hooks ↔ Adapters Integration",
            "useCourseManagement Hook Integration"
          ],
          "fullName": "Hooks ↔ Adapters Integration useCourseManagement Hook Integration should handle course update workflow",
          "status": "passed",
          "title": "should handle course update workflow",
          "failureMessages": [],
          "duration": 7
        },
        {
          "ancestorTitles": [
            "Hooks ↔ Adapters Integration",
            "useCourseManagement Hook Integration"
          ],
          "fullName": "Hooks ↔ Adapters Integration useCourseManagement Hook Integration should handle course deletion workflow",
          "status": "passed",
          "title": "should handle course deletion workflow",
          "failureMessages": [],
          "duration": 4
        },
        {
          "ancestorTitles": [
            "Hooks ↔ Adapters Integration",
            "useCourseManagement Hook Integration"
          ],
          "fullName": "Hooks ↔ Adapters Integration useCourseManagement Hook Integration should handle permission errors",
          "status": "passed",
          "title": "should handle permission errors",
          "failureMessages": [],
          "duration": 3
        },
        {
          "ancestorTitles": [
            "Hooks ↔ Adapters Integration",
            "useCourseDialog Hook Integration"
          ],
          "fullName": "Hooks ↔ Adapters Integration useCourseDialog Hook Integration should handle form data updates",
          "status": "passed",
          "title": "should handle form data updates",
          "failureMessages": [],
          "duration": 3
        },
        {
          "ancestorTitles": [
            "Hooks ↔ Adapters Integration",
            "useCourseDialog Hook Integration"
          ],
          "fullName": "Hooks ↔ Adapters Integration useCourseDialog Hook Integration should handle form validation errors",
          "status": "passed",
          "title": "should handle form validation errors",
          "failureMessages": [],
          "duration": 3
        },
        {
          "ancestorTitles": [
            "Hooks ↔ Adapters Integration",
            "useCourseDialog Hook Integration"
          ],
          "fullName": "Hooks ↔ Adapters Integration useCourseDialog Hook Integration should handle file upload with adapter",
          "status": "passed",
          "title": "should handle file upload with adapter",
          "failureMessages": [],
          "duration": 5
        },
        {
          "ancestorTitles": [
            "Hooks ↔ Adapters Integration",
            "useCourseDialog Hook Integration"
          ],
          "fullName": "Hooks ↔ Adapters Integration useCourseDialog Hook Integration should handle file upload errors",
          "status": "passed",
          "title": "should handle file upload errors",
          "failureMessages": [],
          "duration": 2
        },
        {
          "ancestorTitles": [
            "Hooks ↔ Adapters Integration",
            "Error Recovery and Retry"
          ],
          "fullName": "Hooks ↔ Adapters Integration Error Recovery and Retry should allow retry after network failure",
          "status": "passed",
          "title": "should allow retry after network failure",
          "failureMessages": [],
          "duration": 37
        },
        {
          "ancestorTitles": [
            "Hooks ↔ Adapters Integration",
            "Error Recovery and Retry"
          ],
          "fullName": "Hooks ↔ Adapters Integration Error Recovery and Retry should clear errors on successful retry",
          "status": "passed",
          "title": "should clear errors on successful retry",
          "failureMessages": [],
          "duration": 12
        },
        {
          "ancestorTitles": [
            "Hooks ↔ Adapters Integration",
            "Data Consistency"
          ],
          "fullName": "Hooks ↔ Adapters Integration Data Consistency should maintain data consistency across operations",
          "status": "passed",
          "title": "should maintain data consistency across operations",
          "failureMessages": [],
          "duration": 66
        }
      ],
      "failureMessage": null
    },
    {
      "testFilePath": "D:\\2-Maguru\\maguru\\__tests__\\integration\\course\\frontend\\useEnrollmentStatus.integration.test.tsx",
      "testFileResults": [
        {
          "ancestorTitles": [
            "useEnrollmentStatus Integration",
            "Hook ↔ Adapter Integration"
          ],
          "fullName": "useEnrollmentStatus Integration Hook ↔ Adapter Integration should call enrollmentAdapter.getEnrollmentStatus with courseId",
          "status": "passed",
          "title": "should call enrollmentAdapter.getEnrollmentStatus with courseId",
          "failureMessages": [],
          "duration": 102
        },
        {
          "ancestorTitles": [
            "useEnrollmentStatus Integration",
            "Hook ↔ Adapter Integration"
          ],
          "fullName": "useEnrollmentStatus Integration Hook ↔ Adapter Integration should handle adapter success response correctly",
          "status": "passed",
          "title": "should handle adapter success response correctly",
          "failureMessages": [],
          "duration": 80
        },
        {
          "ancestorTitles": [
            "useEnrollmentStatus Integration",
            "Hook ↔ Adapter Integration"
          ],
          "fullName": "useEnrollmentStatus Integration Hook ↔ Adapter Integration should handle adapter error response correctly",
          "status": "passed",
          "title": "should handle adapter error response correctly",
          "failureMessages": [],
          "duration": 17
        },
        {
          "ancestorTitles": [
            "useEnrollmentStatus Integration",
            "Hook ↔ Adapter Integration"
          ],
          "fullName": "useEnrollmentStatus Integration Hook ↔ Adapter Integration should handle adapter network errors correctly",
          "status": "passed",
          "title": "should handle adapter network errors correctly",
          "failureMessages": [],
          "duration": 15
        },
        {
          "ancestorTitles": [
            "useEnrollmentStatus Integration",
            "React Query Integration"
          ],
          "fullName": "useEnrollmentStatus Integration React Query Integration should use useQuery for status checking",
          "status": "passed",
          "title": "should use useQuery for status checking",
          "failureMessages": [],
          "duration": 84
        },
        {
          "ancestorTitles": [
            "useEnrollmentStatus Integration",
            "React Query Integration"
          ],
          "fullName": "useEnrollmentStatus Integration React Query Integration should enable query only when courseId is provided",
          "status": "passed",
          "title": "should enable query only when courseId is provided",
          "failureMessages": [],
          "duration": 3
        },
        {
          "ancestorTitles": [
            "useEnrollmentStatus Integration",
            "React Query Integration"
          ],
          "fullName": "useEnrollmentStatus Integration React Query Integration should use correct query key",
          "status": "passed",
          "title": "should use correct query key",
          "failureMessages": [],
          "duration": 78
        },
        {
          "ancestorTitles": [
            "useEnrollmentStatus Integration",
            "React Query Integration"
          ],
          "fullName": "useEnrollmentStatus Integration React Query Integration should handle query errors properly",
          "status": "passed",
          "title": "should handle query errors properly",
          "failureMessages": [],
          "duration": 10
        },
        {
          "ancestorTitles": [
            "useEnrollmentStatus Integration",
            "State Management"
          ],
          "fullName": "useEnrollmentStatus Integration State Management should manage loading state correctly",
          "status": "passed",
          "title": "should manage loading state correctly",
          "failureMessages": [],
          "duration": 198
        },
        {
          "ancestorTitles": [
            "useEnrollmentStatus Integration",
            "State Management"
          ],
          "fullName": "useEnrollmentStatus Integration State Management should manage error state correctly",
          "status": "passed",
          "title": "should manage error state correctly",
          "failureMessages": [],
          "duration": 13
        },
        {
          "ancestorTitles": [
            "useEnrollmentStatus Integration",
            "State Management"
          ],
          "fullName": "useEnrollmentStatus Integration State Management should manage data state correctly",
          "status": "passed",
          "title": "should manage data state correctly",
          "failureMessages": [],
          "duration": 89
        },
        {
          "ancestorTitles": [
            "useEnrollmentStatus Integration",
            "State Management"
          ],
          "fullName": "useEnrollmentStatus Integration State Management should handle state transitions correctly",
          "status": "passed",
          "title": "should handle state transitions correctly",
          "failureMessages": [],
          "duration": 87
        },
        {
          "ancestorTitles": [
            "useEnrollmentStatus Integration",
            "Hook Structure"
          ],
          "fullName": "useEnrollmentStatus Integration Hook Structure should provide all required properties",
          "status": "passed",
          "title": "should provide all required properties",
          "failureMessages": [],
          "duration": 70
        }
      ],
      "failureMessage": null
    }
  ]
}