{
  "numTotalTests": 35,
  "numPassedTests": 35,
  "numFailedTests": 0,
  "numPendingTests": 0,
  "startTime": "2025-07-10T16:54:44.918Z",
  "endTime": "2025-07-10T16:55:28.365Z",
  "testResults": [
    {
      "testFilePath": "D:\\2-Maguru\\maguru\\__tests__\\integration\\course\\backend\\enrollmentAdapter.integration.test.ts",
      "testFileResults": [
        {
          "ancestorTitles": [
            "EnrollmentAdapter Integration",
            "Network Error Propagation"
          ],
          "fullName": "EnrollmentAdapter Integration Network Error Propagation should propagate network errors from adapter to service",
          "status": "passed",
          "title": "should propagate network errors from adapter to service",
          "failureMessages": [],
          "duration": 3014
        },
        {
          "ancestorTitles": [
            "EnrollmentAdapter Integration",
            "Network Error Propagation"
          ],
          "fullName": "EnrollmentAdapter Integration Network Error Propagation should handle network timeout gracefully",
          "status": "passed",
          "title": "should handle network timeout gracefully",
          "failureMessages": [],
          "duration": 3033
        },
        {
          "ancestorTitles": [
            "EnrollmentAdapter Integration",
            "Network Error Propagation"
          ],
          "fullName": "EnrollmentAdapter Integration Network Error Propagation should handle connection refused errors",
          "status": "passed",
          "title": "should handle connection refused errors",
          "failureMessages": [],
          "duration": 3021
        },
        {
          "ancestorTitles": [
            "EnrollmentAdapter Integration",
            "Network Error Propagation"
          ],
          "fullName": "EnrollmentAdapter Integration Network Error Propagation should handle DNS resolution failures",
          "status": "passed",
          "title": "should handle DNS resolution failures",
          "failureMessages": [],
          "duration": 3018
        },
        {
          "ancestorTitles": [
            "EnrollmentAdapter Integration",
            "API Error Handling"
          ],
          "fullName": "EnrollmentAdapter Integration API Error Handling should handle 401 Unauthorized errors properly",
          "status": "passed",
          "title": "should handle 401 Unauthorized errors properly",
          "failureMessages": [],
          "duration": 3
        },
        {
          "ancestorTitles": [
            "EnrollmentAdapter Integration",
            "API Error Handling"
          ],
          "fullName": "EnrollmentAdapter Integration API Error Handling should handle 403 Forbidden errors properly",
          "status": "passed",
          "title": "should handle 403 Forbidden errors properly",
          "failureMessages": [],
          "duration": 0
        },
        {
          "ancestorTitles": [
            "EnrollmentAdapter Integration",
            "API Error Handling"
          ],
          "fullName": "EnrollmentAdapter Integration API Error Handling should handle 404 Not Found errors properly",
          "status": "passed",
          "title": "should handle 404 Not Found errors properly",
          "failureMessages": [],
          "duration": 1
        },
        {
          "ancestorTitles": [
            "EnrollmentAdapter Integration",
            "API Error Handling"
          ],
          "fullName": "EnrollmentAdapter Integration API Error Handling should handle 409 Conflict errors properly",
          "status": "passed",
          "title": "should handle 409 Conflict errors properly",
          "failureMessages": [],
          "duration": 1
        },
        {
          "ancestorTitles": [
            "EnrollmentAdapter Integration",
            "API Error Handling"
          ],
          "fullName": "EnrollmentAdapter Integration API Error Handling should handle 422 Validation errors properly",
          "status": "passed",
          "title": "should handle 422 Validation errors properly",
          "failureMessages": [],
          "duration": 1
        },
        {
          "ancestorTitles": [
            "EnrollmentAdapter Integration",
            "API Error Handling"
          ],
          "fullName": "EnrollmentAdapter Integration API Error Handling should handle 500 Internal Server errors properly",
          "status": "passed",
          "title": "should handle 500 Internal Server errors properly",
          "failureMessages": [],
          "duration": 3013
        },
        {
          "ancestorTitles": [
            "EnrollmentAdapter Integration",
            "Error State Management"
          ],
          "fullName": "EnrollmentAdapter Integration Error State Management should provide meaningful error messages",
          "status": "passed",
          "title": "should provide meaningful error messages",
          "failureMessages": [],
          "duration": 1
        },
        {
          "ancestorTitles": [
            "EnrollmentAdapter Integration",
            "Error State Management"
          ],
          "fullName": "EnrollmentAdapter Integration Error State Management should handle malformed error responses",
          "status": "passed",
          "title": "should handle malformed error responses",
          "failureMessages": [],
          "duration": 3008
        },
        {
          "ancestorTitles": [
            "EnrollmentAdapter Integration",
            "Error State Management"
          ],
          "fullName": "EnrollmentAdapter Integration Error State Management should handle non-JSON error responses",
          "status": "passed",
          "title": "should handle non-JSON error responses",
          "failureMessages": [],
          "duration": 3011
        },
        {
          "ancestorTitles": [
            "EnrollmentAdapter Integration",
            "Error State Management"
          ],
          "fullName": "EnrollmentAdapter Integration Error State Management should handle empty error responses",
          "status": "passed",
          "title": "should handle empty error responses",
          "failureMessages": [],
          "duration": 3018
        },
        {
          "ancestorTitles": [
            "EnrollmentAdapter Integration",
            "Retry Mechanisms"
          ],
          "fullName": "EnrollmentAdapter Integration Retry Mechanisms should handle temporary network failures gracefully",
          "status": "passed",
          "title": "should handle temporary network failures gracefully",
          "failureMessages": [],
          "duration": 1018
        },
        {
          "ancestorTitles": [
            "EnrollmentAdapter Integration",
            "Retry Mechanisms"
          ],
          "fullName": "EnrollmentAdapter Integration Retry Mechanisms should not retry on permanent errors",
          "status": "passed",
          "title": "should not retry on permanent errors",
          "failureMessages": [],
          "duration": 2
        },
        {
          "ancestorTitles": [
            "EnrollmentAdapter Integration",
            "Retry Mechanisms"
          ],
          "fullName": "EnrollmentAdapter Integration Retry Mechanisms should respect retry-after header",
          "status": "passed",
          "title": "should respect retry-after header",
          "failureMessages": [],
          "duration": 4
        },
        {
          "ancestorTitles": [
            "EnrollmentAdapter Integration",
            "Retry Mechanisms"
          ],
          "fullName": "EnrollmentAdapter Integration Retry Mechanisms should implement exponential backoff",
          "status": "passed",
          "title": "should implement exponential backoff",
          "failureMessages": [],
          "duration": 3022
        },
        {
          "ancestorTitles": [
            "EnrollmentAdapter Integration",
            "Retry Mechanisms"
          ],
          "fullName": "EnrollmentAdapter Integration Retry Mechanisms should limit maximum retry attempts",
          "status": "passed",
          "title": "should limit maximum retry attempts",
          "failureMessages": [],
          "duration": 3015
        },
        {
          "ancestorTitles": [
            "EnrollmentAdapter Integration",
            "Different Error Types"
          ],
          "fullName": "EnrollmentAdapter Integration Different Error Types should handle CORS errors",
          "status": "passed",
          "title": "should handle CORS errors",
          "failureMessages": [],
          "duration": 3011
        },
        {
          "ancestorTitles": [
            "EnrollmentAdapter Integration",
            "Different Error Types"
          ],
          "fullName": "EnrollmentAdapter Integration Different Error Types should handle SSL/TLS errors",
          "status": "passed",
          "title": "should handle SSL/TLS errors",
          "failureMessages": [],
          "duration": 3021
        },
        {
          "ancestorTitles": [
            "EnrollmentAdapter Integration",
            "Different Error Types"
          ],
          "fullName": "EnrollmentAdapter Integration Different Error Types should handle rate limiting errors",
          "status": "passed",
          "title": "should handle rate limiting errors",
          "failureMessages": [],
          "duration": 3
        },
        {
          "ancestorTitles": [
            "EnrollmentAdapter Integration",
            "Different Error Types"
          ],
          "fullName": "EnrollmentAdapter Integration Different Error Types should handle server overload errors",
          "status": "passed",
          "title": "should handle server overload errors",
          "failureMessages": [],
          "duration": 3025
        },
        {
          "ancestorTitles": [
            "EnrollmentAdapter Integration",
            "Data Transformation"
          ],
          "fullName": "EnrollmentAdapter Integration Data Transformation should transform API response data correctly",
          "status": "passed",
          "title": "should transform API response data correctly",
          "failureMessages": [],
          "duration": 16
        },
        {
          "ancestorTitles": [
            "EnrollmentAdapter Integration",
            "Data Transformation"
          ],
          "fullName": "EnrollmentAdapter Integration Data Transformation should handle empty response data",
          "status": "passed",
          "title": "should handle empty response data",
          "failureMessages": [],
          "duration": 4
        },
        {
          "ancestorTitles": [
            "EnrollmentAdapter Integration",
            "Data Transformation"
          ],
          "fullName": "EnrollmentAdapter Integration Data Transformation should handle null response data",
          "status": "passed",
          "title": "should handle null response data",
          "failureMessages": [],
          "duration": 3
        },
        {
          "ancestorTitles": [
            "EnrollmentAdapter Integration",
            "Data Transformation"
          ],
          "fullName": "EnrollmentAdapter Integration Data Transformation should validate response schema",
          "status": "passed",
          "title": "should validate response schema",
          "failureMessages": [],
          "duration": 1
        },
        {
          "ancestorTitles": [
            "EnrollmentAdapter Integration",
            "Request/Response Headers"
          ],
          "fullName": "EnrollmentAdapter Integration Request/Response Headers should include proper authentication headers",
          "status": "passed",
          "title": "should include proper authentication headers",
          "failureMessages": [],
          "duration": 4
        },
        {
          "ancestorTitles": [
            "EnrollmentAdapter Integration",
            "Request/Response Headers"
          ],
          "fullName": "EnrollmentAdapter Integration Request/Response Headers should handle missing auth token gracefully",
          "status": "passed",
          "title": "should handle missing auth token gracefully",
          "failureMessages": [],
          "duration": 1
        },
        {
          "ancestorTitles": [
            "EnrollmentAdapter Integration",
            "Request/Response Headers"
          ],
          "fullName": "EnrollmentAdapter Integration Request/Response Headers should include proper content-type headers for POST requests",
          "status": "passed",
          "title": "should include proper content-type headers for POST requests",
          "failureMessages": [],
          "duration": 2
        },
        {
          "ancestorTitles": [
            "EnrollmentAdapter Integration",
            "Request/Response Headers"
          ],
          "fullName": "EnrollmentAdapter Integration Request/Response Headers should handle custom headers correctly",
          "status": "passed",
          "title": "should handle custom headers correctly",
          "failureMessages": [],
          "duration": 3
        },
        {
          "ancestorTitles": [
            "EnrollmentAdapter Integration",
            "Successful API Calls"
          ],
          "fullName": "EnrollmentAdapter Integration Successful API Calls should handle successful POST enrollment",
          "status": "passed",
          "title": "should handle successful POST enrollment",
          "failureMessages": [],
          "duration": 1
        },
        {
          "ancestorTitles": [
            "EnrollmentAdapter Integration",
            "Successful API Calls"
          ],
          "fullName": "EnrollmentAdapter Integration Successful API Calls should handle successful GET enrollments",
          "status": "passed",
          "title": "should handle successful GET enrollments",
          "failureMessages": [],
          "duration": 2
        },
        {
          "ancestorTitles": [
            "EnrollmentAdapter Integration",
            "Successful API Calls"
          ],
          "fullName": "EnrollmentAdapter Integration Successful API Calls should handle successful GET enrollment status",
          "status": "passed",
          "title": "should handle successful GET enrollment status",
          "failureMessages": [],
          "duration": 3
        },
        {
          "ancestorTitles": [
            "EnrollmentAdapter Integration",
            "Successful API Calls"
          ],
          "fullName": "EnrollmentAdapter Integration Successful API Calls should handle successful DELETE enrollment",
          "status": "passed",
          "title": "should handle successful DELETE enrollment",
          "failureMessages": [],
          "duration": 1
        }
      ],
      "failureMessage": null
    }
  ]
}