{
  "numTotalTests": 31,
  "numPassedTests": 31,
  "numFailedTests": 0,
  "numPendingTests": 0,
  "startTime": "2025-07-10T23:18:17.885Z",
  "endTime": "2025-07-10T23:18:56.456Z",
  "testResults": [
    {
      "testFilePath": "D:\\2-Maguru\\maguru\\features\\course\\adapters\\enrollmentAdapter.test.ts",
      "testFileResults": [
        {
          "ancestorTitles": [
            "EnrollmentAdapter",
            "createEnrollment"
          ],
          "fullName": "EnrollmentAdapter createEnrollment should make successful POST request with auth",
          "status": "passed",
          "title": "should make successful POST request with auth",
          "failureMessages": [],
          "duration": 19
        },
        {
          "ancestorTitles": [
            "EnrollmentAdapter",
            "createEnrollment"
          ],
          "fullName": "EnrollmentAdapter createEnrollment should handle missing authentication (401)",
          "status": "passed",
          "title": "should handle missing authentication (401)",
          "failureMessages": [],
          "duration": 5
        },
        {
          "ancestorTitles": [
            "EnrollmentAdapter",
            "createEnrollment"
          ],
          "fullName": "EnrollmentAdapter createEnrollment should handle forbidden access (403)",
          "status": "passed",
          "title": "should handle forbidden access (403)",
          "failureMessages": [],
          "duration": 2
        },
        {
          "ancestorTitles": [
            "EnrollmentAdapter",
            "createEnrollment"
          ],
          "fullName": "EnrollmentAdapter createEnrollment should handle validation errors (400)",
          "status": "passed",
          "title": "should handle validation errors (400)",
          "failureMessages": [],
          "duration": 3
        },
        {
          "ancestorTitles": [
            "EnrollmentAdapter",
            "createEnrollment"
          ],
          "fullName": "EnrollmentAdapter createEnrollment should handle duplicate enrollment (409)",
          "status": "passed",
          "title": "should handle duplicate enrollment (409)",
          "failureMessages": [],
          "duration": 2
        },
        {
          "ancestorTitles": [
            "EnrollmentAdapter",
            "createEnrollment"
          ],
          "fullName": "EnrollmentAdapter createEnrollment should handle course not found (404)",
          "status": "passed",
          "title": "should handle course not found (404)",
          "failureMessages": [],
          "duration": 1
        },
        {
          "ancestorTitles": [
            "EnrollmentAdapter",
            "createEnrollment"
          ],
          "fullName": "EnrollmentAdapter createEnrollment should handle network errors",
          "status": "passed",
          "title": "should handle network errors",
          "failureMessages": [],
          "duration": 3016
        },
        {
          "ancestorTitles": [
            "EnrollmentAdapter",
            "createEnrollment"
          ],
          "fullName": "EnrollmentAdapter createEnrollment should handle timeout errors",
          "status": "passed",
          "title": "should handle timeout errors",
          "failureMessages": [],
          "duration": 3011
        },
        {
          "ancestorTitles": [
            "EnrollmentAdapter",
            "createEnrollment"
          ],
          "fullName": "EnrollmentAdapter createEnrollment should retry on temporary failures",
          "status": "passed",
          "title": "should retry on temporary failures",
          "failureMessages": [],
          "duration": 1004
        },
        {
          "ancestorTitles": [
            "EnrollmentAdapter",
            "createEnrollment"
          ],
          "fullName": "EnrollmentAdapter createEnrollment should handle malformed response",
          "status": "passed",
          "title": "should handle malformed response",
          "failureMessages": [],
          "duration": 4
        },
        {
          "ancestorTitles": [
            "EnrollmentAdapter",
            "getEnrollments"
          ],
          "fullName": "EnrollmentAdapter getEnrollments should make successful GET request with auth",
          "status": "passed",
          "title": "should make successful GET request with auth",
          "failureMessages": [],
          "duration": 6
        },
        {
          "ancestorTitles": [
            "EnrollmentAdapter",
            "getEnrollments"
          ],
          "fullName": "EnrollmentAdapter getEnrollments should handle pagination parameters",
          "status": "passed",
          "title": "should handle pagination parameters",
          "failureMessages": [],
          "duration": 3
        },
        {
          "ancestorTitles": [
            "EnrollmentAdapter",
            "getEnrollments"
          ],
          "fullName": "EnrollmentAdapter getEnrollments should handle missing authentication",
          "status": "passed",
          "title": "should handle missing authentication",
          "failureMessages": [],
          "duration": 3
        },
        {
          "ancestorTitles": [
            "EnrollmentAdapter",
            "getEnrollments"
          ],
          "fullName": "EnrollmentAdapter getEnrollments should handle network errors",
          "status": "passed",
          "title": "should handle network errors",
          "failureMessages": [],
          "duration": 3005
        },
        {
          "ancestorTitles": [
            "EnrollmentAdapter",
            "getEnrollments"
          ],
          "fullName": "EnrollmentAdapter getEnrollments should handle API error responses",
          "status": "passed",
          "title": "should handle API error responses",
          "failureMessages": [],
          "duration": 3028
        },
        {
          "ancestorTitles": [
            "EnrollmentAdapter",
            "getEnrollments"
          ],
          "fullName": "EnrollmentAdapter getEnrollments should transform response data correctly",
          "status": "passed",
          "title": "should transform response data correctly",
          "failureMessages": [],
          "duration": 5
        },
        {
          "ancestorTitles": [
            "EnrollmentAdapter",
            "getEnrollmentStatus"
          ],
          "fullName": "EnrollmentAdapter getEnrollmentStatus should make successful GET request",
          "status": "passed",
          "title": "should make successful GET request",
          "failureMessages": [],
          "duration": 3
        },
        {
          "ancestorTitles": [
            "EnrollmentAdapter",
            "getEnrollmentStatus"
          ],
          "fullName": "EnrollmentAdapter getEnrollmentStatus should handle course not found",
          "status": "passed",
          "title": "should handle course not found",
          "failureMessages": [],
          "duration": 7
        },
        {
          "ancestorTitles": [
            "EnrollmentAdapter",
            "getEnrollmentStatus"
          ],
          "fullName": "EnrollmentAdapter getEnrollmentStatus should handle authentication errors",
          "status": "passed",
          "title": "should handle authentication errors",
          "failureMessages": [],
          "duration": 2
        },
        {
          "ancestorTitles": [
            "EnrollmentAdapter",
            "getEnrollmentStatus"
          ],
          "fullName": "EnrollmentAdapter getEnrollmentStatus should handle network errors",
          "status": "passed",
          "title": "should handle network errors",
          "failureMessages": [],
          "duration": 3052
        },
        {
          "ancestorTitles": [
            "EnrollmentAdapter",
            "getEnrollmentStatus"
          ],
          "fullName": "EnrollmentAdapter getEnrollmentStatus should return correct enrollment status",
          "status": "passed",
          "title": "should return correct enrollment status",
          "failureMessages": [],
          "duration": 1
        },
        {
          "ancestorTitles": [
            "EnrollmentAdapter",
            "deleteEnrollment"
          ],
          "fullName": "EnrollmentAdapter deleteEnrollment should make successful DELETE request with auth",
          "status": "passed",
          "title": "should make successful DELETE request with auth",
          "failureMessages": [],
          "duration": 3
        },
        {
          "ancestorTitles": [
            "EnrollmentAdapter",
            "deleteEnrollment"
          ],
          "fullName": "EnrollmentAdapter deleteEnrollment should handle missing authentication",
          "status": "passed",
          "title": "should handle missing authentication",
          "failureMessages": [],
          "duration": 2
        },
        {
          "ancestorTitles": [
            "EnrollmentAdapter",
            "deleteEnrollment"
          ],
          "fullName": "EnrollmentAdapter deleteEnrollment should handle enrollment not found",
          "status": "passed",
          "title": "should handle enrollment not found",
          "failureMessages": [],
          "duration": 1
        },
        {
          "ancestorTitles": [
            "EnrollmentAdapter",
            "deleteEnrollment"
          ],
          "fullName": "EnrollmentAdapter deleteEnrollment should handle unauthorized deletion",
          "status": "passed",
          "title": "should handle unauthorized deletion",
          "failureMessages": [],
          "duration": 4
        },
        {
          "ancestorTitles": [
            "EnrollmentAdapter",
            "deleteEnrollment"
          ],
          "fullName": "EnrollmentAdapter deleteEnrollment should handle network errors",
          "status": "passed",
          "title": "should handle network errors",
          "failureMessages": [],
          "duration": 3014
        },
        {
          "ancestorTitles": [
            "EnrollmentAdapter",
            "Error Handling"
          ],
          "fullName": "EnrollmentAdapter Error Handling should handle CORS errors",
          "status": "passed",
          "title": "should handle CORS errors",
          "failureMessages": [],
          "duration": 3010
        },
        {
          "ancestorTitles": [
            "EnrollmentAdapter",
            "Error Handling"
          ],
          "fullName": "EnrollmentAdapter Error Handling should handle SSL/TLS errors",
          "status": "passed",
          "title": "should handle SSL/TLS errors",
          "failureMessages": [],
          "duration": 3016
        },
        {
          "ancestorTitles": [
            "EnrollmentAdapter",
            "Error Handling"
          ],
          "fullName": "EnrollmentAdapter Error Handling should handle rate limiting errors",
          "status": "passed",
          "title": "should handle rate limiting errors",
          "failureMessages": [],
          "duration": 5
        },
        {
          "ancestorTitles": [
            "EnrollmentAdapter",
            "Error Handling"
          ],
          "fullName": "EnrollmentAdapter Error Handling should respect retry-after header",
          "status": "passed",
          "title": "should respect retry-after header",
          "failureMessages": [],
          "duration": 2
        },
        {
          "ancestorTitles": [
            "EnrollmentAdapter",
            "Error Handling"
          ],
          "fullName": "EnrollmentAdapter Error Handling should handle different error response formats",
          "status": "passed",
          "title": "should handle different error response formats",
          "failureMessages": [],
          "duration": 3023
        }
      ],
      "failureMessage": null
    }
  ]
}