{
  "numTotalTests": 7,
  "numPassedTests": 7,
  "numFailedTests": 0,
  "numPendingTests": 0,
  "startTime": "2025-06-26T13:03:47.162Z",
  "endTime": "2025-06-26T13:03:51.867Z",
  "testResults": [
    {
      "testFilePath": "D:\\2-Maguru\\maguru\\app\\sign-in\\page.test.tsx",
      "testFileResults": [
        {
          "ancestorTitles": [
            "Halaman SignIn"
          ],
          "fullName": "Halaman SignIn menampilkan wrapper glass panel dan komponen SignIn Clerk",
          "status": "passed",
          "title": "menampilkan wrapper glass panel dan komponen SignIn Clerk",
          "failureMessages": [],
          "duration": 70
        }
      ],
      "failureMessage": null
    },
    {
      "testFilePath": "D:\\2-Maguru\\maguru\\app\\dashboard\\page.test.tsx",
      "testFileResults": [
        {
          "ancestorTitles": [
            "Dashboard Page"
          ],
          "fullName": "Dashboard Page menampilkan halaman dashboard dengan informasi user",
          "status": "passed",
          "title": "menampilkan halaman dashboard dengan informasi user",
          "failureMessages": [],
          "duration": 169
        }
      ],
      "failureMessage": null
    },
    {
      "testFilePath": "D:\\2-Maguru\\maguru\\app\\sign-up\\page.test.tsx",
      "testFileResults": [
        {
          "ancestorTitles": [
            "Halaman SignUp"
          ],
          "fullName": "Halaman SignUp menampilkan wrapper glass panel dan komponen SignUp Clerk",
          "status": "passed",
          "title": "menampilkan wrapper glass panel dan komponen SignUp Clerk",
          "failureMessages": [],
          "duration": 68
        }
      ],
      "failureMessage": null
    },
    {
      "testFilePath": "D:\\2-Maguru\\maguru\\features\\homepage\\component\\Navbar.test.tsx",
      "testFileResults": [
        {
          "ancestorTitles": [
            "Navbar Component"
          ],
          "fullName": "Navbar Component renders logo and brand name",
          "status": "passed",
          "title": "renders logo and brand name",
          "failureMessages": [],
          "duration": 69
        },
        {
          "ancestorTitles": [
            "Navbar Component"
          ],
          "fullName": "Navbar Component renders desktop menu items",
          "status": "passed",
          "title": "renders desktop menu items",
          "failureMessages": [],
          "duration": 10
        },
        {
          "ancestorTitles": [
            "Navbar Component"
          ],
          "fullName": "Navbar Component renders desktop CTA buttons as links",
          "status": "passed",
          "title": "renders desktop CTA buttons as links",
          "failureMessages": [],
          "duration": 8
        },
        {
          "ancestorTitles": [
            "Navbar Component"
          ],
          "fullName": "Navbar Component toggles mobile menu and links close menu on click",
          "status": "passed",
          "title": "toggles mobile menu and links close menu on click",
          "failureMessages": [],
          "duration": 78
        }
      ],
      "failureMessage": null
    }
  ]
}