{
  "numTotalTests": 76,
  "numPassedTests": 48,
  "numFailedTests": 28,
  "numPendingTests": 0,
  "startTime": "2025-06-27T09:02:32.021Z",
  "endTime": "2025-06-27T09:02:46.039Z",
  "testResults": [
    {
      "testFilePath": "D:\\2-Maguru\\maguru\\app\\sign-in\\[[...sign-in]]\\page.test.tsx",
      "testFileResults": [
        {
          "ancestorTitles": [
            "Halaman SignIn"
          ],
          "fullName": "Halaman SignIn menampilkan wrapper glass panel dan komponen SignIn Clerk",
          "status": "passed",
          "title": "menampilkan wrapper glass panel dan komponen SignIn Clerk",
          "failureMessages": [],
          "duration": 142
        }
      ],
      "failureMessage": null
    },
    {
      "testFilePath": "D:\\2-Maguru\\maguru\\features\\homepage\\component\\Stat.test.tsx",
      "testFileResults": [
        {
          "ancestorTitles": [
            "Stats Component"
          ],
          "fullName": "Stats Component renders all statistics values correctly",
          "status": "passed",
          "title": "renders all statistics values correctly",
          "failureMessages": [],
          "duration": 110
        },
        {
          "ancestorTitles": [
            "Stats Component"
          ],
          "fullName": "Stats Component renders all statistic labels correctly",
          "status": "passed",
          "title": "renders all statistic labels correctly",
          "failureMessages": [],
          "duration": 30
        },
        {
          "ancestorTitles": [
            "Stats Component"
          ],
          "fullName": "Stats Component renders inside a glass panel",
          "status": "passed",
          "title": "renders inside a glass panel",
          "failureMessages": [],
          "duration": 25
        }
      ],
      "failureMessage": null
    },
    {
      "testFilePath": "D:\\2-Maguru\\maguru\\features\\homepage\\component\\Feature.test.tsx",
      "testFileResults": [
        {
          "ancestorTitles": [
            "Features Component"
          ],
          "fullName": "Features Component renders section title and description",
          "status": "passed",
          "title": "renders section title and description",
          "failureMessages": [],
          "duration": 116
        },
        {
          "ancestorTitles": [
            "Features Component"
          ],
          "fullName": "Features Component renders all feature cards with correct titles",
          "status": "passed",
          "title": "renders all feature cards with correct titles",
          "failureMessages": [],
          "duration": 42
        },
        {
          "ancestorTitles": [
            "Features Component"
          ],
          "fullName": "Features Component renders feature descriptions correctly",
          "status": "passed",
          "title": "renders feature descriptions correctly",
          "failureMessages": [],
          "duration": 38
        }
      ],
      "failureMessage": null
    },
    {
      "testFilePath": "D:\\2-Maguru\\maguru\\features\\homepage\\component\\Cts.test.tsx",
      "testFileResults": [
        {
          "ancestorTitles": [
            "CTA Component"
          ],
          "fullName": "CTA Component renders headline and sub-headline",
          "status": "passed",
          "title": "renders headline and sub-headline",
          "failureMessages": [],
          "duration": 142
        },
        {
          "ancestorTitles": [
            "CTA Component"
          ],
          "fullName": "CTA Component renders call-to-action buttons",
          "status": "passed",
          "title": "renders call-to-action buttons",
          "failureMessages": [],
          "duration": 21
        },
        {
          "ancestorTitles": [
            "CTA Component"
          ],
          "fullName": "CTA Component renders trust indicators",
          "status": "passed",
          "title": "renders trust indicators",
          "failureMessages": [],
          "duration": 22
        },
        {
          "ancestorTitles": [
            "CTA Component"
          ],
          "fullName": "CTA Component renders with glass panel styling",
          "status": "passed",
          "title": "renders with glass panel styling",
          "failureMessages": [],
          "duration": 15
        }
      ],
      "failureMessage": null
    },
    {
      "testFilePath": "D:\\2-Maguru\\maguru\\features\\homepage\\component\\Testimonial.test.tsx",
      "testFileResults": [
        {
          "ancestorTitles": [
            "Testimonials Component"
          ],
          "fullName": "Testimonials Component renders section title and description",
          "status": "passed",
          "title": "renders section title and description",
          "failureMessages": [],
          "duration": 116
        },
        {
          "ancestorTitles": [
            "Testimonials Component"
          ],
          "fullName": "Testimonials Component renders all testimonial cards with correct names and roles",
          "status": "passed",
          "title": "renders all testimonial cards with correct names and roles",
          "failureMessages": [],
          "duration": 61
        },
        {
          "ancestorTitles": [
            "Testimonials Component"
          ],
          "fullName": "Testimonials Component renders testimonial quotes correctly",
          "status": "passed",
          "title": "renders testimonial quotes correctly",
          "failureMessages": [],
          "duration": 148
        },
        {
          "ancestorTitles": [
            "Testimonials Component"
          ],
          "fullName": "Testimonials Component renders 5-star ratings for all testimonials",
          "status": "passed",
          "title": "renders 5-star ratings for all testimonials",
          "failureMessages": [],
          "duration": 28
        }
      ],
      "failureMessage": null
    },
    {
      "testFilePath": "D:\\2-Maguru\\maguru\\features\\homepage\\component\\Footers.test.tsx",
      "testFileResults": [
        {
          "ancestorTitles": [
            "Footer Component"
          ],
          "fullName": "Footer Component renders brand info",
          "status": "passed",
          "title": "renders brand info",
          "failureMessages": [],
          "duration": 104
        },
        {
          "ancestorTitles": [
            "Footer Component"
          ],
          "fullName": "Footer Component renders contact information",
          "status": "passed",
          "title": "renders contact information",
          "failureMessages": [],
          "duration": 37
        },
        {
          "ancestorTitles": [
            "Footer Component"
          ],
          "fullName": "Footer Component renders course links section",
          "status": "passed",
          "title": "renders course links section",
          "failureMessages": [],
          "duration": 91
        },
        {
          "ancestorTitles": [
            "Footer Component"
          ],
          "fullName": "Footer Component renders company links section",
          "status": "passed",
          "title": "renders company links section",
          "failureMessages": [],
          "duration": 80
        },
        {
          "ancestorTitles": [
            "Footer Component"
          ],
          "fullName": "Footer Component renders support links section",
          "status": "passed",
          "title": "renders support links section",
          "failureMessages": [],
          "duration": 31
        },
        {
          "ancestorTitles": [
            "Footer Component"
          ],
          "fullName": "Footer Component renders copyright and social links",
          "status": "passed",
          "title": "renders copyright and social links",
          "failureMessages": [],
          "duration": 49
        }
      ],
      "failureMessage": null
    },
    {
      "testFilePath": "D:\\2-Maguru\\maguru\\app\\admin\\dashboard\\page.test.tsx",
      "testFileResults": [
        {
          "ancestorTitles": [
            "AdminDashboardPage"
          ],
          "fullName": "AdminDashboardPage should render loading state when user is not loaded",
          "status": "failed",
          "title": "should render loading state when user is not loaded",
          "failureMessages": [
            "TypeError: Cannot destructure property 'user' of '((cov_qh63e00s0(...).s[11]++) , (0 , _nextjs.useUser)(...))' as it is undefined.\n    at user (D:\\2-Maguru\\maguru\\app\\admin\\dashboard\\page.tsx:18:11)\n    at Object.react-stack-bottom-frame (D:\\2-Maguru\\maguru\\node_modules\\react-dom\\cjs\\react-dom-client.development.js:23863:20)\n    at renderWithHooks (D:\\2-Maguru\\maguru\\node_modules\\react-dom\\cjs\\react-dom-client.development.js:5529:22)\n    at updateFunctionComponent (D:\\2-Maguru\\maguru\\node_modules\\react-dom\\cjs\\react-dom-client.development.js:8897:19)\n    at beginWork (D:\\2-Maguru\\maguru\\node_modules\\react-dom\\cjs\\react-dom-client.development.js:10522:18)\n    at runWithFiberInDEV (D:\\2-Maguru\\maguru\\node_modules\\react-dom\\cjs\\react-dom-client.development.js:1522:13)\n    at performUnitOfWork (D:\\2-Maguru\\maguru\\node_modules\\react-dom\\cjs\\react-dom-client.development.js:15140:22)\n    at workLoopSync (D:\\2-Maguru\\maguru\\node_modules\\react-dom\\cjs\\react-dom-client.development.js:14956:41)\n    at renderRootSync (D:\\2-Maguru\\maguru\\node_modules\\react-dom\\cjs\\react-dom-client.development.js:14936:11)\n    at performWorkOnRoot (D:\\2-Maguru\\maguru\\node_modules\\react-dom\\cjs\\react-dom-client.development.js:14462:44)\n    at performWorkOnRootViaSchedulerTask (D:\\2-Maguru\\maguru\\node_modules\\react-dom\\cjs\\react-dom-client.development.js:16216:7)\n    at flushActQueue (D:\\2-Maguru\\maguru\\node_modules\\react\\cjs\\react.development.js:566:34)\n    at process.env.NODE_ENV.exports.act (D:\\2-Maguru\\maguru\\node_modules\\react\\cjs\\react.development.js:859:10)\n    at D:\\2-Maguru\\maguru\\node_modules\\@testing-library\\react\\dist\\act-compat.js:47:25\n    at renderRoot (D:\\2-Maguru\\maguru\\node_modules\\@testing-library\\react\\dist\\pure.js:190:26)\n    at render (D:\\2-Maguru\\maguru\\node_modules\\@testing-library\\react\\dist\\pure.js:292:10)\n    at Object.<anonymous> (D:\\2-Maguru\\maguru\\app\\admin\\dashboard\\page.test.tsx:56:11)\n    at Promise.finally.completed (D:\\2-Maguru\\maguru\\node_modules\\jest-circus\\build\\jestAdapterInit.js:1559:28)\n    at new Promise (<anonymous>)\n    at callAsyncCircusFn (D:\\2-Maguru\\maguru\\node_modules\\jest-circus\\build\\jestAdapterInit.js:1499:10)\n    at _callCircusTest (D:\\2-Maguru\\maguru\\node_modules\\jest-circus\\build\\jestAdapterInit.js:1009:40)\n    at processTicksAndRejections (node:internal/process/task_queues:105:5)\n    at _runTest (D:\\2-Maguru\\maguru\\node_modules\\jest-circus\\build\\jestAdapterInit.js:949:3)\n    at _runTestsForDescribeBlock (D:\\2-Maguru\\maguru\\node_modules\\jest-circus\\build\\jestAdapterInit.js:839:13)\n    at _runTestsForDescribeBlock (D:\\2-Maguru\\maguru\\node_modules\\jest-circus\\build\\jestAdapterInit.js:829:11)\n    at run (D:\\2-Maguru\\maguru\\node_modules\\jest-circus\\build\\jestAdapterInit.js:757:3)\n    at runAndTransformResultsToJestFormat (D:\\2-Maguru\\maguru\\node_modules\\jest-circus\\build\\jestAdapterInit.js:1920:21)\n    at jestAdapter (D:\\2-Maguru\\maguru\\node_modules\\jest-circus\\build\\runner.js:101:19)\n    at runTestInternal (D:\\2-Maguru\\maguru\\node_modules\\jest-runner\\build\\testWorker.js:272:16)\n    at runTest (D:\\2-Maguru\\maguru\\node_modules\\jest-runner\\build\\testWorker.js:340:7)\n    at Object.worker (D:\\2-Maguru\\maguru\\node_modules\\jest-runner\\build\\testWorker.js:494:12)"
          ],
          "duration": 75
        },
        {
          "ancestorTitles": [
            "AdminDashboardPage"
          ],
          "fullName": "AdminDashboardPage should render access denied for non-admin users",
          "status": "failed",
          "title": "should render access denied for non-admin users",
          "failureMessages": [
            "TypeError: Cannot destructure property 'user' of '((cov_qh63e00s0(...).s[11]++) , (0 , _nextjs.useUser)(...))' as it is undefined.\n    at user (D:\\2-Maguru\\maguru\\app\\admin\\dashboard\\page.tsx:18:11)\n    at Object.react-stack-bottom-frame (D:\\2-Maguru\\maguru\\node_modules\\react-dom\\cjs\\react-dom-client.development.js:23863:20)\n    at renderWithHooks (D:\\2-Maguru\\maguru\\node_modules\\react-dom\\cjs\\react-dom-client.development.js:5529:22)\n    at updateFunctionComponent (D:\\2-Maguru\\maguru\\node_modules\\react-dom\\cjs\\react-dom-client.development.js:8897:19)\n    at beginWork (D:\\2-Maguru\\maguru\\node_modules\\react-dom\\cjs\\react-dom-client.development.js:10522:18)\n    at runWithFiberInDEV (D:\\2-Maguru\\maguru\\node_modules\\react-dom\\cjs\\react-dom-client.development.js:1522:13)\n    at performUnitOfWork (D:\\2-Maguru\\maguru\\node_modules\\react-dom\\cjs\\react-dom-client.development.js:15140:22)\n    at workLoopSync (D:\\2-Maguru\\maguru\\node_modules\\react-dom\\cjs\\react-dom-client.development.js:14956:41)\n    at renderRootSync (D:\\2-Maguru\\maguru\\node_modules\\react-dom\\cjs\\react-dom-client.development.js:14936:11)\n    at performWorkOnRoot (D:\\2-Maguru\\maguru\\node_modules\\react-dom\\cjs\\react-dom-client.development.js:14462:44)\n    at performWorkOnRootViaSchedulerTask (D:\\2-Maguru\\maguru\\node_modules\\react-dom\\cjs\\react-dom-client.development.js:16216:7)\n    at flushActQueue (D:\\2-Maguru\\maguru\\node_modules\\react\\cjs\\react.development.js:566:34)\n    at process.env.NODE_ENV.exports.act (D:\\2-Maguru\\maguru\\node_modules\\react\\cjs\\react.development.js:859:10)\n    at D:\\2-Maguru\\maguru\\node_modules\\@testing-library\\react\\dist\\act-compat.js:47:25\n    at renderRoot (D:\\2-Maguru\\maguru\\node_modules\\@testing-library\\react\\dist\\pure.js:190:26)\n    at render (D:\\2-Maguru\\maguru\\node_modules\\@testing-library\\react\\dist\\pure.js:292:10)\n    at Object.<anonymous> (D:\\2-Maguru\\maguru\\app\\admin\\dashboard\\page.test.tsx:78:11)\n    at Promise.finally.completed (D:\\2-Maguru\\maguru\\node_modules\\jest-circus\\build\\jestAdapterInit.js:1559:28)\n    at new Promise (<anonymous>)\n    at callAsyncCircusFn (D:\\2-Maguru\\maguru\\node_modules\\jest-circus\\build\\jestAdapterInit.js:1499:10)\n    at _callCircusTest (D:\\2-Maguru\\maguru\\node_modules\\jest-circus\\build\\jestAdapterInit.js:1009:40)\n    at processTicksAndRejections (node:internal/process/task_queues:105:5)\n    at _runTest (D:\\2-Maguru\\maguru\\node_modules\\jest-circus\\build\\jestAdapterInit.js:949:3)\n    at _runTestsForDescribeBlock (D:\\2-Maguru\\maguru\\node_modules\\jest-circus\\build\\jestAdapterInit.js:839:13)\n    at _runTestsForDescribeBlock (D:\\2-Maguru\\maguru\\node_modules\\jest-circus\\build\\jestAdapterInit.js:829:11)\n    at run (D:\\2-Maguru\\maguru\\node_modules\\jest-circus\\build\\jestAdapterInit.js:757:3)\n    at runAndTransformResultsToJestFormat (D:\\2-Maguru\\maguru\\node_modules\\jest-circus\\build\\jestAdapterInit.js:1920:21)\n    at jestAdapter (D:\\2-Maguru\\maguru\\node_modules\\jest-circus\\build\\runner.js:101:19)\n    at runTestInternal (D:\\2-Maguru\\maguru\\node_modules\\jest-runner\\build\\testWorker.js:272:16)\n    at runTest (D:\\2-Maguru\\maguru\\node_modules\\jest-runner\\build\\testWorker.js:340:7)\n    at Object.worker (D:\\2-Maguru\\maguru\\node_modules\\jest-runner\\build\\testWorker.js:494:12)"
          ],
          "duration": 9
        },
        {
          "ancestorTitles": [
            "AdminDashboardPage"
          ],
          "fullName": "AdminDashboardPage should render admin dashboard for admin users",
          "status": "failed",
          "title": "should render admin dashboard for admin users",
          "failureMessages": [
            "TypeError: Cannot destructure property 'user' of '((cov_qh63e00s0(...).s[11]++) , (0 , _nextjs.useUser)(...))' as it is undefined.\n    at user (D:\\2-Maguru\\maguru\\app\\admin\\dashboard\\page.tsx:18:11)\n    at Object.react-stack-bottom-frame (D:\\2-Maguru\\maguru\\node_modules\\react-dom\\cjs\\react-dom-client.development.js:23863:20)\n    at renderWithHooks (D:\\2-Maguru\\maguru\\node_modules\\react-dom\\cjs\\react-dom-client.development.js:5529:22)\n    at updateFunctionComponent (D:\\2-Maguru\\maguru\\node_modules\\react-dom\\cjs\\react-dom-client.development.js:8897:19)\n    at beginWork (D:\\2-Maguru\\maguru\\node_modules\\react-dom\\cjs\\react-dom-client.development.js:10522:18)\n    at runWithFiberInDEV (D:\\2-Maguru\\maguru\\node_modules\\react-dom\\cjs\\react-dom-client.development.js:1522:13)\n    at performUnitOfWork (D:\\2-Maguru\\maguru\\node_modules\\react-dom\\cjs\\react-dom-client.development.js:15140:22)\n    at workLoopSync (D:\\2-Maguru\\maguru\\node_modules\\react-dom\\cjs\\react-dom-client.development.js:14956:41)\n    at renderRootSync (D:\\2-Maguru\\maguru\\node_modules\\react-dom\\cjs\\react-dom-client.development.js:14936:11)\n    at performWorkOnRoot (D:\\2-Maguru\\maguru\\node_modules\\react-dom\\cjs\\react-dom-client.development.js:14462:44)\n    at performWorkOnRootViaSchedulerTask (D:\\2-Maguru\\maguru\\node_modules\\react-dom\\cjs\\react-dom-client.development.js:16216:7)\n    at flushActQueue (D:\\2-Maguru\\maguru\\node_modules\\react\\cjs\\react.development.js:566:34)\n    at process.env.NODE_ENV.exports.act (D:\\2-Maguru\\maguru\\node_modules\\react\\cjs\\react.development.js:859:10)\n    at D:\\2-Maguru\\maguru\\node_modules\\@testing-library\\react\\dist\\act-compat.js:47:25\n    at renderRoot (D:\\2-Maguru\\maguru\\node_modules\\@testing-library\\react\\dist\\pure.js:190:26)\n    at render (D:\\2-Maguru\\maguru\\node_modules\\@testing-library\\react\\dist\\pure.js:292:10)\n    at Object.<anonymous> (D:\\2-Maguru\\maguru\\app\\admin\\dashboard\\page.test.tsx:100:11)\n    at Promise.finally.completed (D:\\2-Maguru\\maguru\\node_modules\\jest-circus\\build\\jestAdapterInit.js:1559:28)\n    at new Promise (<anonymous>)\n    at callAsyncCircusFn (D:\\2-Maguru\\maguru\\node_modules\\jest-circus\\build\\jestAdapterInit.js:1499:10)\n    at _callCircusTest (D:\\2-Maguru\\maguru\\node_modules\\jest-circus\\build\\jestAdapterInit.js:1009:40)\n    at processTicksAndRejections (node:internal/process/task_queues:105:5)\n    at _runTest (D:\\2-Maguru\\maguru\\node_modules\\jest-circus\\build\\jestAdapterInit.js:949:3)\n    at _runTestsForDescribeBlock (D:\\2-Maguru\\maguru\\node_modules\\jest-circus\\build\\jestAdapterInit.js:839:13)\n    at _runTestsForDescribeBlock (D:\\2-Maguru\\maguru\\node_modules\\jest-circus\\build\\jestAdapterInit.js:829:11)\n    at run (D:\\2-Maguru\\maguru\\node_modules\\jest-circus\\build\\jestAdapterInit.js:757:3)\n    at runAndTransformResultsToJestFormat (D:\\2-Maguru\\maguru\\node_modules\\jest-circus\\build\\jestAdapterInit.js:1920:21)\n    at jestAdapter (D:\\2-Maguru\\maguru\\node_modules\\jest-circus\\build\\runner.js:101:19)\n    at runTestInternal (D:\\2-Maguru\\maguru\\node_modules\\jest-runner\\build\\testWorker.js:272:16)\n    at runTest (D:\\2-Maguru\\maguru\\node_modules\\jest-runner\\build\\testWorker.js:340:7)\n    at Object.worker (D:\\2-Maguru\\maguru\\node_modules\\jest-runner\\build\\testWorker.js:494:12)"
          ],
          "duration": 10
        },
        {
          "ancestorTitles": [
            "AdminDashboardPage"
          ],
          "fullName": "AdminDashboardPage should display admin stats correctly",
          "status": "failed",
          "title": "should display admin stats correctly",
          "failureMessages": [
            "TypeError: Cannot destructure property 'user' of '((cov_qh63e00s0(...).s[11]++) , (0 , _nextjs.useUser)(...))' as it is undefined.\n    at user (D:\\2-Maguru\\maguru\\app\\admin\\dashboard\\page.tsx:18:11)\n    at Object.react-stack-bottom-frame (D:\\2-Maguru\\maguru\\node_modules\\react-dom\\cjs\\react-dom-client.development.js:23863:20)\n    at renderWithHooks (D:\\2-Maguru\\maguru\\node_modules\\react-dom\\cjs\\react-dom-client.development.js:5529:22)\n    at updateFunctionComponent (D:\\2-Maguru\\maguru\\node_modules\\react-dom\\cjs\\react-dom-client.development.js:8897:19)\n    at beginWork (D:\\2-Maguru\\maguru\\node_modules\\react-dom\\cjs\\react-dom-client.development.js:10522:18)\n    at runWithFiberInDEV (D:\\2-Maguru\\maguru\\node_modules\\react-dom\\cjs\\react-dom-client.development.js:1522:13)\n    at performUnitOfWork (D:\\2-Maguru\\maguru\\node_modules\\react-dom\\cjs\\react-dom-client.development.js:15140:22)\n    at workLoopSync (D:\\2-Maguru\\maguru\\node_modules\\react-dom\\cjs\\react-dom-client.development.js:14956:41)\n    at renderRootSync (D:\\2-Maguru\\maguru\\node_modules\\react-dom\\cjs\\react-dom-client.development.js:14936:11)\n    at performWorkOnRoot (D:\\2-Maguru\\maguru\\node_modules\\react-dom\\cjs\\react-dom-client.development.js:14462:44)\n    at performWorkOnRootViaSchedulerTask (D:\\2-Maguru\\maguru\\node_modules\\react-dom\\cjs\\react-dom-client.development.js:16216:7)\n    at flushActQueue (D:\\2-Maguru\\maguru\\node_modules\\react\\cjs\\react.development.js:566:34)\n    at process.env.NODE_ENV.exports.act (D:\\2-Maguru\\maguru\\node_modules\\react\\cjs\\react.development.js:859:10)\n    at D:\\2-Maguru\\maguru\\node_modules\\@testing-library\\react\\dist\\act-compat.js:47:25\n    at renderRoot (D:\\2-Maguru\\maguru\\node_modules\\@testing-library\\react\\dist\\pure.js:190:26)\n    at render (D:\\2-Maguru\\maguru\\node_modules\\@testing-library\\react\\dist\\pure.js:292:10)\n    at Object.<anonymous> (D:\\2-Maguru\\maguru\\app\\admin\\dashboard\\page.test.tsx:122:11)\n    at Promise.finally.completed (D:\\2-Maguru\\maguru\\node_modules\\jest-circus\\build\\jestAdapterInit.js:1559:28)\n    at new Promise (<anonymous>)\n    at callAsyncCircusFn (D:\\2-Maguru\\maguru\\node_modules\\jest-circus\\build\\jestAdapterInit.js:1499:10)\n    at _callCircusTest (D:\\2-Maguru\\maguru\\node_modules\\jest-circus\\build\\jestAdapterInit.js:1009:40)\n    at processTicksAndRejections (node:internal/process/task_queues:105:5)\n    at _runTest (D:\\2-Maguru\\maguru\\node_modules\\jest-circus\\build\\jestAdapterInit.js:949:3)\n    at _runTestsForDescribeBlock (D:\\2-Maguru\\maguru\\node_modules\\jest-circus\\build\\jestAdapterInit.js:839:13)\n    at _runTestsForDescribeBlock (D:\\2-Maguru\\maguru\\node_modules\\jest-circus\\build\\jestAdapterInit.js:829:11)\n    at run (D:\\2-Maguru\\maguru\\node_modules\\jest-circus\\build\\jestAdapterInit.js:757:3)\n    at runAndTransformResultsToJestFormat (D:\\2-Maguru\\maguru\\node_modules\\jest-circus\\build\\jestAdapterInit.js:1920:21)\n    at jestAdapter (D:\\2-Maguru\\maguru\\node_modules\\jest-circus\\build\\runner.js:101:19)\n    at runTestInternal (D:\\2-Maguru\\maguru\\node_modules\\jest-runner\\build\\testWorker.js:272:16)\n    at runTest (D:\\2-Maguru\\maguru\\node_modules\\jest-runner\\build\\testWorker.js:340:7)\n    at Object.worker (D:\\2-Maguru\\maguru\\node_modules\\jest-runner\\build\\testWorker.js:494:12)"
          ],
          "duration": 12
        },
        {
          "ancestorTitles": [
            "AdminDashboardPage"
          ],
          "fullName": "AdminDashboardPage should display system alerts",
          "status": "failed",
          "title": "should display system alerts",
          "failureMessages": [
            "TypeError: Cannot destructure property 'user' of '((cov_qh63e00s0(...).s[11]++) , (0 , _nextjs.useUser)(...))' as it is undefined.\n    at user (D:\\2-Maguru\\maguru\\app\\admin\\dashboard\\page.tsx:18:11)\n    at Object.react-stack-bottom-frame (D:\\2-Maguru\\maguru\\node_modules\\react-dom\\cjs\\react-dom-client.development.js:23863:20)\n    at renderWithHooks (D:\\2-Maguru\\maguru\\node_modules\\react-dom\\cjs\\react-dom-client.development.js:5529:22)\n    at updateFunctionComponent (D:\\2-Maguru\\maguru\\node_modules\\react-dom\\cjs\\react-dom-client.development.js:8897:19)\n    at beginWork (D:\\2-Maguru\\maguru\\node_modules\\react-dom\\cjs\\react-dom-client.development.js:10522:18)\n    at runWithFiberInDEV (D:\\2-Maguru\\maguru\\node_modules\\react-dom\\cjs\\react-dom-client.development.js:1522:13)\n    at performUnitOfWork (D:\\2-Maguru\\maguru\\node_modules\\react-dom\\cjs\\react-dom-client.development.js:15140:22)\n    at workLoopSync (D:\\2-Maguru\\maguru\\node_modules\\react-dom\\cjs\\react-dom-client.development.js:14956:41)\n    at renderRootSync (D:\\2-Maguru\\maguru\\node_modules\\react-dom\\cjs\\react-dom-client.development.js:14936:11)\n    at performWorkOnRoot (D:\\2-Maguru\\maguru\\node_modules\\react-dom\\cjs\\react-dom-client.development.js:14462:44)\n    at performWorkOnRootViaSchedulerTask (D:\\2-Maguru\\maguru\\node_modules\\react-dom\\cjs\\react-dom-client.development.js:16216:7)\n    at flushActQueue (D:\\2-Maguru\\maguru\\node_modules\\react\\cjs\\react.development.js:566:34)\n    at process.env.NODE_ENV.exports.act (D:\\2-Maguru\\maguru\\node_modules\\react\\cjs\\react.development.js:859:10)\n    at D:\\2-Maguru\\maguru\\node_modules\\@testing-library\\react\\dist\\act-compat.js:47:25\n    at renderRoot (D:\\2-Maguru\\maguru\\node_modules\\@testing-library\\react\\dist\\pure.js:190:26)\n    at render (D:\\2-Maguru\\maguru\\node_modules\\@testing-library\\react\\dist\\pure.js:292:10)\n    at Object.<anonymous> (D:\\2-Maguru\\maguru\\app\\admin\\dashboard\\page.test.tsx:147:11)\n    at Promise.finally.completed (D:\\2-Maguru\\maguru\\node_modules\\jest-circus\\build\\jestAdapterInit.js:1559:28)\n    at new Promise (<anonymous>)\n    at callAsyncCircusFn (D:\\2-Maguru\\maguru\\node_modules\\jest-circus\\build\\jestAdapterInit.js:1499:10)\n    at _callCircusTest (D:\\2-Maguru\\maguru\\node_modules\\jest-circus\\build\\jestAdapterInit.js:1009:40)\n    at processTicksAndRejections (node:internal/process/task_queues:105:5)\n    at _runTest (D:\\2-Maguru\\maguru\\node_modules\\jest-circus\\build\\jestAdapterInit.js:949:3)\n    at _runTestsForDescribeBlock (D:\\2-Maguru\\maguru\\node_modules\\jest-circus\\build\\jestAdapterInit.js:839:13)\n    at _runTestsForDescribeBlock (D:\\2-Maguru\\maguru\\node_modules\\jest-circus\\build\\jestAdapterInit.js:829:11)\n    at run (D:\\2-Maguru\\maguru\\node_modules\\jest-circus\\build\\jestAdapterInit.js:757:3)\n    at runAndTransformResultsToJestFormat (D:\\2-Maguru\\maguru\\node_modules\\jest-circus\\build\\jestAdapterInit.js:1920:21)\n    at jestAdapter (D:\\2-Maguru\\maguru\\node_modules\\jest-circus\\build\\runner.js:101:19)\n    at runTestInternal (D:\\2-Maguru\\maguru\\node_modules\\jest-runner\\build\\testWorker.js:272:16)\n    at runTest (D:\\2-Maguru\\maguru\\node_modules\\jest-runner\\build\\testWorker.js:340:7)\n    at Object.worker (D:\\2-Maguru\\maguru\\node_modules\\jest-runner\\build\\testWorker.js:494:12)"
          ],
          "duration": 8
        },
        {
          "ancestorTitles": [
            "AdminDashboardPage"
          ],
          "fullName": "AdminDashboardPage should display recent activities",
          "status": "failed",
          "title": "should display recent activities",
          "failureMessages": [
            "TypeError: Cannot destructure property 'user' of '((cov_qh63e00s0(...).s[11]++) , (0 , _nextjs.useUser)(...))' as it is undefined.\n    at user (D:\\2-Maguru\\maguru\\app\\admin\\dashboard\\page.tsx:18:11)\n    at Object.react-stack-bottom-frame (D:\\2-Maguru\\maguru\\node_modules\\react-dom\\cjs\\react-dom-client.development.js:23863:20)\n    at renderWithHooks (D:\\2-Maguru\\maguru\\node_modules\\react-dom\\cjs\\react-dom-client.development.js:5529:22)\n    at updateFunctionComponent (D:\\2-Maguru\\maguru\\node_modules\\react-dom\\cjs\\react-dom-client.development.js:8897:19)\n    at beginWork (D:\\2-Maguru\\maguru\\node_modules\\react-dom\\cjs\\react-dom-client.development.js:10522:18)\n    at runWithFiberInDEV (D:\\2-Maguru\\maguru\\node_modules\\react-dom\\cjs\\react-dom-client.development.js:1522:13)\n    at performUnitOfWork (D:\\2-Maguru\\maguru\\node_modules\\react-dom\\cjs\\react-dom-client.development.js:15140:22)\n    at workLoopSync (D:\\2-Maguru\\maguru\\node_modules\\react-dom\\cjs\\react-dom-client.development.js:14956:41)\n    at renderRootSync (D:\\2-Maguru\\maguru\\node_modules\\react-dom\\cjs\\react-dom-client.development.js:14936:11)\n    at performWorkOnRoot (D:\\2-Maguru\\maguru\\node_modules\\react-dom\\cjs\\react-dom-client.development.js:14462:44)\n    at performWorkOnRootViaSchedulerTask (D:\\2-Maguru\\maguru\\node_modules\\react-dom\\cjs\\react-dom-client.development.js:16216:7)\n    at flushActQueue (D:\\2-Maguru\\maguru\\node_modules\\react\\cjs\\react.development.js:566:34)\n    at process.env.NODE_ENV.exports.act (D:\\2-Maguru\\maguru\\node_modules\\react\\cjs\\react.development.js:859:10)\n    at D:\\2-Maguru\\maguru\\node_modules\\@testing-library\\react\\dist\\act-compat.js:47:25\n    at renderRoot (D:\\2-Maguru\\maguru\\node_modules\\@testing-library\\react\\dist\\pure.js:190:26)\n    at render (D:\\2-Maguru\\maguru\\node_modules\\@testing-library\\react\\dist\\pure.js:292:10)\n    at Object.<anonymous> (D:\\2-Maguru\\maguru\\app\\admin\\dashboard\\page.test.tsx:170:11)\n    at Promise.finally.completed (D:\\2-Maguru\\maguru\\node_modules\\jest-circus\\build\\jestAdapterInit.js:1559:28)\n    at new Promise (<anonymous>)\n    at callAsyncCircusFn (D:\\2-Maguru\\maguru\\node_modules\\jest-circus\\build\\jestAdapterInit.js:1499:10)\n    at _callCircusTest (D:\\2-Maguru\\maguru\\node_modules\\jest-circus\\build\\jestAdapterInit.js:1009:40)\n    at processTicksAndRejections (node:internal/process/task_queues:105:5)\n    at _runTest (D:\\2-Maguru\\maguru\\node_modules\\jest-circus\\build\\jestAdapterInit.js:949:3)\n    at _runTestsForDescribeBlock (D:\\2-Maguru\\maguru\\node_modules\\jest-circus\\build\\jestAdapterInit.js:839:13)\n    at _runTestsForDescribeBlock (D:\\2-Maguru\\maguru\\node_modules\\jest-circus\\build\\jestAdapterInit.js:829:11)\n    at run (D:\\2-Maguru\\maguru\\node_modules\\jest-circus\\build\\jestAdapterInit.js:757:3)\n    at runAndTransformResultsToJestFormat (D:\\2-Maguru\\maguru\\node_modules\\jest-circus\\build\\jestAdapterInit.js:1920:21)\n    at jestAdapter (D:\\2-Maguru\\maguru\\node_modules\\jest-circus\\build\\runner.js:101:19)\n    at runTestInternal (D:\\2-Maguru\\maguru\\node_modules\\jest-runner\\build\\testWorker.js:272:16)\n    at runTest (D:\\2-Maguru\\maguru\\node_modules\\jest-runner\\build\\testWorker.js:340:7)\n    at Object.worker (D:\\2-Maguru\\maguru\\node_modules\\jest-runner\\build\\testWorker.js:494:12)"
          ],
          "duration": 5
        },
        {
          "ancestorTitles": [
            "AdminDashboardPage"
          ],
          "fullName": "AdminDashboardPage should display development info in development mode",
          "status": "failed",
          "title": "should display development info in development mode",
          "failureMessages": [
            "TypeError: Cannot destructure property 'user' of '((cov_qh63e00s0(...).s[11]++) , (0 , _nextjs.useUser)(...))' as it is undefined.\n    at user (D:\\2-Maguru\\maguru\\app\\admin\\dashboard\\page.tsx:18:11)\n    at Object.react-stack-bottom-frame (D:\\2-Maguru\\maguru\\node_modules\\react-dom\\cjs\\react-dom-client.development.js:23863:20)\n    at renderWithHooks (D:\\2-Maguru\\maguru\\node_modules\\react-dom\\cjs\\react-dom-client.development.js:5529:22)\n    at updateFunctionComponent (D:\\2-Maguru\\maguru\\node_modules\\react-dom\\cjs\\react-dom-client.development.js:8897:19)\n    at beginWork (D:\\2-Maguru\\maguru\\node_modules\\react-dom\\cjs\\react-dom-client.development.js:10522:18)\n    at runWithFiberInDEV (D:\\2-Maguru\\maguru\\node_modules\\react-dom\\cjs\\react-dom-client.development.js:1522:13)\n    at performUnitOfWork (D:\\2-Maguru\\maguru\\node_modules\\react-dom\\cjs\\react-dom-client.development.js:15140:22)\n    at workLoopSync (D:\\2-Maguru\\maguru\\node_modules\\react-dom\\cjs\\react-dom-client.development.js:14956:41)\n    at renderRootSync (D:\\2-Maguru\\maguru\\node_modules\\react-dom\\cjs\\react-dom-client.development.js:14936:11)\n    at performWorkOnRoot (D:\\2-Maguru\\maguru\\node_modules\\react-dom\\cjs\\react-dom-client.development.js:14462:44)\n    at performWorkOnRootViaSchedulerTask (D:\\2-Maguru\\maguru\\node_modules\\react-dom\\cjs\\react-dom-client.development.js:16216:7)\n    at flushActQueue (D:\\2-Maguru\\maguru\\node_modules\\react\\cjs\\react.development.js:566:34)\n    at process.env.NODE_ENV.exports.act (D:\\2-Maguru\\maguru\\node_modules\\react\\cjs\\react.development.js:859:10)\n    at D:\\2-Maguru\\maguru\\node_modules\\@testing-library\\react\\dist\\act-compat.js:47:25\n    at renderRoot (D:\\2-Maguru\\maguru\\node_modules\\@testing-library\\react\\dist\\pure.js:190:26)\n    at render (D:\\2-Maguru\\maguru\\node_modules\\@testing-library\\react\\dist\\pure.js:292:10)\n    at Object.<anonymous> (D:\\2-Maguru\\maguru\\app\\admin\\dashboard\\page.test.tsx:195:11)\n    at Promise.finally.completed (D:\\2-Maguru\\maguru\\node_modules\\jest-circus\\build\\jestAdapterInit.js:1559:28)\n    at new Promise (<anonymous>)\n    at callAsyncCircusFn (D:\\2-Maguru\\maguru\\node_modules\\jest-circus\\build\\jestAdapterInit.js:1499:10)\n    at _callCircusTest (D:\\2-Maguru\\maguru\\node_modules\\jest-circus\\build\\jestAdapterInit.js:1009:40)\n    at processTicksAndRejections (node:internal/process/task_queues:105:5)\n    at _runTest (D:\\2-Maguru\\maguru\\node_modules\\jest-circus\\build\\jestAdapterInit.js:949:3)\n    at _runTestsForDescribeBlock (D:\\2-Maguru\\maguru\\node_modules\\jest-circus\\build\\jestAdapterInit.js:839:13)\n    at _runTestsForDescribeBlock (D:\\2-Maguru\\maguru\\node_modules\\jest-circus\\build\\jestAdapterInit.js:829:11)\n    at run (D:\\2-Maguru\\maguru\\node_modules\\jest-circus\\build\\jestAdapterInit.js:757:3)\n    at runAndTransformResultsToJestFormat (D:\\2-Maguru\\maguru\\node_modules\\jest-circus\\build\\jestAdapterInit.js:1920:21)\n    at jestAdapter (D:\\2-Maguru\\maguru\\node_modules\\jest-circus\\build\\runner.js:101:19)\n    at runTestInternal (D:\\2-Maguru\\maguru\\node_modules\\jest-runner\\build\\testWorker.js:272:16)\n    at runTest (D:\\2-Maguru\\maguru\\node_modules\\jest-runner\\build\\testWorker.js:340:7)\n    at Object.worker (D:\\2-Maguru\\maguru\\node_modules\\jest-runner\\build\\testWorker.js:494:12)"
          ],
          "duration": 4
        }
      ],
      "failureMessage": "\u001b[1m\u001b[31m  \u001b[1m● \u001b[22m\u001b[1mAdminDashboardPage › should render loading state when user is not loaded\u001b[39m\u001b[22m\n\n    TypeError: Cannot destructure property 'user' of '((cov_qh63e00s0(...).s[11]++) , (0 , _nextjs.useUser)(...))' as it is undefined.\n\u001b[2m\u001b[22m\n\u001b[2m    \u001b[0m \u001b[90m 16 |\u001b[39m\u001b[22m\n\u001b[2m     \u001b[90m 17 |\u001b[39m \u001b[36mexport\u001b[39m \u001b[36mdefault\u001b[39m \u001b[36mfunction\u001b[39m \u001b[33mAdminDashboardPage\u001b[39m() {\u001b[22m\n\u001b[2m    \u001b[31m\u001b[1m>\u001b[22m\u001b[2m\u001b[39m\u001b[90m 18 |\u001b[39m   \u001b[36mconst\u001b[39m { user\u001b[33m,\u001b[39m isLoaded } \u001b[33m=\u001b[39m useUser()\u001b[22m\n\u001b[2m     \u001b[90m    |\u001b[39m           \u001b[31m\u001b[1m^\u001b[22m\u001b[2m\u001b[39m\u001b[22m\n\u001b[2m     \u001b[90m 19 |\u001b[39m   \u001b[36mconst\u001b[39m { role\u001b[33m,\u001b[39m isAdmin } \u001b[33m=\u001b[39m useUserRole()\u001b[22m\n\u001b[2m     \u001b[90m 20 |\u001b[39m   \u001b[36mconst\u001b[39m { canAccessAdmin } \u001b[33m=\u001b[39m useRoleGuard()\u001b[22m\n\u001b[2m     \u001b[90m 21 |\u001b[39m   \u001b[36mconst\u001b[39m { shouldShowLoader\u001b[33m:\u001b[39m roleLoading } \u001b[33m=\u001b[39m useRoleLoadingState()\u001b[0m\u001b[22m\n\u001b[2m\u001b[22m\n\u001b[2m      \u001b[2mat user (\u001b[22m\u001b[2mapp/admin/dashboard/page.tsx\u001b[2m:18:11)\u001b[22m\u001b[2m\u001b[22m\n\u001b[2m      \u001b[2mat Object.react-stack-bottom-frame (\u001b[22m\u001b[2mnode_modules/react-dom/cjs/react-dom-client.development.js\u001b[2m:23863:20)\u001b[22m\u001b[2m\u001b[22m\n\u001b[2m      \u001b[2mat renderWithHooks (\u001b[22m\u001b[2mnode_modules/react-dom/cjs/react-dom-client.development.js\u001b[2m:5529:22)\u001b[22m\u001b[2m\u001b[22m\n\u001b[2m      \u001b[2mat updateFunctionComponent (\u001b[22m\u001b[2mnode_modules/react-dom/cjs/react-dom-client.development.js\u001b[2m:8897:19)\u001b[22m\u001b[2m\u001b[22m\n\u001b[2m      \u001b[2mat beginWork (\u001b[22m\u001b[2mnode_modules/react-dom/cjs/react-dom-client.development.js\u001b[2m:10522:18)\u001b[22m\u001b[2m\u001b[22m\n\u001b[2m      \u001b[2mat runWithFiberInDEV (\u001b[22m\u001b[2mnode_modules/react-dom/cjs/react-dom-client.development.js\u001b[2m:1522:13)\u001b[22m\u001b[2m\u001b[22m\n\u001b[2m      \u001b[2mat performUnitOfWork (\u001b[22m\u001b[2mnode_modules/react-dom/cjs/react-dom-client.development.js\u001b[2m:15140:22)\u001b[22m\u001b[2m\u001b[22m\n\u001b[2m      \u001b[2mat workLoopSync (\u001b[22m\u001b[2mnode_modules/react-dom/cjs/react-dom-client.development.js\u001b[2m:14956:41)\u001b[22m\u001b[2m\u001b[22m\n\u001b[2m      \u001b[2mat renderRootSync (\u001b[22m\u001b[2mnode_modules/react-dom/cjs/react-dom-client.development.js\u001b[2m:14936:11)\u001b[22m\u001b[2m\u001b[22m\n\u001b[2m      \u001b[2mat performWorkOnRoot (\u001b[22m\u001b[2mnode_modules/react-dom/cjs/react-dom-client.development.js\u001b[2m:14462:44)\u001b[22m\u001b[2m\u001b[22m\n\u001b[2m      \u001b[2mat performWorkOnRootViaSchedulerTask (\u001b[22m\u001b[2mnode_modules/react-dom/cjs/react-dom-client.development.js\u001b[2m:16216:7)\u001b[22m\u001b[2m\u001b[22m\n\u001b[2m      \u001b[2mat flushActQueue (\u001b[22m\u001b[2mnode_modules/react/cjs/react.development.js\u001b[2m:566:34)\u001b[22m\u001b[2m\u001b[22m\n\u001b[2m      \u001b[2mat process.env.NODE_ENV.exports.act (\u001b[22m\u001b[2mnode_modules/react/cjs/react.development.js\u001b[2m:859:10)\u001b[22m\u001b[2m\u001b[22m\n\u001b[2m      \u001b[2mat \u001b[22m\u001b[2mnode_modules/@testing-library/react/dist/act-compat.js\u001b[2m:47:25\u001b[22m\u001b[2m\u001b[22m\n\u001b[2m      \u001b[2mat renderRoot (\u001b[22m\u001b[2mnode_modules/@testing-library/react/dist/pure.js\u001b[2m:190:26)\u001b[22m\u001b[2m\u001b[22m\n\u001b[2m      \u001b[2mat render (\u001b[22m\u001b[2mnode_modules/@testing-library/react/dist/pure.js\u001b[2m:292:10)\u001b[22m\u001b[2m\u001b[22m\n\u001b[2m      \u001b[2mat Object.<anonymous> (\u001b[22m\u001b[2m\u001b[0m\u001b[36mapp/admin/dashboard/page.test.tsx\u001b[39m\u001b[0m\u001b[2m:56:11)\u001b[22m\u001b[2m\u001b[22m\n\n\u001b[1m\u001b[31m  \u001b[1m● \u001b[22m\u001b[1mAdminDashboardPage › should render access denied for non-admin users\u001b[39m\u001b[22m\n\n    TypeError: Cannot destructure property 'user' of '((cov_qh63e00s0(...).s[11]++) , (0 , _nextjs.useUser)(...))' as it is undefined.\n\u001b[2m\u001b[22m\n\u001b[2m    \u001b[0m \u001b[90m 16 |\u001b[39m\u001b[22m\n\u001b[2m     \u001b[90m 17 |\u001b[39m \u001b[36mexport\u001b[39m \u001b[36mdefault\u001b[39m \u001b[36mfunction\u001b[39m \u001b[33mAdminDashboardPage\u001b[39m() {\u001b[22m\n\u001b[2m    \u001b[31m\u001b[1m>\u001b[22m\u001b[2m\u001b[39m\u001b[90m 18 |\u001b[39m   \u001b[36mconst\u001b[39m { user\u001b[33m,\u001b[39m isLoaded } \u001b[33m=\u001b[39m useUser()\u001b[22m\n\u001b[2m     \u001b[90m    |\u001b[39m           \u001b[31m\u001b[1m^\u001b[22m\u001b[2m\u001b[39m\u001b[22m\n\u001b[2m     \u001b[90m 19 |\u001b[39m   \u001b[36mconst\u001b[39m { role\u001b[33m,\u001b[39m isAdmin } \u001b[33m=\u001b[39m useUserRole()\u001b[22m\n\u001b[2m     \u001b[90m 20 |\u001b[39m   \u001b[36mconst\u001b[39m { canAccessAdmin } \u001b[33m=\u001b[39m useRoleGuard()\u001b[22m\n\u001b[2m     \u001b[90m 21 |\u001b[39m   \u001b[36mconst\u001b[39m { shouldShowLoader\u001b[33m:\u001b[39m roleLoading } \u001b[33m=\u001b[39m useRoleLoadingState()\u001b[0m\u001b[22m\n\u001b[2m\u001b[22m\n\u001b[2m      \u001b[2mat user (\u001b[22m\u001b[2mapp/admin/dashboard/page.tsx\u001b[2m:18:11)\u001b[22m\u001b[2m\u001b[22m\n\u001b[2m      \u001b[2mat Object.react-stack-bottom-frame (\u001b[22m\u001b[2mnode_modules/react-dom/cjs/react-dom-client.development.js\u001b[2m:23863:20)\u001b[22m\u001b[2m\u001b[22m\n\u001b[2m      \u001b[2mat renderWithHooks (\u001b[22m\u001b[2mnode_modules/react-dom/cjs/react-dom-client.development.js\u001b[2m:5529:22)\u001b[22m\u001b[2m\u001b[22m\n\u001b[2m      \u001b[2mat updateFunctionComponent (\u001b[22m\u001b[2mnode_modules/react-dom/cjs/react-dom-client.development.js\u001b[2m:8897:19)\u001b[22m\u001b[2m\u001b[22m\n\u001b[2m      \u001b[2mat beginWork (\u001b[22m\u001b[2mnode_modules/react-dom/cjs/react-dom-client.development.js\u001b[2m:10522:18)\u001b[22m\u001b[2m\u001b[22m\n\u001b[2m      \u001b[2mat runWithFiberInDEV (\u001b[22m\u001b[2mnode_modules/react-dom/cjs/react-dom-client.development.js\u001b[2m:1522:13)\u001b[22m\u001b[2m\u001b[22m\n\u001b[2m      \u001b[2mat performUnitOfWork (\u001b[22m\u001b[2mnode_modules/react-dom/cjs/react-dom-client.development.js\u001b[2m:15140:22)\u001b[22m\u001b[2m\u001b[22m\n\u001b[2m      \u001b[2mat workLoopSync (\u001b[22m\u001b[2mnode_modules/react-dom/cjs/react-dom-client.development.js\u001b[2m:14956:41)\u001b[22m\u001b[2m\u001b[22m\n\u001b[2m      \u001b[2mat renderRootSync (\u001b[22m\u001b[2mnode_modules/react-dom/cjs/react-dom-client.development.js\u001b[2m:14936:11)\u001b[22m\u001b[2m\u001b[22m\n\u001b[2m      \u001b[2mat performWorkOnRoot (\u001b[22m\u001b[2mnode_modules/react-dom/cjs/react-dom-client.development.js\u001b[2m:14462:44)\u001b[22m\u001b[2m\u001b[22m\n\u001b[2m      \u001b[2mat performWorkOnRootViaSchedulerTask (\u001b[22m\u001b[2mnode_modules/react-dom/cjs/react-dom-client.development.js\u001b[2m:16216:7)\u001b[22m\u001b[2m\u001b[22m\n\u001b[2m      \u001b[2mat flushActQueue (\u001b[22m\u001b[2mnode_modules/react/cjs/react.development.js\u001b[2m:566:34)\u001b[22m\u001b[2m\u001b[22m\n\u001b[2m      \u001b[2mat process.env.NODE_ENV.exports.act (\u001b[22m\u001b[2mnode_modules/react/cjs/react.development.js\u001b[2m:859:10)\u001b[22m\u001b[2m\u001b[22m\n\u001b[2m      \u001b[2mat \u001b[22m\u001b[2mnode_modules/@testing-library/react/dist/act-compat.js\u001b[2m:47:25\u001b[22m\u001b[2m\u001b[22m\n\u001b[2m      \u001b[2mat renderRoot (\u001b[22m\u001b[2mnode_modules/@testing-library/react/dist/pure.js\u001b[2m:190:26)\u001b[22m\u001b[2m\u001b[22m\n\u001b[2m      \u001b[2mat render (\u001b[22m\u001b[2mnode_modules/@testing-library/react/dist/pure.js\u001b[2m:292:10)\u001b[22m\u001b[2m\u001b[22m\n\u001b[2m      \u001b[2mat Object.<anonymous> (\u001b[22m\u001b[2m\u001b[0m\u001b[36mapp/admin/dashboard/page.test.tsx\u001b[39m\u001b[0m\u001b[2m:78:11)\u001b[22m\u001b[2m\u001b[22m\n\n\u001b[1m\u001b[31m  \u001b[1m● \u001b[22m\u001b[1mAdminDashboardPage › should render admin dashboard for admin users\u001b[39m\u001b[22m\n\n    TypeError: Cannot destructure property 'user' of '((cov_qh63e00s0(...).s[11]++) , (0 , _nextjs.useUser)(...))' as it is undefined.\n\u001b[2m\u001b[22m\n\u001b[2m    \u001b[0m \u001b[90m 16 |\u001b[39m\u001b[22m\n\u001b[2m     \u001b[90m 17 |\u001b[39m \u001b[36mexport\u001b[39m \u001b[36mdefault\u001b[39m \u001b[36mfunction\u001b[39m \u001b[33mAdminDashboardPage\u001b[39m() {\u001b[22m\n\u001b[2m    \u001b[31m\u001b[1m>\u001b[22m\u001b[2m\u001b[39m\u001b[90m 18 |\u001b[39m   \u001b[36mconst\u001b[39m { user\u001b[33m,\u001b[39m isLoaded } \u001b[33m=\u001b[39m useUser()\u001b[22m\n\u001b[2m     \u001b[90m    |\u001b[39m           \u001b[31m\u001b[1m^\u001b[22m\u001b[2m\u001b[39m\u001b[22m\n\u001b[2m     \u001b[90m 19 |\u001b[39m   \u001b[36mconst\u001b[39m { role\u001b[33m,\u001b[39m isAdmin } \u001b[33m=\u001b[39m useUserRole()\u001b[22m\n\u001b[2m     \u001b[90m 20 |\u001b[39m   \u001b[36mconst\u001b[39m { canAccessAdmin } \u001b[33m=\u001b[39m useRoleGuard()\u001b[22m\n\u001b[2m     \u001b[90m 21 |\u001b[39m   \u001b[36mconst\u001b[39m { shouldShowLoader\u001b[33m:\u001b[39m roleLoading } \u001b[33m=\u001b[39m useRoleLoadingState()\u001b[0m\u001b[22m\n\u001b[2m\u001b[22m\n\u001b[2m      \u001b[2mat user (\u001b[22m\u001b[2mapp/admin/dashboard/page.tsx\u001b[2m:18:11)\u001b[22m\u001b[2m\u001b[22m\n\u001b[2m      \u001b[2mat Object.react-stack-bottom-frame (\u001b[22m\u001b[2mnode_modules/react-dom/cjs/react-dom-client.development.js\u001b[2m:23863:20)\u001b[22m\u001b[2m\u001b[22m\n\u001b[2m      \u001b[2mat renderWithHooks (\u001b[22m\u001b[2mnode_modules/react-dom/cjs/react-dom-client.development.js\u001b[2m:5529:22)\u001b[22m\u001b[2m\u001b[22m\n\u001b[2m      \u001b[2mat updateFunctionComponent (\u001b[22m\u001b[2mnode_modules/react-dom/cjs/react-dom-client.development.js\u001b[2m:8897:19)\u001b[22m\u001b[2m\u001b[22m\n\u001b[2m      \u001b[2mat beginWork (\u001b[22m\u001b[2mnode_modules/react-dom/cjs/react-dom-client.development.js\u001b[2m:10522:18)\u001b[22m\u001b[2m\u001b[22m\n\u001b[2m      \u001b[2mat runWithFiberInDEV (\u001b[22m\u001b[2mnode_modules/react-dom/cjs/react-dom-client.development.js\u001b[2m:1522:13)\u001b[22m\u001b[2m\u001b[22m\n\u001b[2m      \u001b[2mat performUnitOfWork (\u001b[22m\u001b[2mnode_modules/react-dom/cjs/react-dom-client.development.js\u001b[2m:15140:22)\u001b[22m\u001b[2m\u001b[22m\n\u001b[2m      \u001b[2mat workLoopSync (\u001b[22m\u001b[2mnode_modules/react-dom/cjs/react-dom-client.development.js\u001b[2m:14956:41)\u001b[22m\u001b[2m\u001b[22m\n\u001b[2m      \u001b[2mat renderRootSync (\u001b[22m\u001b[2mnode_modules/react-dom/cjs/react-dom-client.development.js\u001b[2m:14936:11)\u001b[22m\u001b[2m\u001b[22m\n\u001b[2m      \u001b[2mat performWorkOnRoot (\u001b[22m\u001b[2mnode_modules/react-dom/cjs/react-dom-client.development.js\u001b[2m:14462:44)\u001b[22m\u001b[2m\u001b[22m\n\u001b[2m      \u001b[2mat performWorkOnRootViaSchedulerTask (\u001b[22m\u001b[2mnode_modules/react-dom/cjs/react-dom-client.development.js\u001b[2m:16216:7)\u001b[22m\u001b[2m\u001b[22m\n\u001b[2m      \u001b[2mat flushActQueue (\u001b[22m\u001b[2mnode_modules/react/cjs/react.development.js\u001b[2m:566:34)\u001b[22m\u001b[2m\u001b[22m\n\u001b[2m      \u001b[2mat process.env.NODE_ENV.exports.act (\u001b[22m\u001b[2mnode_modules/react/cjs/react.development.js\u001b[2m:859:10)\u001b[22m\u001b[2m\u001b[22m\n\u001b[2m      \u001b[2mat \u001b[22m\u001b[2mnode_modules/@testing-library/react/dist/act-compat.js\u001b[2m:47:25\u001b[22m\u001b[2m\u001b[22m\n\u001b[2m      \u001b[2mat renderRoot (\u001b[22m\u001b[2mnode_modules/@testing-library/react/dist/pure.js\u001b[2m:190:26)\u001b[22m\u001b[2m\u001b[22m\n\u001b[2m      \u001b[2mat render (\u001b[22m\u001b[2mnode_modules/@testing-library/react/dist/pure.js\u001b[2m:292:10)\u001b[22m\u001b[2m\u001b[22m\n\u001b[2m      \u001b[2mat Object.<anonymous> (\u001b[22m\u001b[2m\u001b[0m\u001b[36mapp/admin/dashboard/page.test.tsx\u001b[39m\u001b[0m\u001b[2m:100:11)\u001b[22m\u001b[2m\u001b[22m\n\n\u001b[1m\u001b[31m  \u001b[1m● \u001b[22m\u001b[1mAdminDashboardPage › should display admin stats correctly\u001b[39m\u001b[22m\n\n    TypeError: Cannot destructure property 'user' of '((cov_qh63e00s0(...).s[11]++) , (0 , _nextjs.useUser)(...))' as it is undefined.\n\u001b[2m\u001b[22m\n\u001b[2m    \u001b[0m \u001b[90m 16 |\u001b[39m\u001b[22m\n\u001b[2m     \u001b[90m 17 |\u001b[39m \u001b[36mexport\u001b[39m \u001b[36mdefault\u001b[39m \u001b[36mfunction\u001b[39m \u001b[33mAdminDashboardPage\u001b[39m() {\u001b[22m\n\u001b[2m    \u001b[31m\u001b[1m>\u001b[22m\u001b[2m\u001b[39m\u001b[90m 18 |\u001b[39m   \u001b[36mconst\u001b[39m { user\u001b[33m,\u001b[39m isLoaded } \u001b[33m=\u001b[39m useUser()\u001b[22m\n\u001b[2m     \u001b[90m    |\u001b[39m           \u001b[31m\u001b[1m^\u001b[22m\u001b[2m\u001b[39m\u001b[22m\n\u001b[2m     \u001b[90m 19 |\u001b[39m   \u001b[36mconst\u001b[39m { role\u001b[33m,\u001b[39m isAdmin } \u001b[33m=\u001b[39m useUserRole()\u001b[22m\n\u001b[2m     \u001b[90m 20 |\u001b[39m   \u001b[36mconst\u001b[39m { canAccessAdmin } \u001b[33m=\u001b[39m useRoleGuard()\u001b[22m\n\u001b[2m     \u001b[90m 21 |\u001b[39m   \u001b[36mconst\u001b[39m { shouldShowLoader\u001b[33m:\u001b[39m roleLoading } \u001b[33m=\u001b[39m useRoleLoadingState()\u001b[0m\u001b[22m\n\u001b[2m\u001b[22m\n\u001b[2m      \u001b[2mat user (\u001b[22m\u001b[2mapp/admin/dashboard/page.tsx\u001b[2m:18:11)\u001b[22m\u001b[2m\u001b[22m\n\u001b[2m      \u001b[2mat Object.react-stack-bottom-frame (\u001b[22m\u001b[2mnode_modules/react-dom/cjs/react-dom-client.development.js\u001b[2m:23863:20)\u001b[22m\u001b[2m\u001b[22m\n\u001b[2m      \u001b[2mat renderWithHooks (\u001b[22m\u001b[2mnode_modules/react-dom/cjs/react-dom-client.development.js\u001b[2m:5529:22)\u001b[22m\u001b[2m\u001b[22m\n\u001b[2m      \u001b[2mat updateFunctionComponent (\u001b[22m\u001b[2mnode_modules/react-dom/cjs/react-dom-client.development.js\u001b[2m:8897:19)\u001b[22m\u001b[2m\u001b[22m\n\u001b[2m      \u001b[2mat beginWork (\u001b[22m\u001b[2mnode_modules/react-dom/cjs/react-dom-client.development.js\u001b[2m:10522:18)\u001b[22m\u001b[2m\u001b[22m\n\u001b[2m      \u001b[2mat runWithFiberInDEV (\u001b[22m\u001b[2mnode_modules/react-dom/cjs/react-dom-client.development.js\u001b[2m:1522:13)\u001b[22m\u001b[2m\u001b[22m\n\u001b[2m      \u001b[2mat performUnitOfWork (\u001b[22m\u001b[2mnode_modules/react-dom/cjs/react-dom-client.development.js\u001b[2m:15140:22)\u001b[22m\u001b[2m\u001b[22m\n\u001b[2m      \u001b[2mat workLoopSync (\u001b[22m\u001b[2mnode_modules/react-dom/cjs/react-dom-client.development.js\u001b[2m:14956:41)\u001b[22m\u001b[2m\u001b[22m\n\u001b[2m      \u001b[2mat renderRootSync (\u001b[22m\u001b[2mnode_modules/react-dom/cjs/react-dom-client.development.js\u001b[2m:14936:11)\u001b[22m\u001b[2m\u001b[22m\n\u001b[2m      \u001b[2mat performWorkOnRoot (\u001b[22m\u001b[2mnode_modules/react-dom/cjs/react-dom-client.development.js\u001b[2m:14462:44)\u001b[22m\u001b[2m\u001b[22m\n\u001b[2m      \u001b[2mat performWorkOnRootViaSchedulerTask (\u001b[22m\u001b[2mnode_modules/react-dom/cjs/react-dom-client.development.js\u001b[2m:16216:7)\u001b[22m\u001b[2m\u001b[22m\n\u001b[2m      \u001b[2mat flushActQueue (\u001b[22m\u001b[2mnode_modules/react/cjs/react.development.js\u001b[2m:566:34)\u001b[22m\u001b[2m\u001b[22m\n\u001b[2m      \u001b[2mat process.env.NODE_ENV.exports.act (\u001b[22m\u001b[2mnode_modules/react/cjs/react.development.js\u001b[2m:859:10)\u001b[22m\u001b[2m\u001b[22m\n\u001b[2m      \u001b[2mat \u001b[22m\u001b[2mnode_modules/@testing-library/react/dist/act-compat.js\u001b[2m:47:25\u001b[22m\u001b[2m\u001b[22m\n\u001b[2m      \u001b[2mat renderRoot (\u001b[22m\u001b[2mnode_modules/@testing-library/react/dist/pure.js\u001b[2m:190:26)\u001b[22m\u001b[2m\u001b[22m\n\u001b[2m      \u001b[2mat render (\u001b[22m\u001b[2mnode_modules/@testing-library/react/dist/pure.js\u001b[2m:292:10)\u001b[22m\u001b[2m\u001b[22m\n\u001b[2m      \u001b[2mat Object.<anonymous> (\u001b[22m\u001b[2m\u001b[0m\u001b[36mapp/admin/dashboard/page.test.tsx\u001b[39m\u001b[0m\u001b[2m:122:11)\u001b[22m\u001b[2m\u001b[22m\n\n\u001b[1m\u001b[31m  \u001b[1m● \u001b[22m\u001b[1mAdminDashboardPage › should display system alerts\u001b[39m\u001b[22m\n\n    TypeError: Cannot destructure property 'user' of '((cov_qh63e00s0(...).s[11]++) , (0 , _nextjs.useUser)(...))' as it is undefined.\n\u001b[2m\u001b[22m\n\u001b[2m    \u001b[0m \u001b[90m 16 |\u001b[39m\u001b[22m\n\u001b[2m     \u001b[90m 17 |\u001b[39m \u001b[36mexport\u001b[39m \u001b[36mdefault\u001b[39m \u001b[36mfunction\u001b[39m \u001b[33mAdminDashboardPage\u001b[39m() {\u001b[22m\n\u001b[2m    \u001b[31m\u001b[1m>\u001b[22m\u001b[2m\u001b[39m\u001b[90m 18 |\u001b[39m   \u001b[36mconst\u001b[39m { user\u001b[33m,\u001b[39m isLoaded } \u001b[33m=\u001b[39m useUser()\u001b[22m\n\u001b[2m     \u001b[90m    |\u001b[39m           \u001b[31m\u001b[1m^\u001b[22m\u001b[2m\u001b[39m\u001b[22m\n\u001b[2m     \u001b[90m 19 |\u001b[39m   \u001b[36mconst\u001b[39m { role\u001b[33m,\u001b[39m isAdmin } \u001b[33m=\u001b[39m useUserRole()\u001b[22m\n\u001b[2m     \u001b[90m 20 |\u001b[39m   \u001b[36mconst\u001b[39m { canAccessAdmin } \u001b[33m=\u001b[39m useRoleGuard()\u001b[22m\n\u001b[2m     \u001b[90m 21 |\u001b[39m   \u001b[36mconst\u001b[39m { shouldShowLoader\u001b[33m:\u001b[39m roleLoading } \u001b[33m=\u001b[39m useRoleLoadingState()\u001b[0m\u001b[22m\n\u001b[2m\u001b[22m\n\u001b[2m      \u001b[2mat user (\u001b[22m\u001b[2mapp/admin/dashboard/page.tsx\u001b[2m:18:11)\u001b[22m\u001b[2m\u001b[22m\n\u001b[2m      \u001b[2mat Object.react-stack-bottom-frame (\u001b[22m\u001b[2mnode_modules/react-dom/cjs/react-dom-client.development.js\u001b[2m:23863:20)\u001b[22m\u001b[2m\u001b[22m\n\u001b[2m      \u001b[2mat renderWithHooks (\u001b[22m\u001b[2mnode_modules/react-dom/cjs/react-dom-client.development.js\u001b[2m:5529:22)\u001b[22m\u001b[2m\u001b[22m\n\u001b[2m      \u001b[2mat updateFunctionComponent (\u001b[22m\u001b[2mnode_modules/react-dom/cjs/react-dom-client.development.js\u001b[2m:8897:19)\u001b[22m\u001b[2m\u001b[22m\n\u001b[2m      \u001b[2mat beginWork (\u001b[22m\u001b[2mnode_modules/react-dom/cjs/react-dom-client.development.js\u001b[2m:10522:18)\u001b[22m\u001b[2m\u001b[22m\n\u001b[2m      \u001b[2mat runWithFiberInDEV (\u001b[22m\u001b[2mnode_modules/react-dom/cjs/react-dom-client.development.js\u001b[2m:1522:13)\u001b[22m\u001b[2m\u001b[22m\n\u001b[2m      \u001b[2mat performUnitOfWork (\u001b[22m\u001b[2mnode_modules/react-dom/cjs/react-dom-client.development.js\u001b[2m:15140:22)\u001b[22m\u001b[2m\u001b[22m\n\u001b[2m      \u001b[2mat workLoopSync (\u001b[22m\u001b[2mnode_modules/react-dom/cjs/react-dom-client.development.js\u001b[2m:14956:41)\u001b[22m\u001b[2m\u001b[22m\n\u001b[2m      \u001b[2mat renderRootSync (\u001b[22m\u001b[2mnode_modules/react-dom/cjs/react-dom-client.development.js\u001b[2m:14936:11)\u001b[22m\u001b[2m\u001b[22m\n\u001b[2m      \u001b[2mat performWorkOnRoot (\u001b[22m\u001b[2mnode_modules/react-dom/cjs/react-dom-client.development.js\u001b[2m:14462:44)\u001b[22m\u001b[2m\u001b[22m\n\u001b[2m      \u001b[2mat performWorkOnRootViaSchedulerTask (\u001b[22m\u001b[2mnode_modules/react-dom/cjs/react-dom-client.development.js\u001b[2m:16216:7)\u001b[22m\u001b[2m\u001b[22m\n\u001b[2m      \u001b[2mat flushActQueue (\u001b[22m\u001b[2mnode_modules/react/cjs/react.development.js\u001b[2m:566:34)\u001b[22m\u001b[2m\u001b[22m\n\u001b[2m      \u001b[2mat process.env.NODE_ENV.exports.act (\u001b[22m\u001b[2mnode_modules/react/cjs/react.development.js\u001b[2m:859:10)\u001b[22m\u001b[2m\u001b[22m\n\u001b[2m      \u001b[2mat \u001b[22m\u001b[2mnode_modules/@testing-library/react/dist/act-compat.js\u001b[2m:47:25\u001b[22m\u001b[2m\u001b[22m\n\u001b[2m      \u001b[2mat renderRoot (\u001b[22m\u001b[2mnode_modules/@testing-library/react/dist/pure.js\u001b[2m:190:26)\u001b[22m\u001b[2m\u001b[22m\n\u001b[2m      \u001b[2mat render (\u001b[22m\u001b[2mnode_modules/@testing-library/react/dist/pure.js\u001b[2m:292:10)\u001b[22m\u001b[2m\u001b[22m\n\u001b[2m      \u001b[2mat Object.<anonymous> (\u001b[22m\u001b[2m\u001b[0m\u001b[36mapp/admin/dashboard/page.test.tsx\u001b[39m\u001b[0m\u001b[2m:147:11)\u001b[22m\u001b[2m\u001b[22m\n\n\u001b[1m\u001b[31m  \u001b[1m● \u001b[22m\u001b[1mAdminDashboardPage › should display recent activities\u001b[39m\u001b[22m\n\n    TypeError: Cannot destructure property 'user' of '((cov_qh63e00s0(...).s[11]++) , (0 , _nextjs.useUser)(...))' as it is undefined.\n\u001b[2m\u001b[22m\n\u001b[2m    \u001b[0m \u001b[90m 16 |\u001b[39m\u001b[22m\n\u001b[2m     \u001b[90m 17 |\u001b[39m \u001b[36mexport\u001b[39m \u001b[36mdefault\u001b[39m \u001b[36mfunction\u001b[39m \u001b[33mAdminDashboardPage\u001b[39m() {\u001b[22m\n\u001b[2m    \u001b[31m\u001b[1m>\u001b[22m\u001b[2m\u001b[39m\u001b[90m 18 |\u001b[39m   \u001b[36mconst\u001b[39m { user\u001b[33m,\u001b[39m isLoaded } \u001b[33m=\u001b[39m useUser()\u001b[22m\n\u001b[2m     \u001b[90m    |\u001b[39m           \u001b[31m\u001b[1m^\u001b[22m\u001b[2m\u001b[39m\u001b[22m\n\u001b[2m     \u001b[90m 19 |\u001b[39m   \u001b[36mconst\u001b[39m { role\u001b[33m,\u001b[39m isAdmin } \u001b[33m=\u001b[39m useUserRole()\u001b[22m\n\u001b[2m     \u001b[90m 20 |\u001b[39m   \u001b[36mconst\u001b[39m { canAccessAdmin } \u001b[33m=\u001b[39m useRoleGuard()\u001b[22m\n\u001b[2m     \u001b[90m 21 |\u001b[39m   \u001b[36mconst\u001b[39m { shouldShowLoader\u001b[33m:\u001b[39m roleLoading } \u001b[33m=\u001b[39m useRoleLoadingState()\u001b[0m\u001b[22m\n\u001b[2m\u001b[22m\n\u001b[2m      \u001b[2mat user (\u001b[22m\u001b[2mapp/admin/dashboard/page.tsx\u001b[2m:18:11)\u001b[22m\u001b[2m\u001b[22m\n\u001b[2m      \u001b[2mat Object.react-stack-bottom-frame (\u001b[22m\u001b[2mnode_modules/react-dom/cjs/react-dom-client.development.js\u001b[2m:23863:20)\u001b[22m\u001b[2m\u001b[22m\n\u001b[2m      \u001b[2mat renderWithHooks (\u001b[22m\u001b[2mnode_modules/react-dom/cjs/react-dom-client.development.js\u001b[2m:5529:22)\u001b[22m\u001b[2m\u001b[22m\n\u001b[2m      \u001b[2mat updateFunctionComponent (\u001b[22m\u001b[2mnode_modules/react-dom/cjs/react-dom-client.development.js\u001b[2m:8897:19)\u001b[22m\u001b[2m\u001b[22m\n\u001b[2m      \u001b[2mat beginWork (\u001b[22m\u001b[2mnode_modules/react-dom/cjs/react-dom-client.development.js\u001b[2m:10522:18)\u001b[22m\u001b[2m\u001b[22m\n\u001b[2m      \u001b[2mat runWithFiberInDEV (\u001b[22m\u001b[2mnode_modules/react-dom/cjs/react-dom-client.development.js\u001b[2m:1522:13)\u001b[22m\u001b[2m\u001b[22m\n\u001b[2m      \u001b[2mat performUnitOfWork (\u001b[22m\u001b[2mnode_modules/react-dom/cjs/react-dom-client.development.js\u001b[2m:15140:22)\u001b[22m\u001b[2m\u001b[22m\n\u001b[2m      \u001b[2mat workLoopSync (\u001b[22m\u001b[2mnode_modules/react-dom/cjs/react-dom-client.development.js\u001b[2m:14956:41)\u001b[22m\u001b[2m\u001b[22m\n\u001b[2m      \u001b[2mat renderRootSync (\u001b[22m\u001b[2mnode_modules/react-dom/cjs/react-dom-client.development.js\u001b[2m:14936:11)\u001b[22m\u001b[2m\u001b[22m\n\u001b[2m      \u001b[2mat performWorkOnRoot (\u001b[22m\u001b[2mnode_modules/react-dom/cjs/react-dom-client.development.js\u001b[2m:14462:44)\u001b[22m\u001b[2m\u001b[22m\n\u001b[2m      \u001b[2mat performWorkOnRootViaSchedulerTask (\u001b[22m\u001b[2mnode_modules/react-dom/cjs/react-dom-client.development.js\u001b[2m:16216:7)\u001b[22m\u001b[2m\u001b[22m\n\u001b[2m      \u001b[2mat flushActQueue (\u001b[22m\u001b[2mnode_modules/react/cjs/react.development.js\u001b[2m:566:34)\u001b[22m\u001b[2m\u001b[22m\n\u001b[2m      \u001b[2mat process.env.NODE_ENV.exports.act (\u001b[22m\u001b[2mnode_modules/react/cjs/react.development.js\u001b[2m:859:10)\u001b[22m\u001b[2m\u001b[22m\n\u001b[2m      \u001b[2mat \u001b[22m\u001b[2mnode_modules/@testing-library/react/dist/act-compat.js\u001b[2m:47:25\u001b[22m\u001b[2m\u001b[22m\n\u001b[2m      \u001b[2mat renderRoot (\u001b[22m\u001b[2mnode_modules/@testing-library/react/dist/pure.js\u001b[2m:190:26)\u001b[22m\u001b[2m\u001b[22m\n\u001b[2m      \u001b[2mat render (\u001b[22m\u001b[2mnode_modules/@testing-library/react/dist/pure.js\u001b[2m:292:10)\u001b[22m\u001b[2m\u001b[22m\n\u001b[2m      \u001b[2mat Object.<anonymous> (\u001b[22m\u001b[2m\u001b[0m\u001b[36mapp/admin/dashboard/page.test.tsx\u001b[39m\u001b[0m\u001b[2m:170:11)\u001b[22m\u001b[2m\u001b[22m\n\n\u001b[1m\u001b[31m  \u001b[1m● \u001b[22m\u001b[1mAdminDashboardPage › should display development info in development mode\u001b[39m\u001b[22m\n\n    TypeError: Cannot destructure property 'user' of '((cov_qh63e00s0(...).s[11]++) , (0 , _nextjs.useUser)(...))' as it is undefined.\n\u001b[2m\u001b[22m\n\u001b[2m    \u001b[0m \u001b[90m 16 |\u001b[39m\u001b[22m\n\u001b[2m     \u001b[90m 17 |\u001b[39m \u001b[36mexport\u001b[39m \u001b[36mdefault\u001b[39m \u001b[36mfunction\u001b[39m \u001b[33mAdminDashboardPage\u001b[39m() {\u001b[22m\n\u001b[2m    \u001b[31m\u001b[1m>\u001b[22m\u001b[2m\u001b[39m\u001b[90m 18 |\u001b[39m   \u001b[36mconst\u001b[39m { user\u001b[33m,\u001b[39m isLoaded } \u001b[33m=\u001b[39m useUser()\u001b[22m\n\u001b[2m     \u001b[90m    |\u001b[39m           \u001b[31m\u001b[1m^\u001b[22m\u001b[2m\u001b[39m\u001b[22m\n\u001b[2m     \u001b[90m 19 |\u001b[39m   \u001b[36mconst\u001b[39m { role\u001b[33m,\u001b[39m isAdmin } \u001b[33m=\u001b[39m useUserRole()\u001b[22m\n\u001b[2m     \u001b[90m 20 |\u001b[39m   \u001b[36mconst\u001b[39m { canAccessAdmin } \u001b[33m=\u001b[39m useRoleGuard()\u001b[22m\n\u001b[2m     \u001b[90m 21 |\u001b[39m   \u001b[36mconst\u001b[39m { shouldShowLoader\u001b[33m:\u001b[39m roleLoading } \u001b[33m=\u001b[39m useRoleLoadingState()\u001b[0m\u001b[22m\n\u001b[2m\u001b[22m\n\u001b[2m      \u001b[2mat user (\u001b[22m\u001b[2mapp/admin/dashboard/page.tsx\u001b[2m:18:11)\u001b[22m\u001b[2m\u001b[22m\n\u001b[2m      \u001b[2mat Object.react-stack-bottom-frame (\u001b[22m\u001b[2mnode_modules/react-dom/cjs/react-dom-client.development.js\u001b[2m:23863:20)\u001b[22m\u001b[2m\u001b[22m\n\u001b[2m      \u001b[2mat renderWithHooks (\u001b[22m\u001b[2mnode_modules/react-dom/cjs/react-dom-client.development.js\u001b[2m:5529:22)\u001b[22m\u001b[2m\u001b[22m\n\u001b[2m      \u001b[2mat updateFunctionComponent (\u001b[22m\u001b[2mnode_modules/react-dom/cjs/react-dom-client.development.js\u001b[2m:8897:19)\u001b[22m\u001b[2m\u001b[22m\n\u001b[2m      \u001b[2mat beginWork (\u001b[22m\u001b[2mnode_modules/react-dom/cjs/react-dom-client.development.js\u001b[2m:10522:18)\u001b[22m\u001b[2m\u001b[22m\n\u001b[2m      \u001b[2mat runWithFiberInDEV (\u001b[22m\u001b[2mnode_modules/react-dom/cjs/react-dom-client.development.js\u001b[2m:1522:13)\u001b[22m\u001b[2m\u001b[22m\n\u001b[2m      \u001b[2mat performUnitOfWork (\u001b[22m\u001b[2mnode_modules/react-dom/cjs/react-dom-client.development.js\u001b[2m:15140:22)\u001b[22m\u001b[2m\u001b[22m\n\u001b[2m      \u001b[2mat workLoopSync (\u001b[22m\u001b[2mnode_modules/react-dom/cjs/react-dom-client.development.js\u001b[2m:14956:41)\u001b[22m\u001b[2m\u001b[22m\n\u001b[2m      \u001b[2mat renderRootSync (\u001b[22m\u001b[2mnode_modules/react-dom/cjs/react-dom-client.development.js\u001b[2m:14936:11)\u001b[22m\u001b[2m\u001b[22m\n\u001b[2m      \u001b[2mat performWorkOnRoot (\u001b[22m\u001b[2mnode_modules/react-dom/cjs/react-dom-client.development.js\u001b[2m:14462:44)\u001b[22m\u001b[2m\u001b[22m\n\u001b[2m      \u001b[2mat performWorkOnRootViaSchedulerTask (\u001b[22m\u001b[2mnode_modules/react-dom/cjs/react-dom-client.development.js\u001b[2m:16216:7)\u001b[22m\u001b[2m\u001b[22m\n\u001b[2m      \u001b[2mat flushActQueue (\u001b[22m\u001b[2mnode_modules/react/cjs/react.development.js\u001b[2m:566:34)\u001b[22m\u001b[2m\u001b[22m\n\u001b[2m      \u001b[2mat process.env.NODE_ENV.exports.act (\u001b[22m\u001b[2mnode_modules/react/cjs/react.development.js\u001b[2m:859:10)\u001b[22m\u001b[2m\u001b[22m\n\u001b[2m      \u001b[2mat \u001b[22m\u001b[2mnode_modules/@testing-library/react/dist/act-compat.js\u001b[2m:47:25\u001b[22m\u001b[2m\u001b[22m\n\u001b[2m      \u001b[2mat renderRoot (\u001b[22m\u001b[2mnode_modules/@testing-library/react/dist/pure.js\u001b[2m:190:26)\u001b[22m\u001b[2m\u001b[22m\n\u001b[2m      \u001b[2mat render (\u001b[22m\u001b[2mnode_modules/@testing-library/react/dist/pure.js\u001b[2m:292:10)\u001b[22m\u001b[2m\u001b[22m\n\u001b[2m      \u001b[2mat Object.<anonymous> (\u001b[22m\u001b[2m\u001b[0m\u001b[36mapp/admin/dashboard/page.test.tsx\u001b[39m\u001b[0m\u001b[2m:195:11)\u001b[22m\u001b[2m\u001b[22m\n"
    },
    {
      "testFilePath": "D:\\2-Maguru\\maguru\\features\\homepage\\component\\Heros.test.tsx",
      "testFileResults": [
        {
          "ancestorTitles": [
            "Hero Component"
          ],
          "fullName": "Hero Component renders headline and main call-to-action",
          "status": "passed",
          "title": "renders headline and main call-to-action",
          "failureMessages": [],
          "duration": 127
        },
        {
          "ancestorTitles": [
            "Hero Component"
          ],
          "fullName": "Hero Component renders social proof elements",
          "status": "passed",
          "title": "renders social proof elements",
          "failureMessages": [],
          "duration": 32
        },
        {
          "ancestorTitles": [
            "Hero Component"
          ],
          "fullName": "Hero Component renders interactive learning section",
          "status": "passed",
          "title": "renders interactive learning section",
          "failureMessages": [],
          "duration": 67
        },
        {
          "ancestorTitles": [
            "Hero Component"
          ],
          "fullName": "Hero Component renders floating information cards",
          "status": "passed",
          "title": "renders floating information cards",
          "failureMessages": [],
          "duration": 125
        }
      ],
      "failureMessage": null
    },
    {
      "testFilePath": "D:\\2-Maguru\\maguru\\app\\creator\\dashboard\\page.test.tsx",
      "testFileResults": [
        {
          "ancestorTitles": [
            "CreatorDashboardPage"
          ],
          "fullName": "CreatorDashboardPage should render loading state when user is not loaded",
          "status": "failed",
          "title": "should render loading state when user is not loaded",
          "failureMessages": [
            "TypeError: Cannot destructure property 'user' of '((cov_13f26dp3kp(...).s[10]++) , (0 , _nextjs.useUser)(...))' as it is undefined.\n    at user (D:\\2-Maguru\\maguru\\app\\creator\\dashboard\\page.tsx:17:11)\n    at Object.react-stack-bottom-frame (D:\\2-Maguru\\maguru\\node_modules\\react-dom\\cjs\\react-dom-client.development.js:23863:20)\n    at renderWithHooks (D:\\2-Maguru\\maguru\\node_modules\\react-dom\\cjs\\react-dom-client.development.js:5529:22)\n    at updateFunctionComponent (D:\\2-Maguru\\maguru\\node_modules\\react-dom\\cjs\\react-dom-client.development.js:8897:19)\n    at beginWork (D:\\2-Maguru\\maguru\\node_modules\\react-dom\\cjs\\react-dom-client.development.js:10522:18)\n    at runWithFiberInDEV (D:\\2-Maguru\\maguru\\node_modules\\react-dom\\cjs\\react-dom-client.development.js:1522:13)\n    at performUnitOfWork (D:\\2-Maguru\\maguru\\node_modules\\react-dom\\cjs\\react-dom-client.development.js:15140:22)\n    at workLoopSync (D:\\2-Maguru\\maguru\\node_modules\\react-dom\\cjs\\react-dom-client.development.js:14956:41)\n    at renderRootSync (D:\\2-Maguru\\maguru\\node_modules\\react-dom\\cjs\\react-dom-client.development.js:14936:11)\n    at performWorkOnRoot (D:\\2-Maguru\\maguru\\node_modules\\react-dom\\cjs\\react-dom-client.development.js:14462:44)\n    at performWorkOnRootViaSchedulerTask (D:\\2-Maguru\\maguru\\node_modules\\react-dom\\cjs\\react-dom-client.development.js:16216:7)\n    at flushActQueue (D:\\2-Maguru\\maguru\\node_modules\\react\\cjs\\react.development.js:566:34)\n    at process.env.NODE_ENV.exports.act (D:\\2-Maguru\\maguru\\node_modules\\react\\cjs\\react.development.js:859:10)\n    at D:\\2-Maguru\\maguru\\node_modules\\@testing-library\\react\\dist\\act-compat.js:47:25\n    at renderRoot (D:\\2-Maguru\\maguru\\node_modules\\@testing-library\\react\\dist\\pure.js:190:26)\n    at render (D:\\2-Maguru\\maguru\\node_modules\\@testing-library\\react\\dist\\pure.js:292:10)\n    at Object.<anonymous> (D:\\2-Maguru\\maguru\\app\\creator\\dashboard\\page.test.tsx:56:11)\n    at Promise.finally.completed (D:\\2-Maguru\\maguru\\node_modules\\jest-circus\\build\\jestAdapterInit.js:1559:28)\n    at new Promise (<anonymous>)\n    at callAsyncCircusFn (D:\\2-Maguru\\maguru\\node_modules\\jest-circus\\build\\jestAdapterInit.js:1499:10)\n    at _callCircusTest (D:\\2-Maguru\\maguru\\node_modules\\jest-circus\\build\\jestAdapterInit.js:1009:40)\n    at processTicksAndRejections (node:internal/process/task_queues:105:5)\n    at _runTest (D:\\2-Maguru\\maguru\\node_modules\\jest-circus\\build\\jestAdapterInit.js:949:3)\n    at _runTestsForDescribeBlock (D:\\2-Maguru\\maguru\\node_modules\\jest-circus\\build\\jestAdapterInit.js:839:13)\n    at _runTestsForDescribeBlock (D:\\2-Maguru\\maguru\\node_modules\\jest-circus\\build\\jestAdapterInit.js:829:11)\n    at run (D:\\2-Maguru\\maguru\\node_modules\\jest-circus\\build\\jestAdapterInit.js:757:3)\n    at runAndTransformResultsToJestFormat (D:\\2-Maguru\\maguru\\node_modules\\jest-circus\\build\\jestAdapterInit.js:1920:21)\n    at jestAdapter (D:\\2-Maguru\\maguru\\node_modules\\jest-circus\\build\\runner.js:101:19)\n    at runTestInternal (D:\\2-Maguru\\maguru\\node_modules\\jest-runner\\build\\testWorker.js:272:16)\n    at runTest (D:\\2-Maguru\\maguru\\node_modules\\jest-runner\\build\\testWorker.js:340:7)\n    at Object.worker (D:\\2-Maguru\\maguru\\node_modules\\jest-runner\\build\\testWorker.js:494:12)"
          ],
          "duration": 82
        },
        {
          "ancestorTitles": [
            "CreatorDashboardPage"
          ],
          "fullName": "CreatorDashboardPage should render access denied for non-creator users",
          "status": "failed",
          "title": "should render access denied for non-creator users",
          "failureMessages": [
            "TypeError: Cannot destructure property 'user' of '((cov_13f26dp3kp(...).s[10]++) , (0 , _nextjs.useUser)(...))' as it is undefined.\n    at user (D:\\2-Maguru\\maguru\\app\\creator\\dashboard\\page.tsx:17:11)\n    at Object.react-stack-bottom-frame (D:\\2-Maguru\\maguru\\node_modules\\react-dom\\cjs\\react-dom-client.development.js:23863:20)\n    at renderWithHooks (D:\\2-Maguru\\maguru\\node_modules\\react-dom\\cjs\\react-dom-client.development.js:5529:22)\n    at updateFunctionComponent (D:\\2-Maguru\\maguru\\node_modules\\react-dom\\cjs\\react-dom-client.development.js:8897:19)\n    at beginWork (D:\\2-Maguru\\maguru\\node_modules\\react-dom\\cjs\\react-dom-client.development.js:10522:18)\n    at runWithFiberInDEV (D:\\2-Maguru\\maguru\\node_modules\\react-dom\\cjs\\react-dom-client.development.js:1522:13)\n    at performUnitOfWork (D:\\2-Maguru\\maguru\\node_modules\\react-dom\\cjs\\react-dom-client.development.js:15140:22)\n    at workLoopSync (D:\\2-Maguru\\maguru\\node_modules\\react-dom\\cjs\\react-dom-client.development.js:14956:41)\n    at renderRootSync (D:\\2-Maguru\\maguru\\node_modules\\react-dom\\cjs\\react-dom-client.development.js:14936:11)\n    at performWorkOnRoot (D:\\2-Maguru\\maguru\\node_modules\\react-dom\\cjs\\react-dom-client.development.js:14462:44)\n    at performWorkOnRootViaSchedulerTask (D:\\2-Maguru\\maguru\\node_modules\\react-dom\\cjs\\react-dom-client.development.js:16216:7)\n    at flushActQueue (D:\\2-Maguru\\maguru\\node_modules\\react\\cjs\\react.development.js:566:34)\n    at process.env.NODE_ENV.exports.act (D:\\2-Maguru\\maguru\\node_modules\\react\\cjs\\react.development.js:859:10)\n    at D:\\2-Maguru\\maguru\\node_modules\\@testing-library\\react\\dist\\act-compat.js:47:25\n    at renderRoot (D:\\2-Maguru\\maguru\\node_modules\\@testing-library\\react\\dist\\pure.js:190:26)\n    at render (D:\\2-Maguru\\maguru\\node_modules\\@testing-library\\react\\dist\\pure.js:292:10)\n    at Object.<anonymous> (D:\\2-Maguru\\maguru\\app\\creator\\dashboard\\page.test.tsx:78:11)\n    at Promise.finally.completed (D:\\2-Maguru\\maguru\\node_modules\\jest-circus\\build\\jestAdapterInit.js:1559:28)\n    at new Promise (<anonymous>)\n    at callAsyncCircusFn (D:\\2-Maguru\\maguru\\node_modules\\jest-circus\\build\\jestAdapterInit.js:1499:10)\n    at _callCircusTest (D:\\2-Maguru\\maguru\\node_modules\\jest-circus\\build\\jestAdapterInit.js:1009:40)\n    at processTicksAndRejections (node:internal/process/task_queues:105:5)\n    at _runTest (D:\\2-Maguru\\maguru\\node_modules\\jest-circus\\build\\jestAdapterInit.js:949:3)\n    at _runTestsForDescribeBlock (D:\\2-Maguru\\maguru\\node_modules\\jest-circus\\build\\jestAdapterInit.js:839:13)\n    at _runTestsForDescribeBlock (D:\\2-Maguru\\maguru\\node_modules\\jest-circus\\build\\jestAdapterInit.js:829:11)\n    at run (D:\\2-Maguru\\maguru\\node_modules\\jest-circus\\build\\jestAdapterInit.js:757:3)\n    at runAndTransformResultsToJestFormat (D:\\2-Maguru\\maguru\\node_modules\\jest-circus\\build\\jestAdapterInit.js:1920:21)\n    at jestAdapter (D:\\2-Maguru\\maguru\\node_modules\\jest-circus\\build\\runner.js:101:19)\n    at runTestInternal (D:\\2-Maguru\\maguru\\node_modules\\jest-runner\\build\\testWorker.js:272:16)\n    at runTest (D:\\2-Maguru\\maguru\\node_modules\\jest-runner\\build\\testWorker.js:340:7)\n    at Object.worker (D:\\2-Maguru\\maguru\\node_modules\\jest-runner\\build\\testWorker.js:494:12)"
          ],
          "duration": 9
        },
        {
          "ancestorTitles": [
            "CreatorDashboardPage"
          ],
          "fullName": "CreatorDashboardPage should render creator dashboard for creator users",
          "status": "failed",
          "title": "should render creator dashboard for creator users",
          "failureMessages": [
            "TypeError: Cannot destructure property 'user' of '((cov_13f26dp3kp(...).s[10]++) , (0 , _nextjs.useUser)(...))' as it is undefined.\n    at user (D:\\2-Maguru\\maguru\\app\\creator\\dashboard\\page.tsx:17:11)\n    at Object.react-stack-bottom-frame (D:\\2-Maguru\\maguru\\node_modules\\react-dom\\cjs\\react-dom-client.development.js:23863:20)\n    at renderWithHooks (D:\\2-Maguru\\maguru\\node_modules\\react-dom\\cjs\\react-dom-client.development.js:5529:22)\n    at updateFunctionComponent (D:\\2-Maguru\\maguru\\node_modules\\react-dom\\cjs\\react-dom-client.development.js:8897:19)\n    at beginWork (D:\\2-Maguru\\maguru\\node_modules\\react-dom\\cjs\\react-dom-client.development.js:10522:18)\n    at runWithFiberInDEV (D:\\2-Maguru\\maguru\\node_modules\\react-dom\\cjs\\react-dom-client.development.js:1522:13)\n    at performUnitOfWork (D:\\2-Maguru\\maguru\\node_modules\\react-dom\\cjs\\react-dom-client.development.js:15140:22)\n    at workLoopSync (D:\\2-Maguru\\maguru\\node_modules\\react-dom\\cjs\\react-dom-client.development.js:14956:41)\n    at renderRootSync (D:\\2-Maguru\\maguru\\node_modules\\react-dom\\cjs\\react-dom-client.development.js:14936:11)\n    at performWorkOnRoot (D:\\2-Maguru\\maguru\\node_modules\\react-dom\\cjs\\react-dom-client.development.js:14462:44)\n    at performWorkOnRootViaSchedulerTask (D:\\2-Maguru\\maguru\\node_modules\\react-dom\\cjs\\react-dom-client.development.js:16216:7)\n    at flushActQueue (D:\\2-Maguru\\maguru\\node_modules\\react\\cjs\\react.development.js:566:34)\n    at process.env.NODE_ENV.exports.act (D:\\2-Maguru\\maguru\\node_modules\\react\\cjs\\react.development.js:859:10)\n    at D:\\2-Maguru\\maguru\\node_modules\\@testing-library\\react\\dist\\act-compat.js:47:25\n    at renderRoot (D:\\2-Maguru\\maguru\\node_modules\\@testing-library\\react\\dist\\pure.js:190:26)\n    at render (D:\\2-Maguru\\maguru\\node_modules\\@testing-library\\react\\dist\\pure.js:292:10)\n    at Object.<anonymous> (D:\\2-Maguru\\maguru\\app\\creator\\dashboard\\page.test.tsx:102:11)\n    at Promise.finally.completed (D:\\2-Maguru\\maguru\\node_modules\\jest-circus\\build\\jestAdapterInit.js:1559:28)\n    at new Promise (<anonymous>)\n    at callAsyncCircusFn (D:\\2-Maguru\\maguru\\node_modules\\jest-circus\\build\\jestAdapterInit.js:1499:10)\n    at _callCircusTest (D:\\2-Maguru\\maguru\\node_modules\\jest-circus\\build\\jestAdapterInit.js:1009:40)\n    at processTicksAndRejections (node:internal/process/task_queues:105:5)\n    at _runTest (D:\\2-Maguru\\maguru\\node_modules\\jest-circus\\build\\jestAdapterInit.js:949:3)\n    at _runTestsForDescribeBlock (D:\\2-Maguru\\maguru\\node_modules\\jest-circus\\build\\jestAdapterInit.js:839:13)\n    at _runTestsForDescribeBlock (D:\\2-Maguru\\maguru\\node_modules\\jest-circus\\build\\jestAdapterInit.js:829:11)\n    at run (D:\\2-Maguru\\maguru\\node_modules\\jest-circus\\build\\jestAdapterInit.js:757:3)\n    at runAndTransformResultsToJestFormat (D:\\2-Maguru\\maguru\\node_modules\\jest-circus\\build\\jestAdapterInit.js:1920:21)\n    at jestAdapter (D:\\2-Maguru\\maguru\\node_modules\\jest-circus\\build\\runner.js:101:19)\n    at runTestInternal (D:\\2-Maguru\\maguru\\node_modules\\jest-runner\\build\\testWorker.js:272:16)\n    at runTest (D:\\2-Maguru\\maguru\\node_modules\\jest-runner\\build\\testWorker.js:340:7)\n    at Object.worker (D:\\2-Maguru\\maguru\\node_modules\\jest-runner\\build\\testWorker.js:494:12)"
          ],
          "duration": 6
        },
        {
          "ancestorTitles": [
            "CreatorDashboardPage"
          ],
          "fullName": "CreatorDashboardPage should display creator stats correctly",
          "status": "failed",
          "title": "should display creator stats correctly",
          "failureMessages": [
            "TypeError: Cannot destructure property 'user' of '((cov_13f26dp3kp(...).s[10]++) , (0 , _nextjs.useUser)(...))' as it is undefined.\n    at user (D:\\2-Maguru\\maguru\\app\\creator\\dashboard\\page.tsx:17:11)\n    at Object.react-stack-bottom-frame (D:\\2-Maguru\\maguru\\node_modules\\react-dom\\cjs\\react-dom-client.development.js:23863:20)\n    at renderWithHooks (D:\\2-Maguru\\maguru\\node_modules\\react-dom\\cjs\\react-dom-client.development.js:5529:22)\n    at updateFunctionComponent (D:\\2-Maguru\\maguru\\node_modules\\react-dom\\cjs\\react-dom-client.development.js:8897:19)\n    at beginWork (D:\\2-Maguru\\maguru\\node_modules\\react-dom\\cjs\\react-dom-client.development.js:10522:18)\n    at runWithFiberInDEV (D:\\2-Maguru\\maguru\\node_modules\\react-dom\\cjs\\react-dom-client.development.js:1522:13)\n    at performUnitOfWork (D:\\2-Maguru\\maguru\\node_modules\\react-dom\\cjs\\react-dom-client.development.js:15140:22)\n    at workLoopSync (D:\\2-Maguru\\maguru\\node_modules\\react-dom\\cjs\\react-dom-client.development.js:14956:41)\n    at renderRootSync (D:\\2-Maguru\\maguru\\node_modules\\react-dom\\cjs\\react-dom-client.development.js:14936:11)\n    at performWorkOnRoot (D:\\2-Maguru\\maguru\\node_modules\\react-dom\\cjs\\react-dom-client.development.js:14462:44)\n    at performWorkOnRootViaSchedulerTask (D:\\2-Maguru\\maguru\\node_modules\\react-dom\\cjs\\react-dom-client.development.js:16216:7)\n    at flushActQueue (D:\\2-Maguru\\maguru\\node_modules\\react\\cjs\\react.development.js:566:34)\n    at process.env.NODE_ENV.exports.act (D:\\2-Maguru\\maguru\\node_modules\\react\\cjs\\react.development.js:859:10)\n    at D:\\2-Maguru\\maguru\\node_modules\\@testing-library\\react\\dist\\act-compat.js:47:25\n    at renderRoot (D:\\2-Maguru\\maguru\\node_modules\\@testing-library\\react\\dist\\pure.js:190:26)\n    at render (D:\\2-Maguru\\maguru\\node_modules\\@testing-library\\react\\dist\\pure.js:292:10)\n    at Object.<anonymous> (D:\\2-Maguru\\maguru\\app\\creator\\dashboard\\page.test.tsx:124:11)\n    at Promise.finally.completed (D:\\2-Maguru\\maguru\\node_modules\\jest-circus\\build\\jestAdapterInit.js:1559:28)\n    at new Promise (<anonymous>)\n    at callAsyncCircusFn (D:\\2-Maguru\\maguru\\node_modules\\jest-circus\\build\\jestAdapterInit.js:1499:10)\n    at _callCircusTest (D:\\2-Maguru\\maguru\\node_modules\\jest-circus\\build\\jestAdapterInit.js:1009:40)\n    at processTicksAndRejections (node:internal/process/task_queues:105:5)\n    at _runTest (D:\\2-Maguru\\maguru\\node_modules\\jest-circus\\build\\jestAdapterInit.js:949:3)\n    at _runTestsForDescribeBlock (D:\\2-Maguru\\maguru\\node_modules\\jest-circus\\build\\jestAdapterInit.js:839:13)\n    at _runTestsForDescribeBlock (D:\\2-
[...]
1b[33mclass\u001b[39m=\u001b[32m\"flex items-center justify-center w-10 h-10 bg-blue-100 rounded-lg\"\u001b[39m\n                  \u001b[36m>\u001b[39m\n                    \u001b[36m<svg\u001b[39m\n                      \u001b[33maria-hidden\u001b[39m=\u001b[32m\"true\"\u001b[39m\n                      \u001b[33mclass\u001b[39m=\u001b[32m\"lucide lucide-book-open w-5 h-5 text-blue-600\"\u001b[39m\n                      \u001b[33mfill\u001b[39m=\u001b[32m\"none\"\u001b[39m\n                      \u001b[33mheight\u001b[39m=\u001b[32m\"24\"\u001b[39m\n                      \u001b[33mstroke\u001b[39m=\u001b[32m\"currentColor\"\u001b[39m\n                      \u001b[33mstroke-linecap\u001b[39m=\u001b[32m\"round\"\u001b[39m\n                      \u001b[33mstroke-linejoin\u001b[39m=\u001b[32m\"round\"\u001b[39m\n                      \u001b[33mstroke-width\u001b[39m=\u001b[32m\"2\"\u001b[39m\n                      \u001b[33mviewBox\u001b[39m=\u001b[32m\"0 0 24 24\"\u001b[39m\n                      \u001b[33mwidth\u001b[39m=\u001b[32m\"24\"\u001b[39m\n                      \u001b[33mxmlns\u001b[39m=\u001b[32m\"http://www.w3.org/2000/svg\"\u001b[39m\n                    \u001b[36m>\u001b[39m\n                      \u001b[36m<path\u001b[39m\n                        \u001b[33md\u001b[39m=\u001b[32m\"M12 7v14\"\u001b[39m\n                      \u001b[36m/>\u001b[39m\n                      \u001b[36m<path\u001b[39m\n                        \u001b[33md\u001b[39m=\u001b[32m\"M3 18a1 1 0 0 1-1-1V4a1 1 0 0 1 1-1h5a4 4 0 0 1 4 4 4 4 0 0 1 4-4h5a1 1 0 0 1 1 1v13a1 1 0 0 1-1 1h-6a3 3 0 0 0-3 3 3 3 0 0 0-3-3z\"\u001b[39m\n                      \u001b[36m/>\u001b[39m\n                    \u001b[36m</svg>\u001b[39m\n                  \u001b[36m</div>\u001b[39m\n                  \u001b[36m<div>\u001b[39m\n                    \u001b[36m<p\u001b[39m\n                      \u001b[33mclass\u001b[39m=\u001b[32m\"text-sm text-gray-600\"\u001b[39m\n                    \u001b[36m>\u001b[39m\n                      \u001b[0mKursus Diikuti\u001b[0m\n                    \u001b[36m</p>\u001b[39m\n                    \u001b[36m<p\u001b[39m\n                      \u001b[33mclass\u001b[39m=\u001b[32m\"text-2xl font-bold text-gray-900\"\u001b[39m\n                    \u001b[36m>\u001b[39m\n                      \u001b[0m5\u001b[0m\n                    \u001b[36m</p>\u001b[39m\n                  \u001b[36m</div>\u001b[39m\n                \u001b[36m</div>\u001b[39m\n              \u001b[36m</div>\u001b[39m\n              \u001b[36m<div\u001b[39m\n                \u001b[33mclass\u001b[39m=\u001b[32m\"bg-white rounded-lg shadow-sm border p-6\"\u001b[39m\n              \u001b[36m>\u001b[39m\n                \u001b[36m<div\u001b[39m\n                  \u001b[33mclass\u001b[39m=\u001b[32m\"flex items-center gap-3\"\u001b[39m\n                \u001b[36m>\u001b[39m\n                  \u001b[36m<div\u001b[39m\n                    \u001b[33mclass\u001b[39m=\u001b[32m\"flex items-center justify-center w-10 h-10 bg-green-100 rounded-lg\"\u001b[39m\n                  \u001b[36m>\u001b[39m\n                    \u001b[36m<svg\u001b[39m\n                      \u001b[33maria-hidden\u001b[39m=\u001b[32m\"true\"\u001b[39m\n                      \u001b[33mclass\u001b[39m=\u001b[32m\"lucide lucide-award w-5 h-5 text-green-600\"\u001b[39m\n                      \u001b[33mfill\u001b[39m=\u001b[32m\"none\"\u001b[39m\n                      \u001b[33mheight\u001b[39m=\u001b[32m\"24\"\u001b[39m\n                      \u001b[33mstroke\u001b[39m=\u001b[32m\"currentColor\"\u001b[39m\n                      \u001b[33mstroke-linecap\u001b[39m=\u001b[32m\"round\"\u001b[39m\n                      \u001b[33mstroke-linejoin\u001b[39m=\u001b[32m\"round\"\u001b[39m\n                      \u001b[33mstroke-width\u001b[39m=\u001b[32m\"2\"\u001b[39m\n                      \u001b[33mviewBox\u001b[39m=\u001b[32m\"0 0 24 24\"\u001b[39m\n                      \u001b[33mwidth\u001b[39m=\u001b[32m\"24\"\u001b[39m\n                      \u001b[33mxmlns\u001b[39m=\u001b[32m\"http://www.w3.org/2000/svg\"\u001b[39m\n                    \u001b[36m>\u001b[39m\n                      \u001b[36m<path\u001b[39m\n                        \u001b[33md\u001b[39m=\u001b[32m\"m15.477 12.89 1.515 8.526a.5.5 0 0 1-.81.47l-3.58-2.687a1 1 0 0 0-1.197 0l-3.586 2.686a.5.5 0 0 1-.81-.469l1.514-8.526\"\u001b[39m\n                      \u001b[36m/>\u001b[39m\n                      \u001b[36m<circle\u001b[39m\n                        \u001b[33mcx\u001b[39m=\u001b[32m\"12\"\u001b[39m\n                        \u001b[33mcy\u001b[39m=\u001b[32m\"8\"\u001b[39m\n                        \u001b[33mr\u001b[39m=\u001b[32m\"6\"\u001b[39m\n                      \u001b[36m/>\u001b[39m\n                    \u001b[36m</svg>\u001b[39m\n                  \u001b[36m</div>\u001b[39m\n                  \u001b[36m<div>\u001b[39m\n                    \u001b[36m<p\u001b[39m\n                      \u001b[33mclass\u001b[39m=\u001b[32m\"text-sm text-gray-600\"\u001b[39m\n                    \u001b[36m>\u001b[39m\n                      \u001b[0mKursus Selesai\u001b[0m\n                    \u001b[36m</p>\u001b[39m\n                    \u001b[36m<p\u001b[39m\n                      \u001b[33mclass\u001b[39m=\u001b[32m\"text-2xl font-bold text-gray-900\"\u001b[39m\n                    \u001b[36m>\u001b[39m\n                      \u001b[0m2\u001b[0m\n                    \u001b[36m</p>\u001b[39m\n                  \u001b[36m</div>\u001b[39m\n                \u001b[36m</div>\u001b[39m\n              \u001b[36m</div>\u001b[39m\n              \u001b[36m<div\u001b[39m\n                \u001b[33mclass\u001b[39m=\u001b[32m\"bg-white rounded-lg shado...\n\u001b[2m\u001b[22m\n\u001b[2m    \u001b[0m \u001b[90m 303 |\u001b[39m       render(\u001b[33m<\u001b[39m\u001b[33mUserDashboardPage\u001b[39m \u001b[33m/\u001b[39m\u001b[33m>\u001b[39m)\u001b[22m\n\u001b[2m     \u001b[90m 304 |\u001b[39m\u001b[22m\n\u001b[2m    \u001b[31m\u001b[1m>\u001b[22m\u001b[2m\u001b[39m\u001b[90m 305 |\u001b[39m       expect(screen\u001b[33m.\u001b[39mgetByText(\u001b[32m'Lanjutkan'\u001b[39m))\u001b[33m.\u001b[39mtoBeInTheDocument() \u001b[90m// For 75% and 45%\u001b[39m\u001b[22m\n\u001b[2m     \u001b[90m     |\u001b[39m                     \u001b[31m\u001b[1m^\u001b[22m\u001b[2m\u001b[39m\u001b[22m\n\u001b[2m     \u001b[90m 306 |\u001b[39m       expect(screen\u001b[33m.\u001b[39mgetByText(\u001b[32m'Review'\u001b[39m))\u001b[33m.\u001b[39mtoBeInTheDocument() \u001b[90m// For 100%\u001b[39m\u001b[22m\n\u001b[2m     \u001b[90m 307 |\u001b[39m     })\u001b[22m\n\u001b[2m     \u001b[90m 308 |\u001b[39m\u001b[0m\u001b[22m\n\u001b[2m\u001b[22m\n\u001b[2m      \u001b[2mat Object.getElementError (\u001b[22m\u001b[2mnode_modules/@testing-library/dom/dist/config.js\u001b[2m:37:19)\u001b[22m\u001b[2m\u001b[22m\n\u001b[2m      \u001b[2mat getElementError (\u001b[22m\u001b[2mnode_modules/@testing-library/dom/dist/query-helpers.js\u001b[2m:20:35)\u001b[22m\u001b[2m\u001b[22m\n\u001b[2m      \u001b[2mat getMultipleElementsFoundError (\u001b[22m\u001b[2mnode_modules/@testing-library/dom/dist/query-helpers.js\u001b[2m:23:10)\u001b[22m\u001b[2m\u001b[22m\n\u001b[2m      \u001b[2mat \u001b[22m\u001b[2mnode_modules/@testing-library/dom/dist/query-helpers.js\u001b[2m:55:13\u001b[22m\u001b[2m\u001b[22m\n\u001b[2m      \u001b[2mat \u001b[22m\u001b[2mnode_modules/@testing-library/dom/dist/query-helpers.js\u001b[2m:95:19\u001b[22m\u001b[2m\u001b[22m\n\u001b[2m      \u001b[2mat Object.getByText (\u001b[22m\u001b[2m\u001b[0m\u001b[36mapp/dashboard/page.test.tsx\u001b[39m\u001b[0m\u001b[2m:305:21)\u001b[22m\u001b[2m\u001b[22m\n\n\u001b[1m\u001b[31m  \u001b[1m● \u001b[22m\u001b[1mUserDashboardPage › Development Mode › should show development info in development mode\u001b[39m\u001b[22m\n\n    TestingLibraryElementError: Unable to find an element with the text: Current Role: user. This could be because the text is broken up by multiple elements. In this case, you can provide a function for your text matcher to make your matcher more flexible.\n\n    Ignored nodes: comments, script, style\n    \u001b[36m<body>\u001b[39m\n      \u001b[36m<div>\u001b[39m\n        \u001b[36m<div\u001b[39m\n          \u001b[33mclass\u001b[39m=\u001b[32m\"min-h-screen bg-gradient-to-br from-blue-50 via-indigo-50 to-purple-50 p-6\"\u001b[39m\n        \u001b[36m>\u001b[39m\n          \u001b[36m<div\u001b[39m\n            \u001b[33mclass\u001b[39m=\u001b[32m\"max-w-7xl mx-auto\"\u001b[39m\n          \u001b[36m>\u001b[39m\n            \u001b[36m<div\u001b[39m\n              \u001b[33mclass\u001b[39m=\u001b[32m\"bg-white rounded-lg shadow-sm border p-6 mb-8\"\u001b[39m\n            \u001b[36m>\u001b[39m\n              \u001b[36m<div\u001b[39m\n                \u001b[33mclass\u001b[39m=\u001b[32m\"flex items-center gap-4\"\u001b[39m\n              \u001b[36m>\u001b[39m\n                \u001b[36m<div\u001b[39m\n                  \u001b[33mclass\u001b[39m=\u001b[32m\"flex items-center justify-center w-12 h-12 bg-blue-100 rounded-lg\"\u001b[39m\n                \u001b[36m>\u001b[39m\n                  \u001b[36m<svg\u001b[39m\n                    \u001b[33maria-hidden\u001b[39m=\u001b[32m\"true\"\u001b[39m\n                    \u001b[33mclass\u001b[39m=\u001b[32m\"lucide lucide-user w-6 h-6 text-blue-600\"\u001b[39m\n                    \u001b[33mfill\u001b[39m=\u001b[32m\"none\"\u001b[39m\n                    \u001b[33mheight\u001b[39m=\u001b[32m\"24\"\u001b[39m\n                    \u001b[33mstroke\u001b[39m=\u001b[32m\"currentColor\"\u001b[39m\n                    \u001b[33mstroke-linecap\u001b[39m=\u001b[32m\"round\"\u001b[39m\n                    \u001b[33mstroke-linejoin\u001b[39m=\u001b[32m\"round\"\u001b[39m\n                    \u001b[33mstroke-width\u001b[39m=\u001b[32m\"2\"\u001b[39m\n                    \u001b[33mviewBox\u001b[39m=\u001b[32m\"0 0 24 24\"\u001b[39m\n                    \u001b[33mwidth\u001b[39m=\u001b[32m\"24\"\u001b[39m\n                    \u001b[33mxmlns\u001b[39m=\u001b[32m\"http://www.w3.org/2000/svg\"\u001b[39m\n                  \u001b[36m>\u001b[39m\n                    \u001b[36m<path\u001b[39m\n                      \u001b[33md\u001b[39m=\u001b[32m\"M19 21v-2a4 4 0 0 0-4-4H9a4 4 0 0 0-4 4v2\"\u001b[39m\n                    \u001b[36m/>\u001b[39m\n                    \u001b[36m<circle\u001b[39m\n                      \u001b[33mcx\u001b[39m=\u001b[32m\"12\"\u001b[39m\n                      \u001b[33mcy\u001b[39m=\u001b[32m\"7\"\u001b[39m\n                      \u001b[33mr\u001b[39m=\u001b[32m\"4\"\u001b[39m\n                    \u001b[36m/>\u001b[39m\n                  \u001b[36m</svg>\u001b[39m\n                \u001b[36m</div>\u001b[39m\n                \u001b[36m<div>\u001b[39m\n                  \u001b[36m<h1\u001b[39m\n                    \u001b[33mclass\u001b[39m=\u001b[32m\"text-3xl font-bold text-gray-900\"\u001b[39m\n                  \u001b[36m>\u001b[39m\n                    \u001b[0mDashboard Learner\u001b[0m\n                  \u001b[36m</h1>\u001b[39m\n                  \u001b[36m<p\u001b[39m\n                    \u001b[33mclass\u001b[39m=\u001b[32m\"text-gray-600\"\u001b[39m\n                  \u001b[36m>\u001b[39m\n                    \u001b[0mSelamat datang kembali, \u001b[0m\n                    \u001b[0mJohn\u001b[0m\n                    \u001b[0m! - Role:\u001b[0m\n                    \u001b[0m \u001b[0m\n                    \u001b[36m<span\u001b[39m\n                      \u001b[33mclass\u001b[39m=\u001b[32m\"font-semibold capitalize text-blue-600\"\u001b[39m\n                    \u001b[36m>\u001b[39m\n                      \u001b[0muser\u001b[0m\n                    \u001b[36m</span>\u001b[39m\n                  \u001b[36m</p>\u001b[39m\n                \u001b[36m</div>\u001b[39m\n              \u001b[36m</div>\u001b[39m\n            \u001b[36m</div>\u001b[39m\n            \u001b[36m<div\u001b[39m\n              \u001b[33mclass\u001b[39m=\u001b[32m\"grid grid-cols-1 md:grid-cols-2 lg:grid-cols-4 gap-6 mb-8\"\u001b[39m\n            \u001b[36m>\u001b[39m\n              \u001b[36m<div\u001b[39m\n                \u001b[33mclass\u001b[39m=\u001b[32m\"bg-white rounded-lg shadow-sm border p-6\"\u001b[39m\n              \u001b[36m>\u001b[39m\n                \u001b[36m<div\u001b[39m\n                  \u001b[33mclass\u001b[39m=\u001b[32m\"flex items-center gap-3\"\u001b[39m\n                \u001b[36m>\u001b[39m\n                  \u001b[36m<div\u001b[39m\n                    \u001b[33mclass\u001b[39m=\u001b[32m\"flex items-center justify-center w-10 h-10 bg-blue-100 rounded-lg\"\u001b[39m\n                  \u001b[36m>\u001b[39m\n                    \u001b[36m<svg\u001b[39m\n                      \u001b[33maria-hidden\u001b[39m=\u001b[32m\"true\"\u001b[39m\n                      \u001b[33mclass\u001b[39m=\u001b[32m\"lucide lucide-book-open w-5 h-5 text-blue-600\"\u001b[39m\n                      \u001b[33mfill\u001b[39m=\u001b[32m\"none\"\u001b[39m\n                      \u001b[33mheight\u001b[39m=\u001b[32m\"24\"\u001b[39m\n                      \u001b[33mstroke\u001b[39m=\u001b[32m\"currentColor\"\u001b[39m\n                      \u001b[33mstroke-linecap\u001b[39m=\u001b[32m\"round\"\u001b[39m\n                      \u001b[33mstroke-linejoin\u001b[39m=\u001b[32m\"round\"\u001b[39m\n                      \u001b[33mstroke-width\u001b[39m=\u001b[32m\"2\"\u001b[39m\n                      \u001b[33mviewBox\u001b[39m=\u001b[32m\"0 0 24 24\"\u001b[39m\n                      \u001b[33mwidth\u001b[39m=\u001b[32m\"24\"\u001b[39m\n                      \u001b[33mxmlns\u001b[39m=\u001b[32m\"http://www.w3.org/2000/svg\"\u001b[39m\n                    \u001b[36m>\u001b[39m\n                      \u001b[36m<path\u001b[39m\n                        \u001b[33md\u001b[39m=\u001b[32m\"M12 7v14\"\u001b[39m\n                      \u001b[36m/>\u001b[39m\n                      \u001b[36m<path\u001b[39m\n                        \u001b[33md\u001b[39m=\u001b[32m\"M3 18a1 1 0 0 1-1-1V4a1 1 0 0 1 1-1h5a4 4 0 0 1 4 4 4 4 0 0 1 4-4h5a1 1 0 0 1 1 1v13a1 1 0 0 1-1 1h-6a3 3 0 0 0-3 3 3 3 0 0 0-3-3z\"\u001b[39m\n                      \u001b[36m/>\u001b[39m\n                    \u001b[36m</svg>\u001b[39m\n                  \u001b[36m</div>\u001b[39m\n                  \u001b[36m<div>\u001b[39m\n                    \u001b[36m<p\u001b[39m\n                      \u001b[33mclass\u001b[39m=\u001b[32m\"text-sm text-gray-600\"\u001b[39m\n                    \u001b[36m>\u001b[39m\n                      \u001b[0mKursus Diikuti\u001b[0m\n                    \u001b[36m</p>\u001b[39m\n                    \u001b[36m<p\u001b[39m\n                      \u001b[33mclass\u001b[39m=\u001b[32m\"text-2xl font-bold text-gray-900\"\u001b[39m\n                    \u001b[36m>\u001b[39m\n                      \u001b[0m5\u001b[0m\n                    \u001b[36m</p>\u001b[39m\n                  \u001b[36m</div>\u001b[39m\n                \u001b[36m</div>\u001b[39m\n              \u001b[36m</div>\u001b[39m\n              \u001b[36m<div\u001b[39m\n                \u001b[33mclass\u001b[39m=\u001b[32m\"bg-white rounded-lg shadow-sm border p-6\"\u001b[39m\n              \u001b[36m>\u001b[39m\n                \u001b[36m<div\u001b[39m\n                  \u001b[33mclass\u001b[39m=\u001b[32m\"flex items-center gap-3\"\u001b[39m\n                \u001b[36m>\u001b[39m\n                  \u001b[36m<div\u001b[39m\n                    \u001b[33mclass\u001b[39m=\u001b[32m\"flex items-center justify-center w-10 h-10 bg-green-100 rounded-lg\"\u001b[39m\n                  \u001b[36m>\u001b[39m\n                    \u001b[36m<svg\u001b[39m\n                      \u001b[33maria-hidden\u001b[39m=\u001b[32m\"true\"\u001b[39m\n                      \u001b[33mclass\u001b[39m=\u001b[32m\"lucide lucide-award w-5 h-5 text-green-600\"\u001b[39m\n                      \u001b[33mfill\u001b[39m=\u001b[32m\"none\"\u001b[39m\n                      \u001b[33mheight\u001b[39m=\u001b[32m\"24\"\u001b[39m\n                      \u001b[33mstroke\u001b[39m=\u001b[32m\"currentColor\"\u001b[39m\n                      \u001b[33mstroke-linecap\u001b[39m=\u001b[32m\"round\"\u001b[39m\n                      \u001b[33mstroke-linejoin\u001b[39m=\u001b[32m\"round\"\u001b[39m\n                      \u001b[33mstroke-width\u001b[39m=\u001b[32m\"2\"\u001b[39m\n                      \u001b[33mviewBox\u001b[39m=\u001b[32m\"0 0 24 24\"\u001b[39m\n                      \u001b[33mwidth\u001b[39m=\u001b[32m\"24\"\u001b[39m\n                      \u001b[33mxmlns\u001b[39m=\u001b[32m\"http://www.w3.org/2000/svg\"\u001b[39m\n                    \u001b[36m>\u001b[39m\n                      \u001b[36m<path\u001b[39m\n                        \u001b[33md\u001b[39m=\u001b[32m\"m15.477 12.89 1.515 8.526a.5.5 0 0 1-.81.47l-3.58-2.687a1 1 0 0 0-1.197 0l-3.586 2.686a.5.5 0 0 1-.81-.469l1.514-8.526\"\u001b[39m\n                      \u001b[36m/>\u001b[39m\n                      \u001b[36m<circle\u001b[39m\n                        \u001b[33mcx\u001b[39m=\u001b[32m\"12\"\u001b[39m\n                        \u001b[33mcy\u001b[39m=\u001b[32m\"8\"\u001b[39m\n                        \u001b[33mr\u001b[39m=\u001b[32m\"6\"\u001b[39m\n                      \u001b[36m/>\u001b[39m\n                    \u001b[36m</svg>\u001b[39m\n                  \u001b[36m</div>\u001b[39m\n                  \u001b[36m<div>\u001b[39m\n                    \u001b[36m<p\u001b[39m\n                      \u001b[33mclass\u001b[39m=\u001b[32m\"text-sm text-gray-600\"\u001b[39m\n                    \u001b[36m>\u001b[39m\n                      \u001b[0mKursus Selesai\u001b[0m\n                    \u001b[36m</p>\u001b[39m\n                    \u001b[36m<p\u001b[39m\n                      \u001b[33mclass\u001b[39m=\u001b[32m\"text-2xl font-bold text-gray-900\"\u001b[39m\n                    \u001b[36m>\u001b[39m\n                      \u001b[0m2\u001b[0m\n                    \u001b[36m</p>\u001b[39m\n                  \u001b[36m</div>\u001b[39m\n                \u001b[36m</div>\u001b[39m\n              \u001b[36m</div>\u001b[39m\n              \u001b[36m<div\u001b[39m\n                \u001b[33mclass\u001b[39m=\u001b[32m\"bg-white rounded-lg shado...\n\u001b[2m\u001b[22m\n\u001b[2m    \u001b[0m \u001b[90m 370 |\u001b[39m\u001b[22m\n\u001b[2m     \u001b[90m 371 |\u001b[39m       expect(screen\u001b[33m.\u001b[39mgetByText(\u001b[32m'🔧 Development Info'\u001b[39m))\u001b[33m.\u001b[39mtoBeInTheDocument()\u001b[22m\n\u001b[2m    \u001b[31m\u001b[1m>\u001b[22m\u001b[2m\u001b[39m\u001b[90m 372 |\u001b[39m       expect(screen\u001b[33m.\u001b[39mgetByText(\u001b[32m'Current Role: user'\u001b[39m))\u001b[33m.\u001b[39mtoBeInTheDocument()\u001b[22m\n\u001b[2m     \u001b[90m     |\u001b[39m                     \u001b[31m\u001b[1m^\u001b[22m\u001b[2m\u001b[39m\u001b[22m\n\u001b[2m     \u001b[90m 373 |\u001b[39m       expect(screen\u001b[33m.\u001b[39mgetByText(\u001b[32m'Route: /user/dashboard'\u001b[39m))\u001b[33m.\u001b[39mtoBeInTheDocument()\u001b[22m\n\u001b[2m     \u001b[90m 374 |\u001b[39m     })\u001b[22m\n\u001b[2m     \u001b[90m 375 |\u001b[39m\u001b[0m\u001b[22m\n\u001b[2m\u001b[22m\n\u001b[2m      \u001b[2mat Object.getElementError (\u001b[22m\u001b[2mnode_modules/@testing-library/dom/dist/config.js\u001b[2m:37:19)\u001b[22m\u001b[2m\u001b[22m\n\u001b[2m      \u001b[2mat \u001b[22m\u001b[2mnode_modules/@testing-library/dom/dist/query-helpers.js\u001b[2m:76:38\u001b[22m\u001b[2m\u001b[22m\n\u001b[2m      \u001b[2mat \u001b[22m\u001b[2mnode_modules/@testing-library/dom/dist/query-helpers.js\u001b[2m:52:17\u001b[22m\u001b[2m\u001b[22m\n\u001b[2m      \u001b[2mat \u001b[22m\u001b[2mnode_modules/@testing-library/dom/dist/query-helpers.js\u001b[2m:95:19\u001b[22m\u001b[2m\u001b[22m\n\u001b[2m      \u001b[2mat Object.getByText (\u001b[22m\u001b[2m\u001b[0m\u001b[36mapp/dashboard/page.test.tsx\u001b[39m\u001b[0m\u001b[2m:372:21)\u001b[22m\u001b[2m\u001b[22m\n"
    }
  ]
}