{
  "numTotalTests": 11,
  "numPassedTests": 11,
  "numFailedTests": 0,
  "numPendingTests": 0,
  "startTime": "2025-06-26T23:18:04.227Z",
  "endTime": "2025-06-26T23:18:08.826Z",
  "testResults": [
    {
      "testFilePath": "D:\\2-Maguru\\maguru\\app\\dashboard\\page.test.tsx",
      "testFileResults": [
        {
          "ancestorTitles": [
            "Dashboard Page"
          ],
          "fullName": "Dashboard Page menampilkan halaman dashboard dengan informasi user",
          "status": "passed",
          "title": "menampilkan halaman dashboard dengan informasi user",
          "failureMessages": [],
          "duration": 159
        },
        {
          "ancestorTitles": [
            "Dashboard Page"
          ],
          "fullName": "Dashboard Page menampilkan loading state ketika user belum loaded",
          "status": "passed",
          "title": "menampilkan loading state ketika user belum loaded",
          "failureMessages": [],
          "duration": 6
        },
        {
          "ancestorTitles": [
            "Dashboard Page"
          ],
          "fullName": "Dashboard Page menampilkan fallback name ketika firstName tidak ada",
          "status": "passed",
          "title": "menampilkan fallback name ketika firstName tidak ada",
          "failureMessages": [],
          "duration": 17
        }
      ],
      "failureMessage": null
    },
    {
      "testFilePath": "D:\\2-Maguru\\maguru\\features\\homepage\\component\\Navbar.test.tsx",
      "testFileResults": [
        {
          "ancestorTitles": [
            "Navbar Component",
            "when user is not signed in"
          ],
          "fullName": "Navbar Component when user is not signed in renders logo and brand name",
          "status": "passed",
          "title": "renders logo and brand name",
          "failureMessages": [],
          "duration": 61
        },
        {
          "ancestorTitles": [
            "Navbar Component",
            "when user is not signed in"
          ],
          "fullName": "Navbar Component when user is not signed in renders desktop menu items",
          "status": "passed",
          "title": "renders desktop menu items",
          "failureMessages": [],
          "duration": 12
        },
        {
          "ancestorTitles": [
            "Navbar Component",
            "when user is not signed in"
          ],
          "fullName": "Navbar Component when user is not signed in renders desktop CTA buttons as links",
          "status": "passed",
          "title": "renders desktop CTA buttons as links",
          "failureMessages": [],
          "duration": 7
        },
        {
          "ancestorTitles": [
            "Navbar Component",
            "when user is not signed in"
          ],
          "fullName": "Navbar Component when user is not signed in toggles mobile menu and links close menu on click",
          "status": "passed",
          "title": "toggles mobile menu and links close menu on click",
          "failureMessages": [],
          "duration": 112
        },
        {
          "ancestorTitles": [
            "Navbar Component",
            "when user is signed in"
          ],
          "fullName": "Navbar Component when user is signed in renders sign out button and user button in desktop",
          "status": "passed",
          "title": "renders sign out button and user button in desktop",
          "failureMessages": [],
          "duration": 13
        },
        {
          "ancestorTitles": [
            "Navbar Component",
            "when user is signed in"
          ],
          "fullName": "Navbar Component when user is signed in renders sign out button and user button in mobile menu",
          "status": "passed",
          "title": "renders sign out button and user button in mobile menu",
          "failureMessages": [],
          "duration": 22
        },
        {
          "ancestorTitles": [
            "Navbar Component",
            "when user is signed in"
          ],
          "fullName": "Navbar Component when user is signed in closes mobile menu when sign out button is clicked",
          "status": "passed",
          "title": "closes mobile menu when sign out button is clicked",
          "failureMessages": [],
          "duration": 30
        },
        {
          "ancestorTitles": [
            "Navbar Component",
            "when user is signed in"
          ],
          "fullName": "Navbar Component when user is signed in sign out button has correct redirect configuration",
          "status": "passed",
          "title": "sign out button has correct redirect configuration",
          "failureMessages": [],
          "duration": 4
        }
      ],
      "failureMessage": null
    }
  ]
}