{
  "numTotalTests": 24,
  "numPassedTests": 11,
  "numFailedTests": 13,
  "numPendingTests": 0,
  "startTime": "2025-06-28T01:51:46.402Z",
  "endTime": "2025-06-28T01:51:56.669Z",
  "testResults": [
    {
      "testFilePath": "D:\\2-Maguru\\maguru\\app\\creator\\dashboard\\page.test.tsx",
      "testFileResults": [
        {
          "ancestorTitles": [
            "CreatorDashboardPage"
          ],
          "fullName": "CreatorDashboardPage should render loading state when user is not loaded",
          "status": "passed",
          "title": "should render loading state when user is not loaded",
          "failureMessages": [],
          "duration": 34
        },
        {
          "ancestorTitles": [
            "CreatorDashboardPage"
          ],
          "fullName": "CreatorDashboardPage should render access denied for non-creator users",
          "status": "passed",
          "title": "should render access denied for non-creator users",
          "failureMessages": [],
          "duration": 14
        },
        {
          "ancestorTitles": [
            "CreatorDashboardPage"
          ],
          "fullName": "CreatorDashboardPage should render creator dashboard for creator users",
          "status": "passed",
          "title": "should render creator dashboard for creator users",
          "failureMessages": [],
          "duration": 61
        },
        {
          "ancestorTitles": [
            "CreatorDashboardPage"
          ],
          "fullName": "CreatorDashboardPage should display creator stats correctly",
          "status": "passed",
          "title": "should display creator stats correctly",
          "failureMessages": [],
          "duration": 30
        },
        {
          "ancestorTitles": [
            "CreatorDashboardPage"
          ],
          "fullName": "CreatorDashboardPage should display quick actions section",
          "status": "passed",
          "title": "should display quick actions section",
          "failureMessages": [],
          "duration": 25
        },
        {
          "ancestorTitles": [
            "CreatorDashboardPage"
          ],
          "fullName": "CreatorDashboardPage should display recent courses section",
          "status": "passed",
          "title": "should display recent courses section",
          "failureMessages": [],
          "duration": 15
        },
        {
          "ancestorTitles": [
            "CreatorDashboardPage"
          ],
          "fullName": "CreatorDashboardPage should display pending tasks section",
          "status": "passed",
          "title": "should display pending tasks section",
          "failureMessages": [],
          "duration": 17
        },
        {
          "ancestorTitles": [
            "CreatorDashboardPage"
          ],
          "fullName": "CreatorDashboardPage should display creator workspace tools",
          "status": "passed",
          "title": "should display creator workspace tools",
          "failureMessages": [],
          "duration": 21
        },
        {
          "ancestorTitles": [
            "CreatorDashboardPage"
          ],
          "fullName": "CreatorDashboardPage should allow admin to access creator dashboard",
          "status": "passed",
          "title": "should allow admin to access creator dashboard",
          "failureMessages": [],
          "duration": 20
        }
      ],
      "failureMessage": null
    },
    {
      "testFilePath": "D:\\2-Maguru\\maguru\\__tests__\\integration\\auth\\role-management.integration.test.ts",
      "testFileResults": [
        {
          "ancestorTitles": [
            "Integration: Role Management Business Logic",
            "useUserRole Hook Business Logic"
          ],
          "fullName": "Integration: Role Management Business Logic useUserRole Hook Business Logic should compute boolean helpers correctly for admin role",
          "status": "failed",
          "title": "should compute boolean helpers correctly for admin role",
          "failureMessages": [
            "Error: \u001b[2mexpect(\u001b[22m\u001b[31mreceived\u001b[39m\u001b[2m).\u001b[22mtoBe\u001b[2m(\u001b[22m\u001b[32mexpected\u001b[39m\u001b[2m) // Object.is equality\u001b[22m\n\nExpected: \u001b[32m\"admin\"\u001b[39m\nReceived: \u001b[31m\"user\"\u001b[39m\n\nIgnored nodes: comments, script, style\n\u001b[36m<html>\u001b[39m\n  \u001b[36m<head />\u001b[39m\n  \u001b[36m<body>\u001b[39m\n    \u001b[36m<div />\u001b[39m\n  \u001b[36m</body>\u001b[39m\n\u001b[36m</html>\u001b[39m\n    at toBe (D:\\2-Maguru\\maguru\\__tests__\\integration\\auth\\role-management.integration.test.ts:96:37)\n    at runWithExpensiveErrorDiagnosticsDisabled (D:\\2-Maguru\\maguru\\node_modules\\@testing-library\\dom\\dist\\config.js:47:12)\n    at checkCallback (D:\\2-Maguru\\maguru\\node_modules\\@testing-library\\dom\\dist\\wait-for.js:124:77)\n    at checkRealTimersCallback (D:\\2-Maguru\\maguru\\node_modules\\@testing-library\\dom\\dist\\wait-for.js:118:16)\n    at Timeout.task [as _onTimeout] (D:\\2-Maguru\\maguru\\node_modules\\jsdom\\lib\\jsdom\\browser\\Window.js:579:19)\n    at listOnTimeout (node:internal/timers:594:17)\n    at processTimers (node:internal/timers:529:7)"
          ],
          "duration": 1049
        },
        {
          "ancestorTitles": [
            "Integration: Role Management Business Logic",
            "useUserRole Hook Business Logic"
          ],
          "fullName": "Integration: Role Management Business Logic useUserRole Hook Business Logic should compute boolean helpers correctly for creator role",
          "status": "failed",
          "title": "should compute boolean helpers correctly for creator role",
          "failureMessages": [
            "Error: \u001b[2mexpect(\u001b[22m\u001b[31mreceived\u001b[39m\u001b[2m).\u001b[22mtoBe\u001b[2m(\u001b[22m\u001b[32mexpected\u001b[39m\u001b[2m) // Object.is equality\u001b[22m\n\nExpected: \u001b[32m\"\u001b[7mcreato\u001b[27mr\"\u001b[39m\nReceived: \u001b[31m\"\u001b[7muse\u001b[27mr\"\u001b[39m\n\nIgnored nodes: comments, script, style\n\u001b[36m<html>\u001b[39m\n  \u001b[36m<head />\u001b[39m\n  \u001b[36m<body>\u001b[39m\n    \u001b[36m<div />\u001b[39m\n  \u001b[36m</body>\u001b[39m\n\u001b[36m</html>\u001b[39m\n    at toBe (D:\\2-Maguru\\maguru\\__tests__\\integration\\auth\\role-management.integration.test.ts:109:37)\n    at runWithExpensiveErrorDiagnosticsDisabled (D:\\2-Maguru\\maguru\\node_modules\\@testing-library\\dom\\dist\\config.js:47:12)\n    at checkCallback (D:\\2-Maguru\\maguru\\node_modules\\@testing-library\\dom\\dist\\wait-for.js:124:77)\n    at checkRealTimersCallback (D:\\2-Maguru\\maguru\\node_modules\\@testing-library\\dom\\dist\\wait-for.js:118:16)\n    at Timeout.task [as _onTimeout] (D:\\2-Maguru\\maguru\\node_modules\\jsdom\\lib\\jsdom\\browser\\Window.js:579:19)\n    at listOnTimeout (node:internal/timers:594:17)\n    at processTimers (node:internal/timers:529:7)"
          ],
          "duration": 1013
        },
        {
          "ancestorTitles": [
            "Integration: Role Management Business Logic",
            "useUserRole Hook Business Logic"
          ],
          "fullName": "Integration: Role Management Business Logic useUserRole Hook Business Logic should compute boolean helpers correctly for user role",
          "status": "passed",
          "title": "should compute boolean helpers correctly for user role",
          "failureMessages": [],
          "duration": 20
        },
        {
          "ancestorTitles": [
            "Integration: Role Management Business Logic",
            "useUserRole Hook Business Logic"
          ],
          "fullName": "Integration: Role Management Business Logic useUserRole Hook Business Logic should provide hasRole function correctly",
          "status": "failed",
          "title": "should provide hasRole function correctly",
          "failureMessages": [
            "Error: \u001b[2mexpect(\u001b[22m\u001b[31mreceived\u001b[39m\u001b[2m).\u001b[22mtoBe\u001b[2m(\u001b[22m\u001b[32mexpected\u001b[39m\u001b[2m) // Object.is equality\u001b[22m\n\nExpected: \u001b[32m\"\u001b[7mcreato\u001b[27mr\"\u001b[39m\nReceived: \u001b[31m\"\u001b[7muse\u001b[27mr\"\u001b[39m\n\nIgnored nodes: comments, script, style\n\u001b[36m<html>\u001b[39m\n  \u001b[36m<head />\u001b[39m\n  \u001b[36m<body>\u001b[39m\n    \u001b[36m<div />\u001b[39m\n  \u001b[36m</body>\u001b[39m\n\u001b[36m</html>\u001b[39m\n    at toBe (D:\\2-Maguru\\maguru\\__tests__\\integration\\auth\\role-management.integration.test.ts:135:37)\n    at runWithExpensiveErrorDiagnosticsDisabled (D:\\2-Maguru\\maguru\\node_modules\\@testing-library\\dom\\dist\\config.js:47:12)\n    at checkCallback (D:\\2-Maguru\\maguru\\node_modules\\@testing-library\\dom\\dist\\wait-for.js:124:77)\n    at checkRealTimersCallback (D:\\2-Maguru\\maguru\\node_modules\\@testing-library\\dom\\dist\\wait-for.js:118:16)\n    at Timeout.task [as _onTimeout] (D:\\2-Maguru\\maguru\\node_modules\\jsdom\\lib\\jsdom\\browser\\Window.js:579:19)\n    at listOnTimeout (node:internal/timers:594:17)\n    at processTimers (node:internal/timers:529:7)"
          ],
          "duration": 1030
        },
        {
          "ancestorTitles": [
            "Integration: Role Management Business Logic",
            "useUserRole Hook Business Logic"
          ],
          "fullName": "Integration: Role Management Business Logic useUserRole Hook Business Logic should provide consistent state values",
          "status": "failed",
          "title": "should provide consistent state values",
          "failureMessages": [
            "Error: \u001b[2mexpect(\u001b[22m\u001b[31mreceived\u001b[39m\u001b[2m).\u001b[22mtoBe\u001b[2m(\u001b[22m\u001b[32mexpected\u001b[39m\u001b[2m) // Object.is equality\u001b[22m\n\nExpected: \u001b[32m\"\u001b[7mf\u001b[27mun\u001b[7mction\u001b[27m\"\u001b[39m\nReceived: \u001b[31m\"un\u001b[7mdefined\u001b[27m\"\u001b[39m\n\nIgnored nodes: comments, script, style\n\u001b[36m<html>\u001b[39m\n  \u001b[36m<head />\u001b[39m\n  \u001b[36m<body>\u001b[39m\n    \u001b[36m<div />\u001b[39m\n  \u001b[36m</body>\u001b[39m\n\u001b[36m</html>\u001b[39m\n    at toBe (D:\\2-Maguru\\maguru\\__tests__\\integration\\auth\\role-management.integration.test.ts:158:47)\n    at runWithExpensiveErrorDiagnosticsDisabled (D:\\2-Maguru\\maguru\\node_modules\\@testing-library\\dom\\dist\\config.js:47:12)\n    at checkCallback (D:\\2-Maguru\\maguru\\node_modules\\@testing-library\\dom\\dist\\wait-for.js:124:77)\n    at checkRealTimersCallback (D:\\2-Maguru\\maguru\\node_modules\\@testing-library\\dom\\dist\\wait-for.js:118:16)\n    at Timeout.task [as _onTimeout] (D:\\2-Maguru\\maguru\\node_modules\\jsdom\\lib\\jsdom\\browser\\Window.js:579:19)\n    at listOnTimeout (node:internal/timers:594:17)\n    at processTimers (node:internal/timers:529:7)"
          ],
          "duration": 1017
        },
        {
          "ancestorTitles": [
            "Integration: Role Management Business Logic",
            "useUserRole Hook Business Logic"
          ],
          "fullName": "Integration: Role Management Business Logic useUserRole Hook Business Logic should handle role changes through context actions",
          "status": "failed",
          "title": "should handle role changes through context actions",
          "failureMessages": [
            "TypeError: (0 , _auth.useUserRoleContext) is not a function\n    at D:\\2-Maguru\\maguru\\__tests__\\integration\\auth\\role-management.integration.test.ts:163:61\n    at TestComponent (D:\\2-Maguru\\maguru\\node_modules\\@testing-library\\react\\dist\\pure.js:331:27)\n    at Object.react-stack-bottom-frame (D:\\2-Maguru\\maguru\\node_modules\\react-dom\\cjs\\react-dom-client.development.js:23863:20)\n    at renderWithHooks (D:\\2-Maguru\\maguru\\node_modules\\react-dom\\cjs\\react-dom-client.development.js:5529:22)\n    at updateFunctionComponent (D:\\2-Maguru\\maguru\\node_modules\\react-dom\\cjs\\react-dom-client.development.js:8897:19)\n    at beginWork (D:\\2-Maguru\\maguru\\node_modules\\react-dom\\cjs\\react-dom-client.development.js:10522:18)\n    at runWithFiberInDEV (D:\\2-Maguru\\maguru\\node_modules\\react-dom\\cjs\\react-dom-client.development.js:1522:13)\n    at performUnitOfWork (D:\\2-Maguru\\maguru\\node_modules\\react-dom\\cjs\\react-dom-client.development.js:15140:22)\n    at workLoopSync (D:\\2-Maguru\\maguru\\node_modules\\react-dom\\cjs\\react-dom-client.development.js:14956:41)\n    at renderRootSync (D:\\2-Maguru\\maguru\\node_modules\\react-dom\\cjs\\react-dom-client.development.js:14936:11)\n    at performWorkOnRoot (D:\\2-Maguru\\maguru\\node_modules\\react-dom\\cjs\\react-dom-client.development.js:14462:44)\n    at performWorkOnRootViaSchedulerTask (D:\\2-Maguru\\maguru\\node_modules\\react-dom\\cjs\\react-dom-client.development.js:16216:7)\n    at flushActQueue (D:\\2-Maguru\\maguru\\node_modules\\react\\cjs\\react.development.js:566:34)\n    at process.env.NODE_ENV.exports.act (D:\\2-Maguru\\maguru\\node_modules\\react\\cjs\\react.development.js:859:10)\n    at D:\\2-Maguru\\maguru\\node_modules\\@testing-library\\react\\dist\\act-compat.js:47:25\n    at renderRoot (D:\\2-Maguru\\maguru\\node_modules\\@testing-library\\react\\dist\\pure.js:190:26)\n    at render (D:\\2-Maguru\\maguru\\node_modules\\@testing-library\\react\\dist\\pure.js:292:10)\n    at renderHook (D:\\2-Maguru\\maguru\\node_modules\\@testing-library\\react\\dist\\pure.js:340:7)\n    at Object.<anonymous> (D:\\2-Maguru\\maguru\\__tests__\\integration\\auth\\role-management.integration.test.ts:163:36)\n    at Promise.finally.completed (D:\\2-Maguru\\maguru\\node_modules\\jest-circus\\build\\jestAdapterInit.js:1559:28)\n    at new Promise (<anonymous>)\n    at callAsyncCircusFn (D:\\2-Maguru\\maguru\\node_modules\\jest-circus\\build\\jestAdapterInit.js:1499:10)\n    at _callCircusTest (D:\\2-Maguru\\maguru\\node_modules\\jest-circus\\build\\jestAdapterInit.js:1009:40)\n    at _runTest (D:\\2-Maguru\\maguru\\node_modules\\jest-circus\\build\\jestAdapterInit.js:949:3)\n    at _runTestsForDescribeBlock (D:\\2-Maguru\\maguru\\node_modules\\jest-circus\\build\\jestAdapterInit.js:839:13)\n    at _runTestsForDescribeBlock (D:\\2-Maguru\\maguru\\node_modules\\jest-circus\\build\\jestAdapterInit.js:829:11)\n    at _runTestsForDescribeBlock (D:\\2-Maguru\\maguru\\node_modules\\jest-circus\\build\\jestAdapterInit.js:829:11)\n    at run (D:\\2-Maguru\\maguru\\node_modules\\jest-circus\\build\\jestAdapterInit.js:757:3)\n    at runAndTransformResultsToJestFormat (D:\\2-Maguru\\maguru\\node_modules\\jest-circus\\build\\jestAdapterInit.js:1920:21)\n    at jestAdapter (D:\\2-Maguru\\maguru\\node_modules\\jest-circus\\build\\runner.js:101:19)\n    at runTestInternal (D:\\2-Maguru\\maguru\\node_modules\\jest-runner\\build\\testWorker.js:272:16)\n    at runTest (D:\\2-Maguru\\maguru\\node_modules\\jest-runner\\build\\testWorker.js:340:7)\n    at Object.worker (D:\\2-Maguru\\maguru\\node_modules\\jest-runner\\build\\testWorker.js:494:12)"
          ],
          "duration": 64
        },
        {
          "ancestorTitles": [
            "Integration: Role Management Business Logic",
            "useUserRole Hook Business Logic"
          ],
          "fullName": "Integration: Role Management Business Logic useUserRole Hook Business Logic should handle clearRole action",
          "status": "failed",
          "title": "should handle clearRole action",
          "failureMessages": [
            "TypeError: (0 , _auth.useUserRoleContext) is not a function\n    at D:\\2-Maguru\\maguru\\__tests__\\integration\\auth\\role-management.integration.test.ts:183:61\n    at TestComponent (D:\\2-Maguru\\maguru\\node_modules\\@testing-library\\react\\dist\\pure.js:331:27)\n    at Object.react-stack-bottom-frame (D:\\2-Maguru\\maguru\\node_modules\\react-dom\\cjs\\react-dom-client.development.js:23863:20)\n    at renderWithHooks (D:\\2-Maguru\\maguru\\node_modules\\react-dom\\cjs\\react-dom-client.development.js:5529:22)\n    at updateFunctionComponent (D:\\2-Maguru\\maguru\\node_modules\\react-dom\\cjs\\react-dom-client.development.js:8897:19)\n    at beginWork (D:\\2-Maguru\\maguru\\node_modules\\react-dom\\cjs\\react-dom-client.development.js:10522:18)\n    at runWithFiberInDEV (D:\\2-Maguru\\maguru\\node_modules\\react-dom\\cjs\\react-dom-client.development.js:1522:13)\n    at performUnitOfWork (D:\\2-Maguru\\maguru\\node_modules\\react-dom\\cjs\\react-dom-client.development.js:15140:22)\n    at workLoopSync (D:\\2-Maguru\\maguru\\node_modules\\react-dom\\cjs\\react-dom-client.development.js:14956:41)\n    at renderRootSync (D:\\2-Maguru\\maguru\\node_modules\\react-dom\\cjs\\react-dom-client.development.js:14936:11)\n    at performWorkOnRoot (D:\\2-Maguru\\maguru\\node_modules\\react-dom\\cjs\\react-dom-client.development.js:14462:44)\n    at performWorkOnRootViaSchedulerTask (D:\\2-Maguru\\maguru\\node_modules\\react-dom\\cjs\\react-dom-client.development.js:16216:7)\n    at flushActQueue (D:\\2-Maguru\\maguru\\node_modules\\react\\cjs\\react.development.js:566:34)\n    at process.env.NODE_ENV.exports.act (D:\\2-Maguru\\maguru\\node_modules\\react\\cjs\\react.development.js:859:10)\n    at D:\\2-Maguru\\maguru\\node_modules\\@testing-library\\react\\dist\\act-compat.js:47:25\n    at renderRoot (D:\\2-Maguru\\maguru\\node_modules\\@testing-library\\react\\dist\\pure.js:190:26)\n    at render (D:\\2-Maguru\\maguru\\node_modules\\@testing-library\\react\\dist\\pure.js:292:10)\n    at renderHook (D:\\2-Maguru\\maguru\\node_modules\\@testing-library\\react\\dist\\pure.js:340:7)\n    at Object.<anonymous> (D:\\2-Maguru\\maguru\\__tests__\\integration\\auth\\role-management.integration.test.ts:183:36)\n    at Promise.finally.completed (D:\\2-Maguru\\maguru\\node_modules\\jest-circus\\build\\jestAdapterInit.js:1559:28)\n    at new Promise (<anonymous>)\n    at callAsyncCircusFn (D:\\2-Maguru\\maguru\\node_modules\\jest-circus\\build\\jestAdapterInit.js:1499:10)\n    at _callCircusTest (D:\\2-Maguru\\maguru\\node_modules\\jest-circus\\build\\jestAdapterInit.js:1009:40)\n    at _runTest (D:\\2-Maguru\\maguru\\node_modules\\jest-circus\\build\\jestAdapterInit.js:949:3)\n    at _runTestsForDescribeBlock (D:\\2-Maguru\\maguru\\node_modules\\jest-circus\\build\\jestAdapterInit.js:839:13)\n    at _runTestsForDescribeBlock (D:\\2-Maguru\\maguru\\node_modules\\jest-circus\\build\\jestAdapterInit.js:829:11)\n    at _runTestsForDescribeBlock (D:\\2-Maguru\\maguru\\node_modules\\jest-circus\\build\\jestAdapterInit.js:829:11)\n    at run (D:\\2-Maguru\\maguru\\node_modules\\jest-circus\\build\\jestAdapterInit.js:757:3)\n    at runAndTransformResultsToJestFormat (D:\\2-Maguru\\maguru\\node_modules\\jest-circus\\build\\jestAdapterInit.js:1920:21)\n    at jestAdapter (D:\\2-Maguru\\maguru\\node_modules\\jest-circus\\build\\runner.js:101:19)\n    at runTestInternal (D:\\2-Maguru\\maguru\\node_modules\\jest-runner\\build\\testWorker.js:272:16)\n    at runTest (D:\\2-Maguru\\maguru\\node_modules\\jest-runner\\build\\testWorker.js:340:7)\n    at Object.worker (D:\\2-Maguru\\maguru\\node_modules\\jest-runner\\build\\testWorker.js:494:12)"
          ],
          "duration": 5
        },
        {
          "ancestorTitles": [
            "Integration: Role Management Business Logic",
            "Context Integration"
          ],
          "fullName": "Integration: Role Management Business Logic Context Integration should integrate useUserRole with useUserRoleContext",
          "status": "failed",
          "title": "should integrate useUserRole with useUserRoleContext",
          "failureMessages": [
            "TypeError: (0 , _auth.useUserRoleContext) is not a function\n    at TestComponent (D:\\2-Maguru\\maguru\\__tests__\\integration\\auth\\role-management.integration.test.ts:205:43)\n    at TestComponent (D:\\2-Maguru\\maguru\\__tests__\\integration\\auth\\role-management.integration.test.ts:210:43)\n    at TestComponent (D:\\2-Maguru\\maguru\\node_modules\\@testing-library\\react\\dist\\pure.js:331:27)\n    at Object.react-stack-bottom-frame (D:\\2-Maguru\\maguru\\node_modules\\react-dom\\cjs\\react-dom-client.development.js:23863:20)\n    at renderWithHooks (D:\\2-Maguru\\maguru\\node_modules\\react-dom\\cjs\\react-dom-client.development.js:5529:22)\n    at updateFunctionComponent (D:\\2-Maguru\\maguru\\node_modules\\react-dom\\cjs\\react-dom-client.development.js:8897:19)\n    at beginWork (D:\\2-Maguru\\maguru\\node_modules\\react-dom\\cjs\\react-dom-client.development.js:10522:18)\n    at runWithFiberInDEV (D:\\2-Maguru\\maguru\\node_modules\\react-dom\\cjs\\react-dom-client.development.js:1522:13)\n    at performUnitOfWork (D:\\2-Maguru\\maguru\\node_modules\\react-dom\\cjs\\react-dom-client.development.js:15140:22)\n    at workLoopSync (D:\\2-Maguru\\maguru\\node_modules\\react-dom\\cjs\\react-dom-client.development.js:14956:41)\n    at renderRootSync (D:\\2-Maguru\\maguru\\node_modules\\react-dom\\cjs\\react-dom-client.development.js:14936:11)\n    at performWorkOnRoot (D:\\2-Maguru\\maguru\\node_modules\\react-dom\\cjs\\react-dom-client.development.js:14462:44)\n    at performWorkOnRootViaSchedulerTask (D:\\2-Maguru\\maguru\\node_modules\\react-dom\\cjs\\react-dom-client.development.js:16216:7)\n    at flushActQueue (D:\\2-Maguru\\maguru\\node_modules\\react\\cjs\\react.development.js:566:34)\n    at process.env.NODE_ENV.exports.act (D:\\2-Maguru\\maguru\\node_modules\\react\\cjs\\react.development.js:859:10)\n    at D:\\2-Maguru\\maguru\\node_modules\\@testing-library\\react\\dist\\act-compat.js:47:25\n    at renderRoot (D:\\2-Maguru\\maguru\\node_modules\\@testing-library\\react\\dist\\pure.js:190:26)\n    at render (D:\\2-Maguru\\maguru\\node_modules\\@testing-library\\react\\dist\\pure.js:292:10)\n    at renderHook (D:\\2-Maguru\\maguru\\node_modules\\@testing-library\\react\\dist\\pure.js:340:7)\n    at Object.<anonymous> (D:\\2-Maguru\\maguru\\__tests__\\integration\\auth\\role-management.integration.test.ts:210:36)\n    at Promise.finally.completed (D:\\2-Maguru\\maguru\\node_modules\\jest-circus\\build\\jestAdapterInit.js:1559:28)\n    at new Promise (<anonymous>)\n    at callAsyncCircusFn (D:\\2-Maguru\\maguru\\node_modules\\jest-circus\\build\\jestAdapterInit.js:1499:10)\n    at _callCircusTest (D:\\2-Maguru\\maguru\\node_modules\\jest-circus\\build\\jestAdapterInit.js:1009:40)\n    at _runTest (D:\\2-Maguru\\maguru\\node_modules\\jest-circus\\build\\jestAdapterInit.js:949:3)\n    at _runTestsForDescribeBlock (D:\\2-Maguru\\maguru\\node_modules\\jest-circus\\build\\jestAdapterInit.js:839:13)\n    at _runTestsForDescribeBlock (D:\\2-Maguru\\maguru\\node_modules\\jest-circus\\build\\jestAdapterInit.js:829:11)\n    at _runTestsForDescribeBlock (D:\\2-Maguru\\maguru\\node_modules\\jest-circus\\build\\jestAdapterInit.js:829:11)\n    at run (D:\\2-Maguru\\maguru\\node_modules\\jest-circus\\build\\jestAdapterInit.js:757:3)\n    at runAndTransformResultsToJestFormat (D:\\2-Maguru\\maguru\\node_modules\\jest-circus\\build\\jestAdapterInit.js:1920:21)\n    at jestAdapter (D:\\2-Maguru\\maguru\\node_modules\\jest-circus\\build\\runner.js:101:19)\n    at runTestInternal (D:\\2-Maguru\\maguru\\node_modules\\jest-runner\\build\\testWorker.js:272:16)\n    at runTest (D:\\2-Maguru\\maguru\\node_modules\\jest-runner\\build\\testWorker.js:340:7)\n    at Object.worker (D:\\2-Maguru\\maguru\\node_modules\\jest-runner\\build\\testWorker.js:494:12)"
          ],
          "duration": 5
        },
        {
          "ancestorTitles": [
            "Integration: Role Management Business Logic",
            "Context Integration"
          ],
          "fullName": "Integration: Role Management Business Logic Context Integration should update both hooks when role changes",
          "status": "failed",
          "title": "should update both hooks when role changes",
          "failureMessages": [
            "TypeError: (0 , _auth.useUserRoleContext) is not a function\n    at TestComponent (D:\\2-Maguru\\maguru\\__tests__\\integration\\auth\\role-management.integration.test.ts:230:43)\n    at TestComponent (D:\\2-Maguru\\maguru\\__tests__\\integration\\auth\\role-management.integration.test.ts:235:43)\n    at TestComponent (D:\\2-Maguru\\maguru\\node_modules\\@testing-library\\react\\dist\\pure.js:331:27)\n    at Object.react-stack-bottom-frame (D:\\2-Maguru\\maguru\\node_modules\\react-dom\\cjs\\react-dom-client.development.js:23863:20)\n    at renderWithHooks (D:\\2-Maguru\\maguru\\node_modules\\react-dom\\cjs\\react-dom-client.development.js:5529:22)\n    at updateFunctionComponent (D:\\2-Maguru\\maguru\\node_modules\\react-dom\\cjs\\react-dom-client.development.js:8897:19)\n    at beginWork (D:\\2-Maguru\\maguru\\node_modules\\react-dom\\cjs\\react-dom-client.development.js:10522:18)\n    at runWithFiberInDEV (D:\\2-Maguru\\maguru\\node_modules\\react-dom\\cjs\\react-dom-client.development.js:1522:13)\n    at performUnitOfWork (D:\\2-Maguru\\maguru\\node_modules\\react-dom\\cjs\\react-dom-client.development.js:15140:22)\n    at workLoopSync (D:\\2-Maguru\\maguru\\node_modules\\react-dom\\cjs\\react-dom-client.development.js:14956:41)\n    at renderRootSync (D:\\2-Maguru\\maguru\\node_modules\\react-dom\\cjs\\react-dom-client.development.js:14936:11)\n    at performWorkOnRoot (D:\\2-Maguru\\maguru\\node_modules\\react-dom\\cjs\\react-dom-client.development.js:14462:44)\n    at performWorkOnRootViaSchedulerTask (D:\\2-Maguru\\maguru\\node_modules\\react-dom\\cjs\\react-dom-client.development.js:16216:7)\n    at flushActQueue (D:\\2-Maguru\\maguru\\node_modules\\react\\cjs\\react.development.js:566:34)\n    at process.env.NODE_ENV.exports.act (D:\\2-Maguru\\maguru\\node_modules\\react\\cjs\\react.development.js:859:10)\n    at D:\\2-Maguru\\maguru\\node_modules\\@testing-library\\react\\dist\\act-compat.js:47:25\n    at renderRoot (D:\\2-Maguru\\maguru\\node_modules\\@testing-library\\react\\dist\\pure.js:190:26)\n    at render (D:\\2-Maguru\\maguru\\node_modules\\@testing-library\\react\\dist\\pure.js:292:10)\n    at renderHook (D:\\2-Maguru\\maguru\\node_modules\\@testing-library\\react\\dist\\pure.js:340:7)\n    at Object.<anonymous> (D:\\2-Maguru\\maguru\\__tests__\\integration\\auth\\role-management.integration.test.ts:235:36)\n    at Promise.finally.completed (D:\\2-Maguru\\maguru\\node_modules\\jest-circus\\build\\jestAdapterInit.js:1559:28)\n    at new Promise (<anonymous>)\n    at callAsyncCircusFn (D:\\2-Maguru\\maguru\\node_modules\\jest-circus\\build\\jestAdapterInit.js:1499:10)\n    at _callCircusTest (D:\\2-Maguru\\maguru\\node_modules\\jest-circus\\build\\jestAdapterInit.js:1009:40)\n    at _runTest (D:\\2-Maguru\\maguru\\node_modules\\jest-circus\\build\\jestAdapterInit.js:949:3)\n    at _runTestsForDescribeBlock (D:\\2-Maguru\\maguru\\node_modules\\jest-circus\\build\\jestAdapterInit.js:839:13)\n    at _runTestsForDescribeBlock (D:\\2-Maguru\\maguru\\node_modules\\jest-circus\\build\\jestAdapterInit.js:829:11)\n    at _runTestsForDescribeBlock (D:\\2-Maguru\\maguru\\node_modules\\jest-circus\\build\\jestAdapterInit.js:829:11)\n    at run (D:\\2-Maguru\\maguru\\node_modules\\jest-circus\\build\\jestAdapterInit.js:757:3)\n    at runAndTransformResultsToJestFormat (D:\\2-Maguru\\maguru\\node_modules\\jest-circus\\build\\jestAdapterInit.js:1920:21)\n    at jestAdapter (D:\\2-Maguru\\maguru\\node_modules\\jest-circus\\build\\runner.js:101:19)\n    at runTestInternal (D:\\2-Maguru\\maguru\\node_modules\\jest-runner\\build\\testWorker.js:272:16)\n    at runTest (D:\\2-Maguru\\maguru\\node_modules\\jest-runner\\build\\testWorker.js:340:7)\n    at Object.worker (D:\\2-Maguru\\maguru\\node_modules\\jest-runner\\build\\testWorker.js:494:12)"
          ],
          "duration": 4
        },
        {
          "ancestorTitles": [
            "Integration: Role Management Business Logic",
            "Role Validation Logic"
          ],
          "fullName": "Integration: Role Management Business Logic Role Validation Logic should validate all role types correctly",
          "status": "failed",
          "title": "should validate all role types correctly",
          "failureMessages": [
            "Error: \u001b[2mexpect(\u001b[22m\u001b[31mreceived\u001b[39m\u001b[2m).\u001b[22mtoBe\u001b[2m(\u001b[22m\u001b[32mexpected\u001b[39m\u001b[2m) // Object.is equality\u001b[22m\n\nExpected: \u001b[32m\"admin\"\u001b[39m\nReceived: \u001b[31m\"user\"\u001b[39m\n\nIgnored nodes: comments, script, style\n\u001b[36m<html>\u001b[39m\n  \u001b[36m<head />\u001b[39m\n  \u001b[36m<body>\u001b[39m\n    \u001b[36m<div />\u001b[39m\n  \u001b[36m</body>\u001b[39m\n\u001b[36m</html>\u001b[39m\n    at toBe (D:\\2-Maguru\\maguru\\__tests__\\integration\\auth\\role-management.integration.test.ts:271:39)\n    at runWithExpensiveErrorDiagnosticsDisabled (D:\\2-Maguru\\maguru\\node_modules\\@testing-library\\dom\\dist\\config.js:47:12)\n    at checkCallback (D:\\2-Maguru\\maguru\\node_modules\\@testing-library\\dom\\dist\\wait-for.js:124:77)\n    at checkRealTimersCallback (D:\\2-Maguru\\maguru\\node_modules\\@testing-library\\dom\\dist\\wait-for.js:118:16)\n    at Timeout.task [as _onTimeout] (D:\\2-Maguru\\maguru\\node_modules\\jsdom\\lib\\jsdom\\browser\\Window.js:579:19)\n    at listOnTimeout (node:internal/timers:594:17)\n    at processTimers (node:internal/timers:529:7)"
          ],
          "duration": 1023
        },
        {
          "ancestorTitles": [
            "Integration: Role Management Business Logic",
            "Role Validation Logic"
          ],
          "fullName": "Integration: Role Management Business Logic Role Validation Logic should handle null role state",
          "status": "failed",
          "title": "should handle null role state",
          "failureMessages": [
            "TypeError: (0 , _auth.useUserRoleContext) is not a function\n    at D:\\2-Maguru\\maguru\\__tests__\\integration\\auth\\role-management.integration.test.ts:287:61\n    at TestComponent (D:\\2-Maguru\\maguru\\node_modules\\@testing-library\\react\\dist\\pure.js:331:27)\n    at Object.react-stack-bottom-frame (D:\\2-Maguru\\maguru\\node_modules\\react-dom\\cjs\\react-dom-client.development.js:23863:20)\n    at renderWithHooks (D:\\2-Maguru\\maguru\\node_modules\\react-dom\\cjs\\react-dom-client.development.js:5529:22)\n    at updateFunctionComponent (D:\\2-Maguru\\maguru\\node_modules\\react-dom\\cjs\\react-dom-client.development.js:8897:19)\n    at beginWork (D:\\2-Maguru\\maguru\\node_modules\\react-dom\\cjs\\react-dom-client.development.js:10522:18)\n    at runWithFiberInDEV (D:\\2-Maguru\\maguru\\node_modules\\react-dom\\cjs\\react-dom-client.development.js:1522:13)\n    at performUnitOfWork (D:\\2-Maguru\\maguru\\node_modules\\react-dom\\cjs\\react-dom-client.development.js:15140:22)\n    at workLoopSync (D:\\2-Maguru\\maguru\\node_modules\\react-dom\\cjs\\react-dom-client.development.js:14956:41)\n    at renderRootSync (D:\\2-Maguru\\maguru\\node_modules\\react-dom\\cjs\\react-dom-client.development.js:14936:11)\n    at performWorkOnRoot (D:\\2-Maguru\\maguru\\node_modules\\react-dom\\cjs\\react-dom-client.development.js:14462:44)\n    at performWorkOnRootViaSchedulerTask (D:\\2-Maguru\\maguru\\node_modules\\react-dom\\cjs\\react-dom-client.development.js:16216:7)\n    at flushActQueue (D:\\2-Maguru\\maguru\\node_modules\\react\\cjs\\react.development.js:566:34)\n    at process.env.NODE_ENV.exports.act (D:\\2-Maguru\\maguru\\node_modules\\react\\cjs\\react.development.js:859:10)\n    at D:\\2-Maguru\\maguru\\node_modules\\@testing-library\\react\\dist\\act-compat.js:47:25\n    at renderRoot (D:\\2-Maguru\\maguru\\node_modules\\@testing-library\\react\\dist\\pure.js:190:26)\n    at render (D:\\2-Maguru\\maguru\\node_modules\\@testing-library\\react\\dist\\pure.js:292:10)\n    at renderHook (D:\\2-Maguru\\maguru\\node_modules\\@testing-library\\react\\dist\\pure.js:340:7)\n    at Object.<anonymous> (D:\\2-Maguru\\maguru\\__tests__\\integration\\auth\\role-management.integration.test.ts:287:36)\n    at Promise.finally.completed (D:\\2-Maguru\\maguru\\node_modules\\jest-circus\\build\\jestAdapterInit.js:1559:28)\n    at new Promise (<anonymous>)\n    at callAsyncCircusFn (D:\\2-Maguru\\maguru\\node_modules\\jest-circus\\build\\jestAdapterInit.js:1499:10)\n    at _callCircusTest (D:\\2-Maguru\\maguru\\node_modules\\jest-circus\\build\\jestAdapterInit.js:1009:40)\n    at _runTest (D:\\2-Maguru\\maguru\\node_modules\\jest-circus\\build\\jestAdapterInit.js:949:3)\n    at _runTestsForDescribeBlock (D:\\2-Maguru\\maguru\\node_modules\\jest-circus\\build\\jestAdapterInit.js:839:13)\n    at _runTestsForDescribeBlock (D:\\2-Maguru\\maguru\\node_modules\\jest-circus\\build\\jestAdapterInit.js:829:11)\n    at _runTestsForDescribeBlock (D:\\2-Maguru\\maguru\\node_modules\\jest-circus\\build\\jestAdapterInit.js:829:11)\n    at run (D:\\2-Maguru\\maguru\\node_modules\\jest-circus\\build\\jestAdapterInit.js:757:3)\n    at runAndTransformResultsToJestFormat (D:\\2-Maguru\\maguru\\node_modules\\jest-circus\\build\\jestAdapterInit.js:1920:21)\n    at jestAdapter (D:\\2-Maguru\\maguru\\node_modules\\jest-circus\\build\\runner.js:101:19)\n    at runTestInternal (D:\\2-Maguru\\maguru\\node_modules\\jest-runner\\build\\testWorker.js:272:16)\n    at runTest (D:\\2-Maguru\\maguru\\node_modules\\jest-runner\\build\\testWorker.js:340:7)\n    at Object.worker (D:\\2-Maguru\\maguru\\node_modules\\jest-runner\\build\\testWorker.js:494:12)"
          ],
          "duration": 17
        },
        {
          "ancestorTitles": [
            "Integration: Role Management Business Logic",
            "Development Mode Features"
          ],
          "fullName": "Integration: Role Management Business Logic Development Mode Features should support development mode role switching",
          "status": "failed",
          "title": "should support development mode role switching",
          "failureMessages": [
            "TypeError: (0 , _auth.useUserRoleContext) is not a function\n    at D:\\2-Maguru\\maguru\\__tests__\\integration\\auth\\role-management.integration.test.ts:308:61\n    at TestComponent (D:\\2-Maguru\\maguru\\node_modules\\@testing-library\\react\\dist\\pure.js:331:27)\n    at Object.react-stack-bottom-frame (D:\\2-Maguru\\maguru\\node_modules\\react-dom\\cjs\\react-dom-client.development.js:23863:20)\n    at renderWithHooks (D:\\2-Maguru\\maguru\\node_modules\\react-dom\\cjs\\react-dom-client.development.js:5529:22)\n    at updateFunctionComponent (D:\\2-Maguru\\maguru\\node_modules\\react-dom\\cjs\\react-dom-client.development.js:8897:19)\n    at beginWork (D:\\2-Maguru\\maguru\\node_modules\\react-dom\\cjs\\react-dom-client.development.js:10522:18)\n    at runWithFiberInDEV (D:\\2-Maguru\\maguru\\node_modules\\react-dom\\cjs\\react-dom-client.development.js:1522:13)\n    at performUnitOfWork (D:\\2-Maguru\\maguru\\node_modules\\react-dom\\cjs\\react-dom-client.development.js:15140:22)\n    at workLoopSync (D:\\2-Maguru\\maguru\\node_modules\\react-dom\\cjs\\react-dom-client.development.js:14956:41)\n    at renderRootSync (D:\\2-Maguru\\maguru\\node_modules\\react-dom\\cjs\\react-dom-client.development.js:14936:11)\n    at performWorkOnRoot (D:\\2-Maguru\\maguru\\node_modules\\react-dom\\cjs\\react-dom-client.development.js:14462:44)\n    at performWorkOnRootViaSchedulerTask (D:\\2-Maguru\\maguru\\node_modules\\react-dom\\cjs\\react-dom-client.development.js:16216:7)\n    at flushActQueue (D:\\2-Maguru\\maguru\\node_modules\\react\\cjs\\react.development.js:566:34)\n    at process.env.NODE_ENV.exports.act (D:\\2-Maguru\\maguru\\node_modules\\react\\cjs\\react.development.js:859:10)\n    at D:\\2-Maguru\\maguru\\node_modules\\@testing-library\\react\\dist\\act-compat.js:47:25\n    at renderRoot (D:\\2-Maguru\\maguru\\node_modules\\@testing-library\\react\\dist\\pure.js:190:26)\n    at render (D:\\2-Maguru\\maguru\\node_modules\\@testing-library\\react\\dist\\pure.js:292:10)\n    at renderHook (D:\\2-Maguru\\maguru\\node_modules\\@testing-library\\react\\dist\\pure.js:340:7)\n    at Object.<anonymous> (D:\\2-Maguru\\maguru\\__tests__\\integration\\auth\\role-management.integration.test.ts:308:36)\n    at Promise.finally.completed (D:\\2-Maguru\\maguru\\node_modules\\jest-circus\\build\\jestAdapterInit.js:1559:28)\n    at new Promise (<anonymous>)\n    at callAsyncCircusFn (D:\\2-Maguru\\maguru\\node_modules\\jest-circus\\build\\jestAdapterInit.js:1499:10)\n    at _callCircusTest (D:\\2-Maguru\\maguru\\node_modules\\jest-circus\\build\\jestAdapterInit.js:1009:40)\n    at _runTest (D:\\2-Maguru\\maguru\\node_modules\\jest-circus\\build\\jestAdapterInit.js:949:3)\n    at _runTestsForDescribeBlock (D:\\2-Maguru\\maguru\\node_modules\\jest-circus\\build\\jestAdapterInit.js:839:13)\n    at _runTestsForDescribeBlock (D:\\2-Maguru\\maguru\\node_modules\\jest-circus\\build\\jestAdapterInit.js:829:11)\n    at _runTestsForDescribeBlock (D:\\2-Maguru\\maguru\\node_modules\\jest-circus\\build\\jestAdapterInit.js:829:11)\n    at run (D:\\2-Maguru\\maguru\\node_modules\\jest-circus\\build\\jestAdapterInit.js:757:3)\n    at runAndTransformResultsToJestFormat (D:\\2-Maguru\\maguru\\node_modules\\jest-circus\\build\\jestAdapterInit.js:1920:21)\n    at jestAdapter (D:\\2-Maguru\\maguru\\node_modules\\jest-circus\\build\\runner.js:101:19)\n    at runTestInternal (D:\\2-Maguru\\maguru\\node_modules\\jest-runner\\build\\testWorker.js:272:16)\n    at runTest (D:\\2-Maguru\\maguru\\node_modules\\jest-runner\\build\\testWorker.js:340:7)\n    at Object.worker (D:\\2-Maguru\\maguru\\node_modules\\jest-runner\\build\\testWorker.js:494:12)"
          ],
          "duration": 9
        },
        {
          "ancestorTitles": [
            "Integration: Role Management Business Logic",
            "Development Mode Features"
          ],
          "fullName": "Integration: Role Management Business Logic Development Mode Features should provide consistent context actions",
          "status": "failed",
          "title": "should provide consistent context actions",
          "failureMessages": [
            "TypeError: (0 , _auth.useUserRoleContext) is not a function\n    at D:\\2-Maguru\\maguru\\__tests__\\integration\\auth\\role-management.integration.test.ts:331:61\n    at TestComponent (D:\\2-Maguru\\maguru\\node_modules\\@testing-library\\react\\dist\\pure.js:331:27)\n    at Object.react-stack-bottom-frame (D:\\2-Maguru\\maguru\\node_modules\\react-dom\\cjs\\react-dom-client.development.js:23863:20)\n    at renderWithHooks (D:\\2-Maguru\\maguru\\node_modules\\react-dom\\cjs\\react-dom-client.development.js:5529:22)\n    at updateFunctionComponent (D:\\2-Maguru\\maguru\\node_modules\\react-dom\\cjs\\react-dom-client.development.js:8897:19)\n    at beginWork (D:\\2-Maguru\\maguru\\node_modules\\react-dom\\cjs\\react-dom-client.development.js:10522:18)\n    at runWithFiberInDEV (D:\\2-Maguru\\maguru\\node_modules\\react-dom\\cjs\\react-dom-client.development.js:1522:13)\n    at performUnitOfWork (D:\\2-Maguru\\maguru\\node_modules\\react-dom\\cjs\\react-dom-client.development.js:15140:22)\n    at workLoopSync (D:\\2-Maguru\\maguru\\node_modules\\react-dom\\cjs\\react-dom-client.development.js:14956:41)\n    at renderRootSync (D:\\2-Maguru\\maguru\\node_modules\\react-dom\\cjs\\react-dom-client.development.js:14936:11)\n    at performWorkOnRoot (D:\\2-Maguru\\maguru\\node_modules\\react-dom\\cjs\\react-dom-client.development.js:14462:44)\n    at performWorkOnRootViaSchedulerTask (D:\\2-Maguru\\maguru\\node_modules\\react-dom\\cjs\\react-dom-client.development.js:16216:7)\n    at flushActQueue (D:\\2-Maguru\\maguru\\node_modules\\react\\cjs\\react.development.js:566:34)\n    at process.env.NODE_ENV.exports.act (D:\\2-Maguru\\maguru\\node_modules\\react\\cjs\\react.development.js:859:10)\n    at D:\\2-Maguru\\maguru\\node_modules\\@testing-library\\react\\dist\\act-compat.js:47:25\n    at renderRoot (D:\\2-Maguru\\maguru\\node_modules\\@testing-library\\react\\dist\\pure.js:190:26)\n    at render (D:\\2-Maguru\\maguru\\node_modules\\@testing-library\\react\\dist\\pure.js:292:10)\n    at renderHook (D:\\2-Maguru\\maguru\\node_modules\\@testing-library\\react\\dist\\pure.js:340:7)\n    at Object.<anonymous> (D:\\2-Maguru\\maguru\\__tests__\\integration\\auth\\role-management.integration.test.ts:331:36)\n    at Promise.finally.completed (D:\\2-Maguru\\maguru\\node_modules\\jest-circus\\build\\jestAdapterInit.js:1559:28)\n    at new Promise (<anonymous>)\n    at callAsyncCircusFn (D:\\2-Maguru\\maguru\\node_modules\\jest-circus\\build\\jestAdapterInit.js:1499:10)\n    at _callCircusTest (D:\\2-Maguru\\maguru\\node_modules\\jest-circus\\build\\jestAdapterInit.js:1009:40)\n    at _runTest (D:\\2-Maguru\\maguru\\node_modules\\jest-circus\\build\\jestAdapterInit.js:949:3)\n    at _runTestsForDescribeBlock (D:\\2-Maguru\\maguru\\node_modules\\jest-circus\\build\\jestAdapterInit.js:839:13)\n    at _runTestsForDescribeBlock (D:\\2-Maguru\\maguru\\node_modules\\jest-circus\\build\\jestAdapterInit.js:829:11)\n    at _runTestsForDescribeBlock (D:\\2-Maguru\\maguru\\node_modules\\jest-circus\\build\\jestAdapterInit.js:829:11)\n    at run (D:\\2-Maguru\\maguru\\node_modules\\jest-circus\\build\\jestAdapterInit.js:757:3)\n    at runAndTransformResultsToJestFormat (D:\\2-Maguru\\maguru\\node_modules\\jest-circus\\build\\jestAdapterInit.js:1920:21)\n    at jestAdapter (D:\\2-Maguru\\maguru\\node_modules\\jest-circus\\build\\runner.js:101:19)\n    at runTestInternal (D:\\2-Maguru\\maguru\\node_modules\\jest-runner\\build\\testWorker.js:272:16)\n    at runTest (D:\\2-Maguru\\maguru\\node_modules\\jest-runner\\build\\testWorker.js:340:7)\n    at Object.worker (D:\\2-Maguru\\maguru\\node_modules\\jest-runner\\build\\testWorker.js:494:12)"
          ],
          "duration": 3
        },
        {
          "ancestorTitles": [
            "Integration: Role Management Business Logic",
            "Error Handling"
          ],
          "fullName": "Integration: Role Management Business Logic Error Handling should handle missing provider gracefully",
          "status": "passed",
          "title": "should handle missing provider gracefully",
          "failureMessages": [],
          "duration": 4
        },
        {
          "ancestorTitles": [
            "Integration: Role Management Business Logic",
            "Error Handling"
          ],
          "fullName": "Integration: Role Management Business Logic Error Handling should provide safe defaults",
          "status": "failed",
          "title": "should provide safe defaults",
          "failureMessages": [
            "Error: \u001b[2mexpect(\u001b[22m\u001b[31mreceived\u001b[39m\u001b[2m).\u001b[22mtoBe\u001b[2m(\u001b[22m\u001b[32mexpected\u001b[39m\u001b[2m) // Object.is equality\u001b[22m\n\nExpected: \u001b[32m\"\u001b[7mf\u001b[27mun\u001b[7mction\u001b[27m\"\u001b[39m\nReceived: \u001b[31m\"un\u001b[7mdefined\u001b[27m\"\u001b[39m\n\nIgnored nodes: comments, script, style\n\u001b[36m<html>\u001b[39m\n  \u001b[36m<head />\u001b[39m\n  \u001b[36m<body>\u001b[39m\n    \u001b[36m<div />\u001b[39m\n  \u001b[36m</body>\u001b[39m\n\u001b[36m</html>\u001b[39m\n    at toBe (D:\\2-Maguru\\maguru\\__tests__\\integration\\auth\\role-management.integration.test.ts:366:47)\n    at runWithExpensiveErrorDiagnosticsDisabled (D:\\2-Maguru\\maguru\\node_modules\\@testing-library\\dom\\dist\\config.js:47:12)\n    at checkCallback (D:\\2-Maguru\\maguru\\node_modules\\@testing-library\\dom\\dist\\wait-for.js:124:77)\n    at checkRealTimersCallback (D:\\2-Maguru\\maguru\\node_modules\\@testing-library\\dom\\dist\\wait-for.js:118:16)\n    at Timeout.task [as _onTimeout] (D:\\2-Maguru\\maguru\\node_modules\\jsdom\\lib\\jsdom\\browser\\Window.js:579:19)\n    at listOnTimeout (node:internal/timers:594:17)\n    at processTimers (node:internal/timers:529:7)"
          ],
          "duration": 1007
        }
      ],
      "failureMessage": "\u001b[1m\u001b[31m  \u001b[1m● \u001b[22m\u001b[1mIntegration: Role Management Business Logic › useUserRole Hook Business Logic › should compute boolean helpers correctly for admin role\u001b[39m\u001b[22m\n\n    \u001b[2mexpect(\u001b[22m\u001b[31mreceived\u001b[39m\u001b[2m).\u001b[22mtoBe\u001b[2m(\u001b[22m\u001b[32mexpected\u001b[39m\u001b[2m) // Object.is equality\u001b[22m\n\n    Expected: \u001b[32m\"admin\"\u001b[39m\n    Received: \u001b[31m\"user\"\u001b[39m\n\n    Ignored nodes: comments, script, style\n    \u001b[36m<html>\u001b[39m\n      \u001b[36m<head />\u001b[39m\n      \u001b[36m<body>\u001b[39m\n        \u001b[36m<div />\u001b[39m\n      \u001b[36m</body>\u001b[39m\n    \u001b[36m</html>\u001b[39m\n\u001b[2m\u001b[22m\n\u001b[2m    \u001b[0m \u001b[90m 94 |\u001b[39m\u001b[22m\n\u001b[2m     \u001b[90m 95 |\u001b[39m       \u001b[36mawait\u001b[39m waitFor(() \u001b[33m=>\u001b[39m {\u001b[22m\n\u001b[2m    \u001b[31m\u001b[1m>\u001b[22m\u001b[2m\u001b[39m\u001b[90m 96 |\u001b[39m         expect(result\u001b[33m.\u001b[39mcurrent\u001b[33m.\u001b[39mrole)\u001b[33m.\u001b[39mtoBe(\u001b[32m'admin'\u001b[39m)\u001b[22m\n\u001b[2m     \u001b[90m    |\u001b[39m                                     \u001b[31m\u001b[1m^\u001b[22m\u001b[2m\u001b[39m\u001b[22m\n\u001b[2m     \u001b[90m 97 |\u001b[39m         expect(result\u001b[33m.\u001b[39mcurrent\u001b[33m.\u001b[39misAdmin)\u001b[33m.\u001b[39mtoBe(\u001b[36mtrue\u001b[39m)\u001b[22m\n\u001b[2m     \u001b[90m 98 |\u001b[39m         expect(result\u001b[33m.\u001b[39mcurrent\u001b[33m.\u001b[39misCreator)\u001b[33m.\u001b[39mtoBe(\u001b[36mfalse\u001b[39m)\u001b[22m\n\u001b[2m     \u001b[90m 99 |\u001b[39m         expect(result\u001b[33m.\u001b[39mcurrent\u001b[33m.\u001b[39misUser)\u001b[33m.\u001b[39mtoBe(\u001b[36mfalse\u001b[39m)\u001b[0m\u001b[22m\n\u001b[2m\u001b[22m\n\u001b[2m      \u001b[2mat toBe (\u001b[22m\u001b[2m\u001b[0m\u001b[36m__tests__/integration/auth/role-management.integration.test.ts\u001b[39m\u001b[0m\u001b[2m:96:37)\u001b[22m\u001b[2m\u001b[22m\n\u001b[2m      \u001b[2mat runWithExpensiveErrorDiagnosticsDisabled (\u001b[22m\u001b[2mnode_modules/@testing-library/dom/dist/config.js\u001b[2m:47:12)\u001b[22m\u001b[2m\u001b[22m\n\u001b[2m      \u001b[2mat checkCallback (\u001b[22m\u001b[2mnode_modules/@testing-library/dom/dist/wait-for.js\u001b[2m:124:77)\u001b[22m\u001b[2m\u001b[22m\n\u001b[2m      \u001b[2mat checkRealTimersCallback (\u001b[22m\u001b[2mnode_modules/@testing-library/dom/dist/wait-for.js\u001b[2m:118:16)\u001b[22m\u001b[2m\u001b[22m\n\u001b[2m      \u001b[2mat Timeout.task [as _onTimeout] (\u001b[22m\u001b[2mnode_modules/jsdom/lib/jsdom/browser/Window.js\u001b[2m:579:19)\u001b[22m\u001b[2m\u001b[22m\n\n\u001b[1m\u001b[31m  \u001b[1m● \u001b[22m\u001b[1mIntegration: Role Management Business Logic › useUserRole Hook Business Logic › should compute boolean helpers correctly for creator role\u001b[39m\u001b[22m\n\n    \u001b[2mexpect(\u001b[22m\u001b[31mreceived\u001b[39m\u001b[2m).\u001b[22mtoBe\u001b[2m(\u001b[22m\u001b[32mexpected\u001b[39m\u001b[2m) // Object.is equality\u001b[22m\n\n    Expected: \u001b[32m\"\u001b[7mcreato\u001b[27mr\"\u001b[39m\n    Received: \u001b[31m\"\u001b[7muse\u001b[27mr\"\u001b[39m\n\n    Ignored nodes: comments, script, style\n    \u001b[36m<html>\u001b[39m\n      \u001b[36m<head />\u001b[39m\n      \u001b[36m<body>\u001b[39m\n        \u001b[36m<div />\u001b[39m\n      \u001b[36m</body>\u001b[39m\n    \u001b[36m</html>\u001b[39m\n\u001b[2m\u001b[22m\n\u001b[2m    \u001b[0m \u001b[90m 107 |\u001b[39m\u001b[22m\n\u001b[2m     \u001b[90m 108 |\u001b[39m       \u001b[36mawait\u001b[39m waitFor(() \u001b[33m=>\u001b[39m {\u001b[22m\n\u001b[2m    \u001b[31m\u001b[1m>\u001b[22m\u001b[2m\u001b[39m\u001b[90m 109 |\u001b[39m         expect(result\u001b[33m.\u001b[39mcurrent\u001b[33m.\u001b[39mrole)\u001b[33m.\u001b[39mtoBe(\u001b[32m'creator'\u001b[39m)\u001b[22m\n\u001b[2m     \u001b[90m     |\u001b[39m                                     \u001b[31m\u001b[1m^\u001b[22m\u001b[2m\u001b[39m\u001b[22m\n\u001b[2m     \u001b[90m 110 |\u001b[39m         expect(result\u001b[33m.\u001b[39mcurrent\u001b[33m.\u001b[39misAdmin)\u001b[33m.\u001b[39mtoBe(\u001b[36mfalse\u001b[39m)\u001b[22m\n\u001b[2m     \u001b[90m 111 |\u001b[39m         expect(result\u001b[33m.\u001b[39mcurrent\u001b[33m.\u001b[39misCreator)\u001b[33m.\u001b[39mtoBe(\u001b[36mtrue\u001b[39m)\u001b[22m\n\u001b[2m     \u001b[90m 112 |\u001b[39m         expect(result\u001b[33m.\u001b[39mcurrent\u001b[33m.\u001b[39misUser)\u001b[33m.\u001b[39mtoBe(\u001b[36mfalse\u001b[39m)\u001b[0m\u001b[22m\n\u001b[2m\u001b[22m\n\u001b[2m      \u001b[2mat toBe (\u001b[22m\u001b[2m\u001b[0m\u001b[36m__tests__/integration/auth/role-management.integration.test.ts\u001b[39m\u001b[0m\u001b[2m:109:37)\u001b[22m\u001b[2m\u001b[22m\n\u001b[2m      \u001b[2mat runWithExpensiveErrorDiagnosticsDisabled (\u001b[22m\u001b[2mnode_modules/@testing-library/dom/dist/config.js\u001b[2m:47:12)\u001b[22m\u001b[2m\u001b[22m\n\u001b[2m      \u001b[2mat checkCallback (\u001b[22m\u001b[2mnode_modules/@testing-library/dom/dist/wait-for.js\u001b[2m:124:77)\u001b[22m\u001b[2m\u001b[22m\n\u001b[2m      \u001b[2mat checkRealTimersCallback (\u001b[22m\u001b[2mnode_modules/@testing-library/dom/dist/wait-for.js\u001b[2m:118:16)\u001b[22m\u001b[2m\u001b[22m\n\u001b[2m      \u001b[2mat Timeout.task [as _onTimeout] (\u001b[22m\u001b[2mnode_modules/jsdom/lib/jsdom/browser/Window.js\u001b[2m:579:19)\u001b[22m\u001b[2m\u001b[22m\n\n\u001b[1m\u001b[31m  \u001b[1m● \u001b[22m\u001b[1mIntegration: Role Management Business Logic › useUserRole Hook Business Logic › should provide hasRole function correctly\u001b[39m\u001b[22m\n\n    \u001b[2mexpect(\u001b[22m\u001b[31mreceived\u001b[39m\u001b[2m).\u001b[22mtoBe\u001b[2m(\u001b[22m\u001b[32mexpected\u001b[39m\u001b[2m) // Object.is equality\u001b[22m\n\n    Expected: \u001b[32m\"\u001b[7mcreato\u001b[27mr\"\u001b[39m\n    Received: \u001b[31m\"\u001b[7muse\u001b[27mr\"\u001b[39m\n\n    Ignored nodes: comments, script, style\n    \u001b[36m<html>\u001b[39m\n      \u001b[36m<head />\u001b[39m\n      \u001b[36m<body>\u001b[39m\n        \u001b[36m<div />\u001b[39m\n      \u001b[36m</body>\u001b[39m\n    \u001b[36m</html>\u001b[39m\n\u001b[2m\u001b[22m\n\u001b[2m    \u001b[0m \u001b[90m 133 |\u001b[39m\u001b[22m\n\u001b[2m     \u001b[90m 134 |\u001b[39m       \u001b[36mawait\u001b[39m waitFor(() \u001b[33m=>\u001b[39m {\u001b[22m\n\u001b[2m    \u001b[31m\u001b[1m>\u001b[22m\u001b[2m\u001b[39m\u001b[90m 135 |\u001b[39m         expect(result\u001b[33m.\u001b[39mcurrent\u001b[33m.\u001b[39mrole)\u001b[33m.\u001b[39mtoBe(\u001b[32m'creator'\u001b[39m)\u001b[22m\n\u001b[2m     \u001b[90m     |\u001b[39m                                     \u001b[31m\u001b[1m^\u001b[22m\u001b[2m\u001b[39m\u001b[22m\n\u001b[2m     \u001b[90m 136 |\u001b[39m         expect(\u001b[36mtypeof\u001b[39m result\u001b[33m.\u001b[39mcurrent\u001b[33m.\u001b[39mhasRole)\u001b[33m.\u001b[39mtoBe(\u001b[32m'function'\u001b[39m)\u001b[22m\n\u001b[2m     \u001b[90m 137 |\u001b[39m         expect(result\u001b[33m.\u001b[39mcurrent\u001b[33m.\u001b[39mhasRole(\u001b[32m'creator'\u001b[39m))\u001b[33m.\u001b[39mtoBe(\u001b[36mtrue\u001b[39m)\u001b[22m\n\u001b[2m     \u001b[90m 138 |\u001b[39m         expect(result\u001b[33m.\u001b[39mcurrent\u001b[33m.\u001b[39mhasRole(\u001b[32m'admin'\u001b[39m))\u001b[33m.\u001b[39mtoBe(\u001b[36mfalse\u001b[39m)\u001b[0m\u001b[22m\n\u001b[2m\u001b[22m\n\u001b[2m      \u001b[2mat toBe (\u001b[22m\u001b[2m\u001b[0m\u001b[36m__tests__/integration/auth/role-management.integration.test.ts\u001b[39m\u001b[0m\u001b[2m:135:37)\u001b[22m\u001b[2m\u001b[22m\n\u001b[2m      \u001b[2mat runWithExpensiveErrorDiagnosticsDisabled (\u001b[22m\u001b[2mnode_modules/@testing-library/dom/dist/config.js\u001b[2m:47:12)\u001b[22m\u001b[2m\u001b[22m\n\u001b[2m      \u001b[2mat checkCallback (\u001b[22m\u001b[2mnode_modules/@testing-library/dom/dist/wait-for.js\u001b[2m:124:77)\u001b[22m\u001b[2m\u001b[22m\n\u001b[2m      \u001b[2mat checkRealTimersCallback (\u001b[22m\u001b[2mnode_modules/@testing-library/dom/dist/wait-for.js\u001b[2m:118:16)\u001b[22m\u001b[2m\u001b[22m\n\u001b[2m      \u001b[2mat Timeout.task [as _onTimeout] (\u001b[22m\u001b[2mnode_modules/jsdom/lib/jsdom/browser/Window.js\u001b[2m:579:19)\u001b[22m\u001b[2m\u001b[22m\n\n\u001b[1m\u001b[31m  \u001b[1m● \u001b[22m\u001b[1mIntegration: Role Management Business Logic › useUserRole Hook Business Logic › should provide consistent state values\u001b[39m\u001b[22m\n\n    \u001b[2mexpect(\u001b[22m\u001b[31mreceived\u001b[39m\u001b[2m).\u001b[22mtoBe\u001b[2m(\u001b[22m\u001b[32mexpected\u001b[39m\u001b[2m) // Object.is equality\u001b[22m\n\n    Expected: \u001b[32m\"\u001b[7mf\u001b[27mun\u001b[7mction\u001b[27m\"\u001b[39m\n    Received: \u001b[31m\"un\u001b[7mdefined\u001b[27m\"\u001b[39m\n\n    Ignored nodes: comments, script, style\n    \u001b[36m<html>\u001b[39m\n      \u001b[36m<head />\u001b[39m\n      \u001b[36m<body>\u001b[39m\n        \u001b[36m<div />\u001b[39m\n      \u001b[36m</body>\u001b[39m\n    \u001b[36m</html>\u001b[39m\n\u001b[2m\u001b[22m\n\u001b[2m    \u001b[0m \u001b[90m 156 |\u001b[39m         expect(\u001b[36mtypeof\u001b[39m result\u001b[33m.\u001b[39mcurrent\u001b[33m.\u001b[39misCreator)\u001b[33m.\u001b[39mtoBe(\u001b[32m'boolean'\u001b[39m)\u001b[22m\n\u001b[2m     \u001b[90m 157 |\u001b[39m         expect(\u001b[36mtypeof\u001b[39m result\u001b[33m.\u001b[39mcurrent\u001b[33m.\u001b[39misUser)\u001b[33m.\u001b[39mtoBe(\u001b[32m'boolean'\u001b[39m)\u001b[22m\n\u001b[2m    \u001b[31m\u001b[1m>\u001b[22m\u001b[2m\u001b[39m\u001b[90m 158 |\u001b[39m         expect(\u001b[36mtypeof\u001b[39m result\u001b[33m.\u001b[39mcurrent\u001b[33m.\u001b[39mhasRole)\u001b[33m.\u001b[39mtoBe(\u001b[32m'function'\u001b[39m)\u001b[22m\n\u001b[2m     \u001b[90m     |\u001b[39m                                               \u001b[31m\u001b[1m^\u001b[22m\u001b[2m\u001b[39m\u001b[22m\n\u001b[2m     \u001b[90m 159 |\u001b[39m       })\u001b[22m\n\u001b[2m     \u001b[90m 160 |\u001b[39m     })\u001b[22m\n\u001b[2m     \u001b[90m 161 |\u001b[39m\u001b[0m\u001b[22m\n\u001b[2m\u001b[22m\n\u001b[2m      \u001b[2mat toBe (\u001b[22m\u001b[2m\u001b[0m\u001b[36m__tests__/integration/auth/role-management.integration.test.ts\u001b[39m\u001b[0m\u001b[2m:158:47)\u001b[22m\u001b[2m\u001b[22m\n\u001b[2m      \u001b[2mat runWithExpensiveErrorDiagnosticsDisabled (\u001b[22m\u001b[2mnode_modules/@testing-library/dom/dist/config.js\u001b[2m:47:12)\u001b[22m\u001b[2m\u001b[22m\n\u001b[2m      \u001b[2mat checkCallback (\u001b[22m\u001b[2mnode_modules/@testing-library/dom/dist/wait-for.js\u001b[2m:124:77)\u001b[22m\u001b[2m\u001b[22m\n\u001b[2m      \u001b[2mat checkRealTimersCallback (\u001b[22m\u001b[2mnode_modules/@testing-library/dom/dist/wait-for.js\u001b[2m:118:16)\u001b[22m\u001b[2m\u001b[22m\n\u001b[2m      \u001b[2mat Timeout.task [as _onTimeout] (\u001b[22m\u001b[2mnode_modules/jsdom/lib/jsdom/browser/Window.js\u001b[2m:579:19)\u001b[22m\u001b[2m\u001b[22m\n\n\u001b[1m\u001b[31m  \u001b[1m● \u001b[22m\u001b[1mIntegration: Role Management Business Logic › useUserRole Hook Business Logic › should handle role changes through context actions\u001b[39m\u001b[22m\n\n    TypeError: (0 , _auth.useUserRoleContext) is not a function\n\u001b[2m\u001b[22m\n\u001b[2m    \u001b[0m \u001b[90m 161 |\u001b[39m\u001b[22m\n\u001b[2m     \u001b[90m 162 |\u001b[39m     it(\u001b[32m'should handle role changes through context actions'\u001b[39m\u001b[33m,\u001b[39m \u001b[36masync\u001b[39m () \u001b[33m=>\u001b[39m {\u001b[22m\n\u001b[2m    \u001b[31m\u001b[1m>\u001b[22m\u001b[2m\u001b[39m\u001b[90m 163 |\u001b[39m       \u001b[36mconst\u001b[39m { result } \u001b[33m=\u001b[39m renderHook(() \u001b[33m=>\u001b[39m useUserRoleContext()\u001b[33m,\u001b[39m {\u001b[22m\n\u001b[2m     \u001b[90m     |\u001b[39m                                                             \u001b[31m\u001b[1m^\u001b[22m\u001b[2m\u001b[39m\u001b[22m\n\u001b[2m     \u001b[90m 164 |\u001b[39m         wrapper\u001b[33m:\u001b[39m createWrapper(\u001b[32m'user'\u001b[39m)\u001b[33m,\u001b[39m\u001b[22m\n\u001b[2m     \u001b[90m 165 |\u001b[39m       })\u001b[22m\n\u001b[2m     \u001b[90m 166 |\u001b[39m\u001b[0m\u001b[22m\n\u001b[2m\u001b[22m\n\u001b[2m      \u001b[2mat \u001b[22m\u001b[2m\u001b[0m\u001b[36m__tests__/integration/auth/role-management.integration.test.ts\u001b[39m\u001b[0m\u001b[2m:163:61\u001b[22m\u001b[2m\u001b[22m\n\u001b[2m      \u001b[2mat TestComponent (\u001b[22m\u001b[2mnode_modules/@testing-library/react/dist/pure.js\u001b[2m:331:27)\u001b[22m\u001b[2m\u001b[22m\n\u001b[2m      \u001b[2mat Object.react-stack-bottom-frame (\u001b[22m\u001b[2mnode_modules/react-dom/cjs/react-dom-client.development.js\u001b[2m:23863:20)\u001b[22m\u001b[2m\u001b[22m\n\u001b[2m      \u001b[2mat renderWithHooks (\u001b[22m\u001b[2mnode_modules/react-dom/cjs/react-dom-client.development.js\u001b[2m:5529:22)\u001b[22m\u001b[2m\u001b[22m\n\u001b[2m      \u001b[2mat updateFunctionComponent (\u001b[22m\u001b[2mnode_modules/react-dom/cjs/react-dom-client.development.js\u001b[2m:8897:19)\u001b[22m\u001b[2m\u001b[22m\n\u001b[2m      \u001b[2mat beginWork (\u001b[22m\u001b[2mnode_modules/react-dom/cjs/react-dom-client.development.js\u001b[2m:10522:18)\u001b[22m\u001b[2m\u001b[22m\n\u001b[2m      \u001b[2mat runWithFiberInDEV (\u001b[22m\u001b[2mnode_modules/react-dom/cjs/react-dom-client.development.js\u001b[2m:1522:13)\u001b[22m\u001b[2m\u001b[22m\n\u001b[2m      \u001b[2mat performUnitOfWork (\u001b[22m\u001b[2mnode_modules/react-dom/cjs/react-dom-client.development.js\u001b[2m:15140:22)\u001b[22m\u001b[2m\u001b[22m\n\u001b[2m      \u001b[2mat workLoopSync (\u001b[22m\u001b[2mnode_modules/react-dom/cjs/react-dom-client.development.js\u001b[2m:14956:41)\u001b[22m\u001b[2m\u001b[22m\n\u001b[2m      \u001b[2mat renderRootSync (\u001b[22m\u001b[2mnode_modules/react-dom/cjs/react-dom-client.development.js\u001b[2m:14936:11)\u001b[22m\u001b[2m\u001b[22m\n\u001b[2m      \u001b[2mat performWorkOnRoot (\u001b[22m\u001b[2mnode_modules/react-dom/cjs/react-dom-client.development.js\u001b[2m:14462:44)\u001b[22m\u001b[2m\u001b[22m\n\u001b[2m      \u001b[2mat performWorkOnRootViaSchedulerTask (\u001b[22m\u001b[2mnode_modules/react-dom/cjs/react-dom-client.development.js\u001b[2m:16216:7)\u001b[22m\u001b[2m\u001b[22m\n\u001b[2m      \u001b[2mat flushActQueue (\u001b[22m\u001b[2mnode_modules/react/cjs/react.development.js\u001b[2m:566:34)\u001b[22m\u001b[2m\u001b[22m\n\u001b[2m      \u001b[2mat process.env.NODE_ENV.exports.act (\u001b[22m\u001b[2mnode_modules/react/cjs/react.development.js\u001b[2m:859:10)\u001b[22m\u001b[2m\u001b[22m\n\u001b[2m      \u001b[2mat \u001b[22m\u001b[2mnode_modules/@testing-library/react/dist/act-compat.js\u001b[2m:47:25\u001b[22m\u001b[2m\u001b[22m\n\u001b[2m      \u001b[2mat renderRoot (\u001b[22m\u001b[2mnode_modules/@testing-library/react/dist/pure.js\u001b[2m:190:26)\u001b[22m\u001b[2m\u001b[22m\n\u001b[2m      \u001b[2mat render (\u001b[22m\u001b[2mnode_modules/@testing-library/react/dist/pure.js\u001b[2m:292:10)\u001b[22m\u001b[2m\u001b[22m\n\u001b[2m      \u001b[2mat renderHook (\u001b[22m\u001b[2mnode_modules/@testing-library/react/dist/pure.js\u001b[2m:340:7)\u001b[22m\u001b[2m\u001b[22m\n\u001b[2m      \u001b[2mat Object.<anonymous> (\u001b[22m\u001b[2m\u001b[0m\u001b[36m__tests__/integration/auth/role-management.integration.test.ts\u001b[39m\u001b[0m\u001b[2m:163:36)\u001b[22m\u001b[2m\u001b[22m\n\n\u001b[1m\u001b[31m  \u001b[1m● \u001b[22m\u001b[1mIntegration: Role Management Business Logic › useUserRole Hook Business Logic › should handle clearRole action\u001b[39m\u001b[22m\n\n    TypeError: (0 , _auth.useUserRoleContext) is not a function\n\u001b[2m\u001b[22m\n\u001b[2m    \u001b[0m \u001b[90m 181 |\u001b[39m\u001b[22m\n\u001b[2m     \u001b[90m 182 |\u001b[39m     it(\u001b[32m'should handle clearRole action'\u001b[39m\u001b[33m,\u001b[39m \u001b[36masync\u001b[39m () \u001b[33m=>\u001b[39m {\u001b[22m\n\u001b[2m    \u001b[31m\u001b[1m>\u001b[22m\u001b[2m\u001b[39m\u001b[90m 183 |\u001b[39m       \u001b[36mconst\u001b[39m { result } \u001b[33m=\u001b[39m renderHook(() \u001b[33m=>\u001b[39m useUserRoleContext()\u001b[33m,\u001b[39m {\u001b[22m\n\u001b[2m     \u001b[90m     |\u001b[39m                                                             \u001b[31m\u001b[1m^\u001b[22m\u001b[2m\u001b[39m\u001b[22m\n\u001b[2m     \u001b[90m 184 |\u001b[39m         wrapper\u001b[33m:\u001b[39m createWrapper(\u001b[32m'admin'\u001b[39m)\u001b[33m,\u001b[39m\u001b[22m\n\u001b[2m     \u001b[90m 185 |\u001b[39m       })\u001b[22m\n\u001b[2m     \u001b[90m 186 |\u001b[39m\u001b[0m\u001b[22m\n\u001b[2m\u001b[22m\n\u001b[2m      \u001b[2mat \u001b[22m\u001b[2m\u001b[0m\u001b[36m__tests__/integration/auth/role-management.integration.test.ts\u001b[39m\u001b[0m\u001b[2m:183:61\u001b[22m\u001b[2m\u001b[22m\n\u001b[2m      \u001b[2mat TestComponent (\u001b[22m\u001b[2mnode_modules/@testing-library/react/dist/pure.js\u001b[2m:331:27)\u001b[22m\u001b[2m\u001b[22m\n\u001b[2m      \u001b[2mat Object.react-stack-bottom-frame (\u001b[22m\u001b[2mnode_modules/react-dom/cjs/react-dom-client.development.js\u001b[2m:23863:20)\u001b[22m\u001b[2m\u001b[22m\n\u001b[2m      \u001b[2mat renderWithHooks (\u001b[22m\u001b[2mnode_modules/react-dom/cjs/react-dom-client.development.js\u001b[2m:5529:22)\u001b[22m\u001b[2m\u001b[22m\n\u001b[2m      \u001b[2mat updateFunctionComponent (\u001b[22m\u001b[2mnode_modules/react-dom/cjs/react-dom-client.development.js\u001b[2m:8897:19)\u001b[22m\u001b[2m\u001b[22m\n\u001b[2m      \u001b[2mat beginWork (\u001b[22m\u001b[2mnode_modules/react-dom/cjs/react-dom-client.development.js\u001b[2m:10522:18)\u001b[22m\u001b[2m\u001b[22m\n\u001b[2m      \u001b[2mat runWithFiberInDEV (\u001b[22m\u001b[2mnode_modules/react-dom/cjs/react-dom-client.development.js\u001b[2m:1522:13)\u001b[22m\u001b[2m\u001b[22m\n\u001b[2m      \u001b[2mat performUnitOfWork (\u001b[22m\u001b[2mnode_modules/react-dom/cjs/react-dom-client.development.js\u001b[2m:15140:22)\u001b[22m\u001b[2m\u001b[22m\n\u001b[2m      \u001b[2mat workLoopSync (\u001b[22m\u001b[2mnode_modules/react-dom/cjs/react-dom-client.development.js\u001b[2m:14956:41)\u001b[22m\u001b[2m\u001b[22m\n\u001b[2m      \u001b[2mat renderRootSync (\u001b[22m\u001b[2mnode_modules/react-dom/cjs/react-dom-client.development.js\u001b[2m:14936:11)\u001b[22m\u001b[2m\u001b[22m\n\u001b[2m      \u001b[2mat performWorkOnRoot (\u001b[22m\u001b[2mnode_modules/react-dom/cjs/react-dom-client.development.js\u001b[2m:14462:44)\u001b[22m\u001b[2m\u001b[22m\n\u001b[2m      \u001b[2mat performWorkOnRootViaSchedulerTask (\u001b[22m\u001b[2mnode_modules/react-dom/cjs/react-dom-client.development.js\u001b[2m:16216:7)\u001b[22m\u001b[2m\u001b[22m\n\u001b[2m      \u001b[2mat flushActQueue (\u001b[22m\u001b[2mnode_modules/react/cjs/react.development.js\u001b[2m:566:34)\u001b[22m\u001b[2m\u001b[22m\n\u001b[2m      \u001b[2mat process.env.NODE_ENV.exports.act (\u001b[22m\u001b[2mnode_modules/react/cjs/react.development.js\u001b[2m:859:10)\u001b[22m\u001b[2m\u001b[22m\n\u001b[2m      \u001b[2mat \u001b[22m\u001b[2mnode_modules/@testing-library/react/dist/act-compat.js\u001b[2m:47:25\u001b[22m\u001b[2m\u001b[22m\n\u001b[2m      \u001b[2mat renderRoot (\u001b[22m\u001b[2mnode_modules/@testing-library/react/dist/pure.js\u001b[2m:190:26)\u001b[22m\u001b[2m\u001b[22m\n\u001b[2m      \u001b[2mat render (\u001b[22m\u001b[2mnode_modules/@testing-library/react/dist/pure.js\u001b[2m:292:10)\u001b[22m\u001b[2m\u001b[22m\n\u001b[2m      \u001b[2mat renderHook (\u001b[22m\u001b[2mnode_modules/@testing-library/react/dist/pure.js\u001b[2m:340:7)\u001b[22m\u001b[2m\u001b[22m\n\u001b[2m      \u001b[2mat Object.<anonymous> (\u001b[22m\u001b[2m\u001b[0m\u001b[36m__tests__/integration/auth/role-management.integration.test.ts\u001b[39m\u001b[0m\u001b[2m:183:36)\u001b[22m\u001b[2m\u001b[22m\n\n\u001b[1m\u001b[31m  \u001b[1m● \u001b[22m\u001b[1mIntegration: Role Management Business Logic › Context Integration › should integrate useUserRole with useUserRoleContext\u001b[39m\u001b[22m\n\n    TypeError: (0 , _auth.useUserRoleContext) is not a function\n\u001b[2m\u001b[22m\n\u001b[2m    \u001b[0m \u001b[90m 203 |\u001b[39m       \u001b[36mconst\u001b[39m \u001b[33mTestComponent\u001b[39m \u001b[33m=\u001b[39m () \u001b[33m=>\u001b[39m {\u001b[22m\n\u001b[2m     \u001b[90m 204 |\u001b[39m         \u001b[36mconst\u001b[39m userRole \u001b[33m=\u001b[39m useUserRole()\u001b[22m\n\u001b[2m    \u001b[31m\u001b[1m>\u001b[22m\u001b[2m\u001b[39m\u001b[90m 205 |\u001b[39m         \u001b[36mconst\u001b[39m context \u001b[33m=\u001b[39m useUserRoleContext()\u001b[22m\n\u001b[2m     \u001b[90m     |\u001b[39m                                           \u001b[31m\u001b[1m^\u001b[22m\u001b[2m\u001b[39m\u001b[22m\n\u001b[2m     \u001b[90m 206 |\u001b[39m\u001b[22m\n\u001b[2m     \u001b[90m 207 |\u001b[39m         \u001b[36mreturn\u001b[39m { userRole\u001b[33m,\u001b[39m context }\u001b[22m\n\u001b[2m     \u001b[90m 208 |\u001b[39m       }\u001b[0m\u001b[22m\n\u001b[2m\u001b[22m\n\u001b[2m      \u001b[2mat TestComponent (\u001b[22m\u001b[2m\u001b[0m\u001b[36m__tests__/integration/auth/role-management.integration.test.ts\u001b[39m\u001b[0m\u001b[2m:205:43)\u001b[22m\u001b[2m\u001b[22m\n\u001b[2m      \u001b[2mat TestComponent (\u001b[22m\u001b[2m\u001b[0m\u001b[36m__tests__/integration/auth/role-management.integration.test.ts\u001b[39m\u001b[0m\u001b[2m:210:43)\u001b[22m\u001b[2m\u001b[22m\n\u001b[2m      \u001b[2mat TestComponent (\u001b[22m\u001b[2mnode_modules/@testing-library/react/dist/pure.js\u001b[2m:331:27)\u001b[22m\u001b[2m\u001b[22m\n\u001b[2m      \u001b[2mat Object.react-stack-bottom-frame (\u001b[22m\u001b[2mnode_modules/react-dom/cjs/react-dom-client.development.js\u001b[2m:23863:20)\u001b[22m\u001b[2m\u001b[22m\n\u001b[2m      \u001b[2mat renderWithHooks (\u001b[22m\u001b[2mnode_modules/react-dom/cjs/react-dom-client.development.js\u001b[2m:5529:22)\u001b[22m\u001b[2m\u001b[22m\n\u001b[2m      \u001b[2mat updateFunctionComponent (\u001b[22m\u001b[2mnode_modules/react-dom/cjs/react-dom-client.development.js\u001b[2m:8897:19)\u001b[22m\u001b[2m\u001b[22m\n\u001b[2m      \u001b[2mat beginWork (\u001b[22m\u001b[2mnode_modules/react-dom/cjs/react-dom-client.development.js\u001b[2m:10522:18)\u001b[22m\u001b[2m\u001b[22m\n\u001b[2m      \u001b[2mat runWithFiberInDEV (\u001b[22m\u001b[2mnode_modules/react-dom/cjs/react-dom-client.development.js\u001b[2m:1522:13)\u001b[22m\u001b[2m\u001b[22m\n\u001b[2m      \u001b[2mat performUnitOfWork (\u001b[22m\u001b[2mnode_modules/react-dom/cjs/react-dom-client.development.js\u001b[2m:15140:22)\u001b[22m\u001b[2m\u001b[22m\n\u001b[2m      \u001b[2mat workLoopSync (\u001b[22m\u001b[2mnode_modules/react-dom/cjs/react-dom-client.development.js\u001b[2m:14956:41)\u001b[22m\u001b[2m\u001b[22m\n\u001b[2m      \u001b[2mat renderRootSync (\u001b[22m\u001b[2mnode_modules/react-dom/cjs/react-dom-client.development.js\u001b[2m:14936:11)\u001b[22m\u001b[2m\u001b[22m\n\u001b[2m      \u001b[2mat performWorkOnRoot (\u001b[22m\u001b[2mnode_modules/react-dom/cjs/react-dom-client.development.js\u001b[2m:14462:44)\u001b[22m\u001b[2m\u001b[22m\n\u001b[2m      \u001b[2mat performWorkOnRootViaSchedulerTask (\u001b[22m\u001b[2mnode_modules/react-dom/cjs/react-dom-client.development.js\u001b[2m:16216:7)\u001b[22m\u001b[2m\u001b[22m\n\u001b[2m      \u001b[2mat flushActQueue (\u001b[22m\u001b[2mnode_modules/react/cjs/react.development.js\u001b[2m:566:34)\u001b[22m\u001b[2m\u001b[22m\n\u001b[2m      \u001b[2mat process.env.NODE_ENV.exports.act (\u001b[22m\u001b[2mnode_modules/react/cjs/react.development.js\u001b[2m:859:10)\u001b[22m\u001b[2m\u001b[22m\n\u001b[2m      \u001b[2mat \u001b[22m\u001b[2mnode_modules/@testing-library/react/dist/act-compat.js\u001b[2m:47:25\u001b[22m\u001b[2m\u001b[22m\n\u001b[2m      \u001b[2mat renderRoot (\u001b[22m\u001b[2mnode_modules/@testing-library/react/dist/pure.js\u001b[2m:190:26)\u001b[22m\u001b[2m\u001b[22m\n\u001b[2m      \u001b[2mat render (\u001b[22m\u001b[2mnode_modules/@testing-library/react/dist/pure.js\u001b[2m:292:10)\u001b[22m\u001b[2m\u001b[22m\n\u001b[2m      \u001b[2mat renderHook (\u001b[22m\u001b[2mnode_modules/@testing-library/react/dist/pure.js\u001b[2m:340:7)\u001b[22m\u001b[2m\u001b[22m\n\u001b[2m      \u001b[2mat Object.<anonymous> (\u001b[22m\u001b[2m\u001b[0m\u001b[36m__tests__/integration/auth/role-management.integration.test.ts\u001b[39m\u001b[0m\u001b[2m:210:36)\u001b[22m\u001b[2m\u001b[22m\n\n\u001b[1m\u001b[31m  \u001b[1m● \u001b[22m\u001b[1mIntegration: Role Management Business Logic › Context Integration › should update both hooks when role changes\u001b[39m\u001b[22m\n\n    TypeError: (0 , _auth.useUserRoleContext) is not a function\n\u001b[2m\u001b[22m\n\u001b[2m    \u001b[0m \u001b[90m 228 |\u001b[39m       \u001b[36mconst\u001b[39m \u001b[33mTestComponent\u001b[39m \u001b[33m=\u001b[39m () \u001b[33m=>\u001b[39m {\u001b[22m\n\u001b[2m     \u001b[90m 229 |\u001b[39m         \u001b[36mconst\u001b[39m userRole \u001b[33m=\u001b[39m useUserRole()\u001b[22m\n\u001b[2m    \u001b[31m\u001b[1m>\u001b[22m\u001b[2m\u001b[39m\u001b[90m 230 |\u001b[39m         \u001b[36mconst\u001b[39m context \u001b[33m=\u001b[39m useUserRoleContext()\u001b[22m\n\u001b[2m     \u001b[90m     |\u001b[39m                                           \u001b[31m\u001b[1m^\u001b[22m\u001b[2m\u001b[39m\u001b[22m\n\u001b[2m     \u001b[90m 231 |\u001b[39m\u001b[22m\n\u001b[2m     \u001b[90m 232 |\u001b[39m         \u001b[36mreturn\u001b[39m { userRole\u001b[33m,\u001b[39m context }\u001b[22m\n\u001b[2m     \u001b[90m 233 |\u001b[39m       }\u001b[0m\u001b[22m\n\u001b[2m\u001b[22m\n\u001b[2m      \u001b[2mat TestComponent (\u001b[22m\u001b[2m\u001b[0m\u001b[36m__tests__/integration/auth/role-management.integration.test.ts\u001b[39m\u001b[0m\u001b[2m:230:43)\u001b[22m\u001b[2m\u001b[22m\n\u001b[2m      \u001b[2mat TestComponent (\u001b[22m\u001b[2m\u001b[0m\u001b[36m__tests__/integration/auth/role-management.integration.test.ts\u001b[39m\u001b[0m\u001b[2m:235:43)\u001b[22m\u001b[2m\u001b[22m\n\u001b[2m      \u001b[2mat TestComponent (\u001b[22m\u001b[2mnode_modules/@testing-library/react/dist/pure.js\u001b[2m:331:27)\u001b[22m\u001b[2m\u001b[22m\n\u001b[2m      \u001b[2mat Object.react-stack-bottom-frame (\u001b[22m\u001b[2mnode_modules/react-dom/cjs/react-dom-client.development.js\u001b[2m:23863:20)\u001b[22m\u001b[2m\u001b[22m\n\u001b[2m      \u001b[2mat renderWithHooks (\u001b[22m\u001b[2mnode_modules/react-dom/cjs/react-dom-client.development.js\u001b[2m:5529:22)\u001b[22m\u001b[2m\u001b[22m\n\u001b[2m      \u001b[2mat updateFunctionComponent (\u001b[22m\u001b[2mnode_modules/react-dom/cjs/react-dom-client.development.js\u001b[2m:8897:19)\u001b[22m\u001b[2m\u001b[22m\n\u001b[2m      \u001b[2mat beginWork (\u001b[22m\u001b[2mnode_modules/react-dom/cjs/react-dom-client.development.js\u001b[2m:10522:18)\u001b[22m\u001b[2m\u001b[22m\n\u001b[2m      \u001b[2mat runWithFiberInDEV (\u001b[22m\u001b[2mnode_modules/react-dom/cjs/react-dom-client.development.js\u001b[2m:1522:13)\u001b[22m\u001b[2m\u001b[22m\n\u001b[2m      \u001b[2mat performUnitOfWork (\u001b[22m\u001b[2mnode_modules/react-dom/cjs/react-dom-client.development.js\u001b[2m:15140:22)\u001b[22m\u001b[2m\u001b[22m\n\u001b[2m      \u001b[2mat workLoopSync (\u001b[22m\u001b[2mnode_modules/react-dom/cjs/react-dom-client.development.js\u001b[2m:14956:41)\u001b[22m\u001b[2m\u001b[22m\n\u001b[2m      \u001b[2mat renderRootSync (\u001b[22m\u001b[2mnode_modules/react-dom/cjs/react-dom-client.development.js\u001b[2m:14936:11)\u001b[22m\u001b[2m\u001b[22m\n\u001b[2m      \u001b[2mat performWorkOnRoot (\u001b[22m\u001b[2mnode_modules/react-dom/cjs/react-dom-client.development.js\u001b[2m:14462:44)\u001b[22m\u001b[2m\u001b[22m\n\u001b[2m      \u001b[2mat performWorkOnRootViaSchedulerTask (\u001b[22m\u001b[2mnode_modules/react-dom/cjs/react-dom-client.development.js\u001b[2m:16216:7)\u001b[22m\u001b[2m\u001b[22m\n\u001b[2m      \u001b[2mat flushActQueue (\u001b[22m\u001b[2mnode_modules/react/cjs/react.development.js\u001b[2m:566:34)\u001b[22m\u001b[2m\u001b[22m\n\u001b[2m      \u001b[2mat process.env.NODE_ENV.exports.act (\u001b[22m\u001b[2mnode_modules/react/cjs/react.development.js\u001b[2m:859:10)\u001b[22m\u001b[2m\u001b[22m\n\u001b[2m      \u001b[2mat \u001b[22m\u001b[2mnode_modules/@testing-library/react/dist/act-compat.js\u001b[2m:47:25\u001b[22m\u001b[2m\u001b[22m\n\u001b[2m      \u001b[2mat renderRoot (\u001b[22m\u001b[2mnode_modules/@testing-library/react/dist/pure.js\u001b[2m:190:26)\u001b[22m\u001b[2m\u001b[22m\n\u001b[2m      \u001b[2mat render (\u001b[22m\u001b[2mnode_modules/@testing-library/react/dist/pure.js\u001b[2m:292:10)\u001b[22m\u001b[2m\u001b[22m\n\u001b[2m      \u001b[2mat renderHook (\u001b[22m\u001b[2mnode_modules/@testing-library/react/dist/pure.js\u001b[2m:340:7)\u001b[22m\u001b[2m\u001b[22m\n\u001b[2m      \u001b[2mat Object.<anonymous> (\u001b[22m\u001b[2m\u001b[0m\u001b[36m__tests__/integration/auth/role-management.integration.test.ts\u001b[39m\u001b[0m\u001b[2m:235:36)\u001b[22m\u001b[2m\u001b[22m\n\n\u001b[1m\u001b[31m  \u001b[1m● \u001b[22m\u001b[1mIntegration: Role Management Business Logic › Role Validation Logic › should validate all role types correctly\u001b[39m\u001b[22m\n\n    \u001b[2mexpect(\u001b[22m\u001b[31mreceived\u001b[39m\u001b[2m).\u001b[22mtoBe\u001b[2m(\u001b[22m\u001b[32mexpected\u001b[39m\u001b[2m) // Object.is equality\u001b[22m\n\n    Expected: \u001b[32m\"admin\"\u001b[39m\n    Received: \u001b[31m\"user\"\u001b[39m\n\n    Ignored nodes: comments, script, style\n    \u001b[36m<html>\u001b[39m\n      \u001b[36m<head />\u001b[39m\n      \u001b[36m<body>\u001b[39m\n        \u001b[36m<div />\u001b[39m\n      \u001b[36m</body>\u001b[39m\n    \u001b[36m</html>\u001b[39m\n\u001b[2m\u001b[22m\n\u001b[2m    \u001b[0m \u001b[90m 269 |\u001b[39m\u001b[22m\n\u001b[2m     \u001b[90m 270 |\u001b[39m         \u001b[36mawait\u001b[39m waitFor(() \u001b[33m=>\u001b[39m {\u001b[22m\n\u001b[2m    \u001b[31m\u001b[1m>\u001b[22m\u001b[2m\u001b[39m\u001b[90m 271 |\u001b[39m           expect(result\u001b[33m.\u001b[39mcurrent\u001b[33m.\u001b[39mrole)\u001b[33m.\u001b[39mtoBe(role)\u001b[22m\n\u001b[2m     \u001b[90m     |\u001b[39m                                       \u001b[31m\u001b[1m^\u001b[22m\u001b[2m\u001b[39m\u001b[22m\n\u001b[2m     \u001b[90m 272 |\u001b[39m\u001b[22m\n\u001b[2m     \u001b[90m 273 |\u001b[39m           \u001b[90m// Test hasRole function for all roles\u001b[39m\u001b[22m\n\u001b[2m     \u001b[90m 274 |\u001b[39m           testRoles\u001b[33m.\u001b[39mforEach((testRole) \u001b[33m=>\u001b[39m {\u001b[0m\u001b[22m\n\u001b[2m\u001b[22m\n\u001b[2m      \u001b[2mat toBe (\u001b[22m\u001b[2m\u001b[0m\u001b[36m__tests__/integration/auth/role-management.integration.test.ts\u001b[39m\u001b[0m\u001b[2m:271:39)\u001b[22m\u001b[2m\u001b[22m\n\u001b[2m      \u001b[2mat runWithExpensiveErrorDiagnosticsDisabled (\u001b[22m\u001b[2mnode_modules/@testing-library/dom/dist/config.js\u001b[2m:47:12)\u001b[22m\u001b[2m\u001b[22m\n\u001b[2m      \u001b[2mat checkCallback (\u001b[22m\u001b[2mnode_modules/@testing-library/dom/dist/wait-for.js\u001b[2m:124:77)\u001b[22m\u001b[2m\u001b[22m\n\u001b[2m      \u001b[2mat checkRealTimersCallback (\u001b[22m\u001b[2mnode_modules/@testing-library/dom/dist/wait-for.js\u001b[2m:118:16)\u001b[22m\u001b[2m\u001b[22m\n\u001b[2m      \u001b[2mat Timeout.task [as _onTimeout] (\u001b[22m\u001b[2mnode_modules/jsdom/lib/jsdom/browser/Window.js\u001b[2m:579:19)\u001b[22m\u001b[2m\u001b[22m\n\n\u001b[1m\u001b[31m  \u001b[1m● \u001b[22m\u001b[1mIntegration: Role Management Business Logic › Role Validation Logic › should handle null role state\u001b[39m\u001b[22m\n\n    TypeError: (0 , _auth.useUserRoleContext) is not a function\n\u001b[2m\u001b[22m\n\u001b[2m    \u001b[0m \u001b[90m 285 |\u001b[39m\u001b[22m\n\u001b[2m     \u001b[90m 286 |\u001b[39m     it(\u001b[32m'should handle null role state'\u001b[39m\u001b[33m,\u001b[39m \u001b[36masync\u001b[39m () \u001b[33m=>\u001b[39m {\u001b[22m\n\u001b[2m    \u001b[31m\u001b[1m>\u001b[22m\u001b[2m\u001b[39m\u001b[90m 287 |\u001b[39m       \u001b[36mconst\u001b[39m { result } \u001b[33m=\u001b[39m renderHook(() \u001b[33m=>\u001b[39m useUserRoleContext()\u001b[33m,\u001b[39m {\u001b[22m\n\u001b[2m     \u001b[90m     |\u001b[39m                                                             \u001b[31m\u001b[1m^\u001b[22m\u001b[2m\u001b[39m\u001b[22m\n\u001b[2m     \u001b[90m 288 |\u001b[39m         wrapper\u001b[33m:\u001b[39m createWrapper(\u001b[32m'user'\u001b[39m)\u001b[33m,\u001b[39m \u001b[90m// Start with user\u001b[39m\u001b[22m\n\u001b[2m     \u001b[90m 289 |\u001b[39m       })\u001b[22m\n\u001b[2m     \u001b[90m 290 |\u001b[39m\u001b[0m\u001b[22m\n\u001b[2m\u001b[22m\n\u001b[2m      \u001b[2mat \u001b[22m\u001b[2m\u001b[0m\u001b[36m__tests__/integration/auth/role-management.integration.test.ts\u001b[39m\u001b[0m\u001b[2m:287:61\u001b[22m\u001b[2m\u001b[22m\n\u001b[2m      \u001b[2mat TestComponent (\u001b[22m\u001b[2mnode_modules/@testing-library/react/dist/pure.js\u001b[2m:331:27)\u001b[22m\u001b[2m\u001b[22m\n\u001b[2m      \u001b[2mat Object.react-stack-bottom-frame (\u001b[22m\u001b[2mnode_modules/react-dom/cjs/react-dom-client.development.js\u001b[2m:23863:20)\u001b[22m\u001b[2m\u001b[22m\n\u001b[2m      \u001b[2mat renderWithHooks (\u001b[22m\u001b[2mnode_modules/react-dom/cjs/react-dom-client.development.js\u001b[2m:5529:22)\u001b[22m\u001b[2m\u001b[22m\n\u001b[2m      \u001b[2mat updateFunctionComponent (\u001b[22m\u001b[2mnode_modules/react-dom/cjs/react-dom-client.development.js\u001b[2m:8897:19)\u001b[22m\u001b[2m\u001b[22m\n\u001b[2m      \u001b[2mat beginWork (\u001b[22m\u001b[2mnode_modules/react-dom/cjs/react-dom-client.development.js\u001b[2m:10522:18)\u001b[22m\u001b[2m\u001b[22m\n\u001b[2m      \u001b[2mat runWithFiberInDEV (\u001b[22m\u001b[2mnode_modules/react-dom/cjs/react-dom-client.development.js\u001b[2m:1522:13)\u001b[22m\u001b[2m\u001b[22m\n\u001b[2m      \u001b[2mat performUnitOfWork (\u001b[22m\u001b[2mnode_modules/react-dom/cjs/react-dom-client.development.js\u001b[2m:15140:22)\u001b[22m\u001b[2m\u001b[22m\n\u001b[2m      \u001b[2mat workLoopSync (\u001b[22m\u001b[2mnode_modules/react-dom/cjs/react-dom-client.development.js\u001b[2m:14956:41)\u001b[22m\u001b[2m\u001b[22m\n\u001b[2m      \u001b[2mat renderRootSync (\u001b[22m\u001b[2mnode_modules/react-dom/cjs/react-dom-client.development.js\u001b[2m:14936:11)\u001b[22m\u001b[2m\u001b[22m\n\u001b[2m      \u001b[2mat performWorkOnRoot (\u001b[22m\u001b[2mnode_modules/react-dom/cjs/react-dom-client.development.js\u001b[2m:14462:44)\u001b[22m\u001b[2m\u001b[22m\n\u001b[2m      \u001b[2mat performWorkOnRootViaSchedulerTask (\u001b[22m\u001b[2mnode_modules/react-dom/cjs/react-dom-client.development.js\u001b[2m:16216:7)\u001b[22m\u001b[2m\u001b[22m\n\u001b[2m      \u001b[2mat flushActQueue (\u001b[22m\u001b[2mnode_modules/react/cjs/react.development.js\u001b[2m:566:34)\u001b[22m\u001b[2m\u001b[22m\n\u001b[2m      \u001b[2mat process.env.NODE_ENV.exports.act (\u001b[22m\u001b[2mnode_modules/react/cjs/react.development.js\u001b[2m:859:10)\u001b[22m\u001b[2m\u001b[22m\n\u001b[2m      \u001b[2mat \u001b[22m\u001b[2mnode_modules/@testing-library/react/dist/act-compat.js\u001b[2m:47:25\u001b[22m\u001b[2m\u001b[22m\n\u001b[2m      \u001b[2mat renderRoot (\u001b[22m\u001b[2mnode_modules/@testing-library/react/dist/pure.js\u001b[2m:190:26)\u001b[22m\u001b[2m\u001b[22m\n\u001b[2m      \u001b[2mat render (\u001b[22m\u001b[2mnode_modules/@testing-library/react/dist/pure.js\u001b[2m:292:10)\u001b[22m\u001b[2m\u001b[22m\n\u001b[2m      \u001b[2mat renderHook (\u001b[22m\u001b[2mnode_modules/@testing-library/react/dist/pure.js\u001b[2m:340:7)\u001b[22m\u001b[2m\u001b[22m\n\u001b[2m      \u001b[2mat Object.<anonymous> (\u001b[22m\u001b[2m\u001b[0m\u001b[36m__tests__/integration/auth/role-management.integration.test.ts\u001b[39m\u001b[0m\u001b[2m:287:36)\u001b[22m\u001b[2m\u001b[22m\n\n\u001b[1m\u001b[31m  \u001b[1m● \u001b[22m\u001b[1mIntegration: Role Management Business Logic › Development Mode Features › should support development mode role switching\u001b[39m\u001b[22m\n\n    TypeError: (0 , _auth.useUserRoleContext) is not a function\n\u001b[2m\u001b[22m\n\u001b[2m    \u001b[0m \u001b[90m 306 |\u001b[39m   describe(\u001b[32m'Development Mode Features'\u001b[39m\u001b[33m,\u001b[39m () \u001b[33m=>\u001b[39m {\u001b[22m\n\u001b[2m     \u001b[90m 307 |\u001b[39m     it(\u001b[32m'should support development mode role switching'\u001b[39m\u001b[33m,\u001b[39m \u001b[36masync\u001b[39m () \u001b[33m=>\u001b[39m {\u001b[22m\n\u001b[2m    \u001b[31m\u001b[1m>\u001b[22m\u001b[2m\u001b[39m\u001b[90m 308 |\u001b[39m       \u001b[36mconst\u001b[39m { result } \u001b[33m=\u001b[39m renderHook(() \u001b[33m=>\u001b[39m useUserRoleContext()\u001b[33m,\u001b[39m {\u001b[22m\n\u001b[2m     \u001b[90m     |\u001b[39m                                                             \u001b[31m\u001b[1m^\u001b[22m\u001b[2m\u001b[39m\u001b[22m\n\u001b[2m     \u001b[90m 309 |\u001b[39m         wrapper\u001b[33m:\u001b[39m createWrapper(\u001b[32m'user'\u001b[39m)\u001b[33m,\u001b[39m\u001b[22m\n\u001b[2m     \u001b[90m 310 |\u001b[39m       })\u001b[22m\n\u001b[2m     \u001b[90m 311 |\u001b[39m\u001b[0m\u001b[22m\n\u001b[2m\u001b[22m\n\u001b[2m      \u001b[2mat \u001b[22m\u001b[2m\u001b[0m\u001b[36m__tests__/integration/auth/role-management.integration.test.ts\u001b[39m\u001b[0m\u001b[2m:308:61\u001b[22m\u001b[2m\u001b[22m\n\u001b[2m      \u001b[2mat TestComponent (\u001b[22m\u001b[2mnode_modules/@testing-library/react/dist/pure.js\u001b[2m:331:27)\u001b[22m\u001b[2m\u001b[22m\n\u001b[2m      \u001b[2mat Object.react-stack-bottom-frame (\u001b[22m\u001b[2mnode_modules/react-dom/cjs/react-dom-client.development.js\u001b[2m:23863:20)\u001b[22m\u001b[2m\u001b[22m\n\u001b[2m      \u001b[2mat renderWithHooks (\u001b[22m\u001b[2mnode_modules/react-dom/cjs/react-dom-client.development.js\u001b[2m:5529:22)\u001b[22m\u001b[2m\u001b[22m\n\u001b[2m      \u001b[2mat updateFunctionComponent (\u001b[22m\u001b[2mnode_modules/react-dom/cjs/react-dom-client.development.js\u001b[2m:8897:19)\u001b[22m\u001b[2m\u001b[22m\n\u001b[2m      \u001b[2mat beginWork (\u001b[22m\u001b[2mnode_modules/react-dom/cjs/react-dom-client.development.js\u001b[2m:10522:18)\u001b[22m\u001b[2m\u001b[22m\n\u001b[2m      \u001b[2mat runWithFiberInDEV (\u001b[22m\u001b[2mnode_modules/react-dom/cjs/react-dom-client.development.js\u001b[2m:1522:13)\u001b[22m\u001b[2m\u001b[22m\n\u001b[2m      \u001b[2mat performUnitOfWork (\u001b[22m\u001b[2mnode_modules/react-dom/cjs/react-dom-client.development.js\u001b[2m:15140:22)\u001b[22m\u001b[2m\u001b[22m\n\u001b[2m      \u001b[2mat workLoopSync (\u001b[22m\u001b[2mnode_modules/react-dom/cjs/react-dom-client.development.js\u001b[2m:14956:41)\u001b[22m\u001b[2m\u001b[22m\n\u001b[2m      \u001b[2mat renderRootSync (\u001b[22m\u001b[2mnode_modules/react-dom/cjs/react-dom-client.development.js\u001b[2m:14936:11)\u001b[22m\u001b[2m\u001b[22m\n\u001b[2m      \u001b[2mat performWorkOnRoot (\u001b[22m\u001b[2mnode_modules/react-dom/cjs/react-dom-client.development.js\u001b[2m:14462:44)\u001b[22m\u001b[2m\u001b[22m\n\u001b[2m      \u001b[2mat performWorkOnRootViaSchedulerTask (\u001b[22m\u001b[2mnode_modules/react-dom/cjs/react-dom-client.development.js\u001b[2m:16216:7)\u001b[22m\u001b[2m\u001b[22m\n\u001b[2m      \u001b[2mat flushActQueue (\u001b[22m\u001b[2mnode_modules/react/cjs/react.development.js\u001b[2m:566:34)\u001b[22m\u001b[2m\u001b[22m\n\u001b[2m      \u001b[2mat process.env.NODE_ENV.exports.act (\u001b[22m\u001b[2mnode_modules/react/cjs/react.development.js\u001b[2m:859:10)\u001b[22m\u001b[2m\u001b[22m\n\u001b[2m      \u001b[2mat \u001b[22m\u001b[2mnode_modules/@testing-library/react/dist/act-compat.js\u001b[2m:47:25\u001b[22m\u001b[2m\u001b[22m\n\u001b[2m      \u001b[2mat renderRoot (\u001b[22m\u001b[2mnode_modules/@testing-library/react/dist/pure.js\u001b[2m:190:26)\u001b[22m\u001b[2m\u001b[22m\n\u001b[2m      \u001b[2mat render (\u001b[22m\u001b[2mnode_modules/@testing-library/react/dist/pure.js\u001b[2m:292:10)\u001b[22m\u001b[2m\u001b[22m\n\u001b[2m      \u001b[2mat renderHook (\u001b[22m\u001b[2mnode_modules/@testing-library/react/dist/pure.js\u001b[2m:340:7)\u001b[22m\u001b[2m\u001b[22m\n\u001b[2m      \u001b[2mat Object.<anonymous> (\u001b[22m\u001b[2m\u001b[0m\u001b[36m__tests__/integration/auth/role-management.integration.test.ts\u001b[39m\u001b[0m\u001b[2m:308:36)\u001b[22m\u001b[2m\u001b[22m\n\n\u001b[1m\u001b[31m  \u001b[1m● \u001b[22m\u001b[1mIntegration: Role Management Business Logic › Development Mode Features › should provide consistent context actions\u001b[39m\u001b[22m\n\n    TypeError: (0 , _auth.useUserRoleContext) is not a function\n\u001b[2m\u001b[22m\n\u001b[2m    \u001b[0m \u001b[90m 329 |\u001b[39m\u001b[22m\n\u001b[2m     \u001b[90m 330 |\u001b[39m     it(\u001b[32m'should provide consistent context actions'\u001b[39m\u001b[33m,\u001b[39m \u001b[36masync\u001b[39m () \u001b[33m=>\u001b[39m {\u001b[22m\n\u001b[2m    \u001b[31m\u001b[1m>\u001b[22m\u001b[2m\u001b[39m\u001b[90m 331 |\u001b[39m       \u001b[36mconst\u001b[39m { result } \u001b[33m=\u001b[39m renderHook(() \u001b[33m=>\u001b[39m useUserRoleContext()\u001b[33m,\u001b[39m {\u001b[22m\n\u001b[2m     \u001b[90m     |\u001b[39m                                                             \u001b[31m\u001b[1m^\u001b[22m\u001b[2m\u001b[39m\u001b[22m\n\u001b[2m     \u001b[90m 332 |\u001b[39m         wrapper\u001b[33m:\u001b[39m createWrapper(\u001b[32m'admin'\u001b[39m)\u001b[33m,\u001b[39m\u001b[22m\n\u001b[2m     \u001b[90m 333 |\u001b[39m       })\u001b[22m\n\u001b[2m     \u001b[90m 334 |\u001b[39m\u001b[0m\u001b[22m\n\u001b[2m\u001b[22m\n\u001b[2m      \u001b[2mat \u001b[22m\u001b[2m\u001b[0m\u001b[36m__tests__/integration/auth/role-management.integration.test.ts\u001b[39m\u001b[0m\u001b[2m:331:61\u001b[22m\u001b[2m\u001b[22m\n\u001b[2m      \u001b[2mat TestComponent (\u001b[22m\u001b[2mnode_modules/@testing-library/react/dist/pure.js\u001b[2m:331:27)\u001b[22m\u001b[2m\u001b[22m\n\u001b[2m      \u001b[2mat Object.react-stack-bottom-frame (\u001b[22m\u001b[2mnode_modules/react-dom/cjs/react-dom-client.development.js\u001b[2m:23863:20)\u001b[22m\u001b[2m\u001b[22m\n\u001b[2m      \u001b[2mat renderWithHooks (\u001b[22m\u001b[2mnode_modules/react-dom/cjs/react-dom-client.development.js\u001b[2m:5529:22)\u001b[22m\u001b[2m\u001b[22m\n\u001b[2m      \u001b[2mat updateFunctionComponent (\u001b[22m\u001b[2mnode_modules/react-dom/cjs/react-dom-client.development.js\u001b[2m:8897:19)\u001b[22m\u001b[2m\u001b[22m\n\u001b[2m      \u001b[2mat beginWork (\u001b[22m\u001b[2mnode_modules/react-dom/cjs/react-dom-client.development.js\u001b[2m:10522:18)\u001b[22m\u001b[2m\u001b[22m\n\u001b[2m      \u001b[2mat runWithFiberInDEV (\u001b[22m\u001b[2mnode_modules/react-dom/cjs/react-dom-client.development.js\u001b[2m:1522:13)\u001b[22m\u001b[2m\u001b[22m\n\u001b[2m      \u001b[2mat performUnitOfWork (\u001b[22m\u001b[2mnode_modules/react-dom/cjs/react-dom-client.development.js\u001b[2m:15140:22)\u001b[22m\u001b[2m\u001b[22m\n\u001b[2m      \u001b[2mat workLoopSync (\u001b[22m\u001b[2mnode_modules/react-dom/cjs/react-dom-client.development.js\u001b[2m:14956:41)\u001b[22m\u001b[2m\u001b[22m\n\u001b[2m      \u001b[2mat renderRootSync (\u001b[22m\u001b[2mnode_modules/react-dom/cjs/react-dom-client.development.js\u001b[2m:14936:11)\u001b[22m\u001b[2m\u001b[22m\n\u001b[2m      \u001b[2mat performWorkOnRoot (\u001b[22m\u001b[2mnode_modules/react-dom/cjs/react-dom-client.development.js\u001b[2m:14462:44)\u001b[22m\u001b[2m\u001b[22m\n\u001b[2m      \u001b[2mat performWorkOnRootViaSchedulerTask (\u001b[22m\u001b[2mnode_modules/react-dom/cjs/react-dom-client.development.js\u001b[2m:16216:7)\u001b[22m\u001b[2m\u001b[22m\n\u001b[2m      \u001b[2mat flushActQueue (\u001b[22m\u001b[2mnode_modules/react/cjs/react.development.js\u001b[2m:566:34)\u001b[22m\u001b[2m\u001b[22m\n\u001b[2m      \u001b[2mat process.env.NODE_ENV.exports.act (\u001b[22m\u001b[2mnode_modules/react/cjs/react.development.js\u001b[2m:859:10)\u001b[22m\u001b[2m\u001b[22m\n\u001b[2m      \u001b[2mat \u001b[22m\u001b[2mnode_modules/@testing-library/react/dist/act-compat.js\u001b[2m:47:25\u001b[22m\u001b[2m\u001b[22m\n\u001b[2m      \u001b[2mat renderRoot (\u001b[22m\u001b[2mnode_modules/@testing-library/react/dist/pure.js\u001b[2m:190:26)\u001b[22m\u001b[2m\u001b[22m\n\u001b[2m      \u001b[2mat render (\u001b[22m\u001b[2mnode_modules/@testing-library/react/dist/pure.js\u001b[2m:292:10)\u001b[22m\u001b[2m\u001b[22m\n\u001b[2m      \u001b[2mat renderHook (\u001b[22m\u001b[2mnode_modules/@testing-library/react/dist/pure.js\u001b[2m:340:7)\u001b[22m\u001b[2m\u001b[22m\n\u001b[2m      \u001b[2mat Object.<anonymous> (\u001b[22m\u001b[2m\u001b[0m\u001b[36m__tests__/integration/auth/role-management.integration.test.ts\u001b[39m\u001b[0m\u001b[2m:331:36)\u001b[22m\u001b[2m\u001b[22m\n\n\u001b[1m\u001b[31m  \u001b[1m● \u001b[22m\u001b[1mIntegration: Role Management Business Logic › Error Handling › should provide safe defaults\u001b[39m\u001b[22m\n\n    \u001b[2mexpect(\u001b[22m\u001b[31mreceived\u001b[39m\u001b[2m).\u001b[22mtoBe\u001b[2m(\u001b[22m\u001b[32mexpected\u001b[39m\u001b[2m) // Object.is equality\u001b[22m\n\n    Expected: \u001b[32m\"\u001b[7mf\u001b[27mun\u001b[7mction\u001b[27m\"\u001b[39m\n    Received: \u001b[31m\"un\u001b[7mdefined\u001b[27m\"\u001b[39m\n\n    Ignored nodes: comments, script, style\n    \u001b[36m<html>\u001b[39m\n      \u001b[36m<head />\u001b[39m\n      \u001b[36m<body>\u001b[39m\n        \u001b[36m<div />\u001b[39m\n      \u001b[36m</body>\u001b[39m\n    \u001b[36m</html>\u001b[39m\n\u001b[2m\u001b[22m\n\u001b[2m    \u001b[0m \u001b[90m 364 |\u001b[39m\u001b[22m\n\u001b[2m     \u001b[90m 365 |\u001b[39m         \u001b[90m// Helper functions should work\u001b[39m\u001b[22m\n\u001b[2m    \u001b[31m\u001b[1m>\u001b[22m\u001b[2m\u001b[39m\u001b[90m 366 |\u001b[39m         expect(\u001b[36mtypeof\u001b[39m result\u001b[33m.\u001b[39mcurrent\u001b[33m.\u001b[39mhasRole)\u001b[33m.\u001b[39mtoBe(\u001b[32m'function'\u001b[39m)\u001b[22m\n\u001b[2m     \u001b[90m     |\u001b[39m                                               \u001b[31m\u001b[1m^\u001b[22m\u001b[2m\u001b[39m\u001b[22m\n\u001b[2m     \u001b[90m 367 |\u001b[39m         expect(\u001b[36mtypeof\u001b[39m result\u001b[33m.\u001b[39mcurrent\u001b[33m.\u001b[39misAdmin)\u001b[33m.\u001b[39mtoBe(\u001b[32m'boolean'\u001b[39m)\u001b[22m\n\u001b[2m     \u001b[90m 368 |\u001b[39m         expect(\u001b[36mtypeof\u001b[39m result\u001b[33m.\u001b[39mcurrent\u001b[33m.\u001b[39misCreator)\u001b[33m.\u001b[39mtoBe(\u001b[32m'boolean'\u001b[39m)\u001b[22m\n\u001b[2m     \u001b[90m 369 |\u001b[39m         expect(\u001b[36mtypeof\u001b[39m result\u001b[33m.\u001b[39mcurrent\u001b[33m.\u001b[39misUser)\u001b[33m.\u001b[39mtoBe(\u001b[32m'boolean'\u001b[39m)\u001b[0m\u001b[22m\n\u001b[2m\u001b[22m\n\u001b[2m      \u001b[2mat toBe (\u001b[22m\u001b[2m\u001b[0m\u001b[36m__tests__/integration/auth/role-management.integration.test.ts\u001b[39m\u001b[0m\u001b[2m:366:47)\u001b[22m\u001b[2m\u001b[22m\n\u001b[2m      \u001b[2mat runWithExpensiveErrorDiagnosticsDisabled (\u001b[22m\u001b[2mnode_modules/@testing-library/dom/dist/config.js\u001b[2m:47:12)\u001b[22m\u001b[2m\u001b[22m\n\u001b[2m      \u001b[2mat checkCallback (\u001b[22m\u001b[2mnode_modules/@testing-library/dom/dist/wait-for.js\u001b[2m:124:77)\u001b[22m\u001b[2m\u001b[22m\n\u001b[2m      \u001b[2mat checkRealTimersCallback (\u001b[22m\u001b[2mnode_modules/@testing-library/dom/dist/wait-for.js\u001b[2m:118:16)\u001b[22m\u001b[2m\u001b[22m\n\u001b[2m      \u001b[2mat Timeout.task [as _onTimeout] (\u001b[22m\u001b[2mnode_modules/jsdom/lib/jsdom/browser/Window.js\u001b[2m:579:19)\u001b[22m\u001b[2m\u001b[22m\n"
    }
  ]
}