{
  "numTotalTests": 42,
  "numPassedTests": 42,
  "numFailedTests": 0,
  "numPendingTests": 0,
  "startTime": "2025-06-26T13:20:54.621Z",
  "endTime": "2025-06-26T13:21:04.512Z",
  "testResults": [
    {
      "testFilePath": "D:\\2-Maguru\\maguru\\features\\homepage\\component\\Stats.test.tsx",
      "testFileResults": [
        {
          "ancestorTitles": [
            "Stats Component"
          ],
          "fullName": "Stats Component renders all statistics values correctly",
          "status": "passed",
          "title": "renders all statistics values correctly",
          "failureMessages": [],
          "duration": 97
        },
        {
          "ancestorTitles": [
            "Stats Component"
          ],
          "fullName": "Stats Component renders all statistic labels correctly",
          "status": "passed",
          "title": "renders all statistic labels correctly",
          "failureMessages": [],
          "duration": 24
        },
        {
          "ancestorTitles": [
            "Stats Component"
          ],
          "fullName": "Stats Component renders inside a glass panel",
          "status": "passed",
          "title": "renders inside a glass panel",
          "failureMessages": [],
          "duration": 19
        }
      ],
      "failureMessage": null
    },
    {
      "testFilePath": "D:\\2-Maguru\\maguru\\features\\homepage\\component\\Cta.test.tsx",
      "testFileResults": [
        {
          "ancestorTitles": [
            "CTA Component"
          ],
          "fullName": "CTA Component renders headline and sub-headline",
          "status": "passed",
          "title": "renders headline and sub-headline",
          "failureMessages": [],
          "duration": 102
        },
        {
          "ancestorTitles": [
            "CTA Component"
          ],
          "fullName": "CTA Component renders call-to-action buttons",
          "status": "passed",
          "title": "renders call-to-action buttons",
          "failureMessages": [],
          "duration": 16
        },
        {
          "ancestorTitles": [
            "CTA Component"
          ],
          "fullName": "CTA Component renders trust indicators",
          "status": "passed",
          "title": "renders trust indicators",
          "failureMessages": [],
          "duration": 17
        },
        {
          "ancestorTitles": [
            "CTA Component"
          ],
          "fullName": "CTA Component renders with glass panel styling",
          "status": "passed",
          "title": "renders with glass panel styling",
          "failureMessages": [],
          "duration": 17
        }
      ],
      "failureMessage": null
    },
    {
      "testFilePath": "D:\\2-Maguru\\maguru\\features\\homepage\\component\\Testimonials.test.tsx",
      "testFileResults": [
        {
          "ancestorTitles": [
            "Testimonials Component"
          ],
          "fullName": "Testimonials Component renders section title and description",
          "status": "passed",
          "title": "renders section title and description",
          "failureMessages": [],
          "duration": 128
        },
        {
          "ancestorTitles": [
            "Testimonials Component"
          ],
          "fullName": "Testimonials Component renders all testimonial cards with correct names and roles",
          "status": "passed",
          "title": "renders all testimonial cards with correct names and roles",
          "failureMessages": [],
          "duration": 50
        },
        {
          "ancestorTitles": [
            "Testimonials Component"
          ],
          "fullName": "Testimonials Component renders testimonial quotes correctly",
          "status": "passed",
          "title": "renders testimonial quotes correctly",
          "failureMessages": [],
          "duration": 63
        },
        {
          "ancestorTitles": [
            "Testimonials Component"
          ],
          "fullName": "Testimonials Component renders 5-star ratings for all testimonials",
          "status": "passed",
          "title": "renders 5-star ratings for all testimonials",
          "failureMessages": [],
          "duration": 39
        }
      ],
      "failureMessage": null
    },
    {
      "testFilePath": "D:\\2-Maguru\\maguru\\features\\homepage\\component\\CustomCard.test.tsx",
      "testFileResults": [
        {
          "ancestorTitles": [
            "CustomCard Component"
          ],
          "fullName": "CustomCard Component renders with title and children",
          "status": "passed",
          "title": "renders with title and children",
          "failureMessages": [],
          "duration": 91
        },
        {
          "ancestorTitles": [
            "CustomCard Component"
          ],
          "fullName": "CustomCard Component does not render action button when no onAction provided",
          "status": "passed",
          "title": "does not render action button when no onAction provided",
          "failureMessages": [],
          "duration": 17
        },
        {
          "ancestorTitles": [
            "CustomCard Component"
          ],
          "fullName": "CustomCard Component renders action button with default label when onAction provided",
          "status": "passed",
          "title": "renders action button with default label when onAction provided",
          "failureMessages": [],
          "duration": 13
        },
        {
          "ancestorTitles": [
            "CustomCard Component"
          ],
          "fullName": "CustomCard Component renders action button with custom label when provided",
          "status": "passed",
          "title": "renders action button with custom label when provided",
          "failureMessages": [],
          "duration": 8
        },
        {
          "ancestorTitles": [
            "CustomCard Component"
          ],
          "fullName": "CustomCard Component calls onAction when action button is clicked",
          "status": "passed",
          "title": "calls onAction when action button is clicked",
          "failureMessages": [],
          "duration": 19
        }
      ],
      "failureMessage": null
    },
    {
      "testFilePath": "D:\\2-Maguru\\maguru\\app\\sign-up\\[[...sign-up]]\\page.test.tsx",
      "testFileResults": [
        {
          "ancestorTitles": [
            "Halaman SignUp"
          ],
          "fullName": "Halaman SignUp menampilkan wrapper glass panel dan komponen SignUp Clerk",
          "status": "passed",
          "title": "menampilkan wrapper glass panel dan komponen SignUp Clerk",
          "failureMessages": [],
          "duration": 231
        }
      ],
      "failureMessage": null
    },
    {
      "testFilePath": "D:\\2-Maguru\\maguru\\features\\homepage\\component\\features.test.tsx",
      "testFileResults": [
        {
          "ancestorTitles": [
            "Features Component"
          ],
          "fullName": "Features Component renders section title and description",
          "status": "passed",
          "title": "renders section title and description",
          "failureMessages": [],
          "duration": 142
        },
        {
          "ancestorTitles": [
            "Features Component"
          ],
          "fullName": "Features Component renders all feature cards with correct titles",
          "status": "passed",
          "title": "renders all feature cards with correct titles",
          "failureMessages": [],
          "duration": 48
        },
        {
          "ancestorTitles": [
            "Features Component"
          ],
          "fullName": "Features Component renders feature descriptions correctly",
          "status": "passed",
          "title": "renders feature descriptions correctly",
          "failureMessages": [],
          "duration": 49
        }
      ],
      "failureMessage": null
    },
    {
      "testFilePath": "D:\\2-Maguru\\maguru\\features\\homepage\\component\\Courses.test.tsx",
      "testFileResults": [
        {
          "ancestorTitles": [
            "Courses Component"
          ],
          "fullName": "Courses Component renders section title and description",
          "status": "passed",
          "title": "renders section title and description",
          "failureMessages": [],
          "duration": 209
        },
        {
          "ancestorTitles": [
            "Courses Component"
          ],
          "fullName": "Courses Component renders course cards with correct information",
          "status": "passed",
          "title": "renders course cards with correct information",
          "failureMessages": [],
          "duration": 134
        },
        {
          "ancestorTitles": [
            "Courses Component"
          ],
          "fullName": "Courses Component renders course ratings and statistics",
          "status": "passed",
          "title": "renders course ratings and statistics",
          "failureMessages": [],
          "duration": 63
        },
        {
          "ancestorTitles": [
            "Courses Component"
          ],
          "fullName": "Courses Component renders course level badges",
          "status": "passed",
          "title": "renders course level badges",
          "failureMessages": [],
          "duration": 55
        },
        {
          "ancestorTitles": [
            "Courses Component"
          ],
          "fullName": "Courses Component renders pricing information",
          "status": "passed",
          "title": "renders pricing information",
          "failureMessages": [],
          "duration": 101
        },
        {
          "ancestorTitles": [
            "Courses Component"
          ],
          "fullName": "Courses Component renders view all button",
          "status": "passed",
          "title": "renders view all button",
          "failureMessages": [],
          "duration": 60
        }
      ],
      "failureMessage": null
    },
    {
      "testFilePath": "D:\\2-Maguru\\maguru\\app\\sign-in\\[[...sign-in]]\\page.test.tsx",
      "testFileResults": [
        {
          "ancestorTitles": [
            "Halaman SignIn"
          ],
          "fullName": "Halaman SignIn menampilkan wrapper glass panel dan komponen SignIn Clerk",
          "status": "passed",
          "title": "menampilkan wrapper glass panel dan komponen SignIn Clerk",
          "failureMessages": [],
          "duration": 270
        }
      ],
      "failureMessage": null
    },
    {
      "testFilePath": "D:\\2-Maguru\\maguru\\features\\homepage\\component\\Hero.test.tsx",
      "testFileResults": [
        {
          "ancestorTitles": [
            "Hero Component"
          ],
          "fullName": "Hero Component renders headline and main call-to-action",
          "status": "passed",
          "title": "renders headline and main call-to-action",
          "failureMessages": [],
          "duration": 174
        },
        {
          "ancestorTitles": [
            "Hero Component"
          ],
          "fullName": "Hero Component renders social proof elements",
          "status": "passed",
          "title": "renders social proof elements",
          "failureMessages": [],
          "duration": 43
        },
        {
          "ancestorTitles": [
            "Hero Component"
          ],
          "fullName": "Hero Component renders interactive learning section",
          "status": "passed",
          "title": "renders interactive learning section",
          "failureMessages": [],
          "duration": 25
        },
        {
          "ancestorTitles": [
            "Hero Component"
          ],
          "fullName": "Hero Component renders floating information cards",
          "status": "passed",
          "title": "renders floating information cards",
          "failureMessages": [],
          "duration": 24
        }
      ],
      "failureMessage": null
    },
    {
      "testFilePath": "D:\\2-Maguru\\maguru\\features\\homepage\\component\\Footer.test.tsx",
      "testFileResults": [
        {
          "ancestorTitles": [
            "Footer Component"
          ],
          "fullName": "Footer Component renders brand info",
          "status": "passed",
          "title": "renders brand info",
          "failureMessages": [],
          "duration": 154
        },
        {
          "ancestorTitles": [
            "Footer Component"
          ],
          "fullName": "Footer Component renders contact information",
          "status": "passed",
          "title": "renders contact information",
          "failureMessages": [],
          "duration": 38
        },
        {
          "ancestorTitles": [
            "Footer Component"
          ],
          "fullName": "Footer Component renders course links section",
          "status": "passed",
          "title": "renders course links section",
          "failureMessages": [],
          "duration": 66
        },
        {
          "ancestorTitles": [
            "Footer Component"
          ],
          "fullName": "Footer Component renders company links section",
          "status": "passed",
          "title": "renders company links section",
          "failureMessages": [],
          "duration": 38
        },
        {
          "ancestorTitles": [
            "Footer Component"
          ],
          "fullName": "Footer Component renders support links section",
          "status": "passed",
          "title": "renders support links section",
          "failureMessages": [],
          "duration": 40
        },
        {
          "ancestorTitles": [
            "Footer Component"
          ],
          "fullName": "Footer Component renders copyright and social links",
          "status": "passed",
          "title": "renders copyright and social links",
          "failureMessages": [],
          "duration": 36
        }
      ],
      "failureMessage": null
    },
    {
      "testFilePath": "D:\\2-Maguru\\maguru\\features\\homepage\\component\\Navbar.test.tsx",
      "testFileResults": [
        {
          "ancestorTitles": [
            "Navbar Component"
          ],
          "fullName": "Navbar Component renders logo and brand name",
          "status": "passed",
          "title": "renders logo and brand name",
          "failureMessages": [],
          "duration": 149
        },
        {
          "ancestorTitles": [
            "Navbar Component"
          ],
          "fullName": "Navbar Component renders desktop menu items",
          "status": "passed",
          "title": "renders desktop menu items",
          "failureMessages": [],
          "duration": 24
        },
        {
          "ancestorTitles": [
            "Navbar Component"
          ],
          "fullName": "Navbar Component renders desktop CTA buttons as links",
          "status": "passed",
          "title": "renders desktop CTA buttons as links",
          "failureMessages": [],
          "duration": 26
        },
        {
          "ancestorTitles": [
            "Navbar Component"
          ],
          "fullName": "Navbar Component toggles mobile menu and links close menu on click",
          "status": "passed",
          "title": "toggles mobile menu and links close menu on click",
          "failureMessages": [],
          "duration": 126
        }
      ],
      "failureMessage": null
    },
    {
      "testFilePath": "D:\\2-Maguru\\maguru\\app\\dashboard\\page.test.tsx",
      "testFileResults": [
        {
          "ancestorTitles": [
            "Dashboard Page"
          ],
          "fullName": "Dashboard Page menampilkan halaman dashboard dengan informasi user",
          "status": "passed",
          "title": "menampilkan halaman dashboard dengan informasi user",
          "failureMessages": [],
          "duration": 102
        }
      ],
      "failureMessage": null
    }
  ]
}